        -:    0:Source:/home/dcy/ENG/ENG2025/src/usb-camera/src/main.cpp
        -:    0:Graph:/home/dcy/ENG/ENG2025/src/usb-camera/cmake-build-debug-/CMakeFiles/usb_camera.dir/src/main.cpp.gcno
        -:    0:Data:/home/dcy/ENG/ENG2025/src/usb-camera/cmake-build-debug-/CMakeFiles/usb_camera.dir/src/main.cpp.gcda
        -:    0:Runs:1
        -:    1://
        -:    2:// Created by dcy on 24-12-26.
        -:    3://
        -:    4:#include <rclcpp/rclcpp.hpp>
        -:    5:#include "usb_camera.h"
function main called 1 returned 100% blocks executed 53%
        1:    6:int main(int argc, char **argv)
        -:    7:{
        1:    8:    rclcpp::init(argc,argv);
        1:    8-block  0
call    0 returned 1
call    1 returned 1
call    2 returned 1
branch  3 taken 1 (fallthrough)
branch  4 taken 0 (throw)
        1:    8-block  1
call    5 returned 1
    $$$$$:    8-block  2
call    6 never executed
    $$$$$:    8-block  3
call    7 never executed
        1:    9:    rclcpp::spin(std::make_shared<usb_camera>());
call    0 returned 1
call    1 returned 1
call    2 returned 1
branch  3 taken 1 (fallthrough)
branch  4 taken 0 (throw)
        1:    9-block  0
call    5 returned 1
call    6 returned 1
    $$$$$:    9-block  1
call    7 never executed
    $$$$$:    9-block  2
    $$$$$:    9-block  3
call    8 never executed
    $$$$$:    9-block  4
call    9 never executed
        1:   10:    rclcpp::shutdown();
call    0 returned 1
call    1 returned 1
branch  2 taken 1 (fallthrough)
branch  3 taken 0 (throw)
        1:   10-block  0
call    4 returned 1
call    5 returned 1
branch  6 taken 1 (fallthrough)
branch  7 taken 0 (throw)
        1:   10-block  1
call    8 returned 1
call    9 returned 1
call   10 returned 1
    $$$$$:   10-block  2
call   11 never executed
    $$$$$:   10-block  3
    $$$$$:   10-block  4
call   12 never executed
    $$$$$:   10-block  5
    $$$$$:   10-block  6
call   13 never executed
        1:   11:}
        1:   11-block  0
