        -:    0:Source:/usr/include/c++/11/bits/allocated_ptr.h
        -:    0:Graph:/home/dcy/ENG/ENG2025/src/usb-camera/cmake-build-debug-/CMakeFiles/usb_camera.dir/src/usb_camera.cpp.gcno
        -:    0:Data:/home/dcy/ENG/ENG2025/src/usb-camera/cmake-build-debug-/CMakeFiles/usb_camera.dir/src/usb_camera.cpp.gcda
        -:    0:Runs:1
        -:    1:// Guarded Allocation -*- C++ -*-
        -:    2:
        -:    3:// Copyright (C) 2014-2021 Free Software Foundation, Inc.
        -:    4://
        -:    5:// This file is part of the GNU ISO C++ Library.  This library is free
        -:    6:// software; you can redistribute it and/or modify it under the
        -:    7:// terms of the GNU General Public License as published by the
        -:    8:// Free Software Foundation; either version 3, or (at your option)
        -:    9:// any later version.
        -:   10:
        -:   11:// This library is distributed in the hope that it will be useful,
        -:   12:// but WITHOUT ANY WARRANTY; without even the implied warranty of
        -:   13:// MERCHANTABILITY or FITNESS FOR A PARTICULAR PURPOSE.  See the
        -:   14:// GNU General Public License for more details.
        -:   15:
        -:   16:// Under Section 7 of GPL version 3, you are granted additional
        -:   17:// permissions described in the GCC Runtime Library Exception, version
        -:   18:// 3.1, as published by the Free Software Foundation.
        -:   19:
        -:   20:// You should have received a copy of the GNU General Public License and
        -:   21:// a copy of the GCC Runtime Library Exception along with this program;
        -:   22:// see the files COPYING3 and COPYING.RUNTIME respectively.  If not, see
        -:   23:// <http://www.gnu.org/licenses/>.
        -:   24:
        -:   25:/** @file bits/allocated_ptr.h
        -:   26: *  This is an internal header file, included by other library headers.
        -:   27: *  Do not attempt to use it directly. @headername{memory}
        -:   28: */
        -:   29:
        -:   30:#ifndef _ALLOCATED_PTR_H
        -:   31:#define _ALLOCATED_PTR_H 1
        -:   32:
        -:   33:#if __cplusplus < 201103L
        -:   34:# include <bits/c++0xwarning.h>
        -:   35:#else
        -:   36:# include <type_traits>
        -:   37:# include <bits/ptr_traits.h>
        -:   38:# include <bits/alloc_traits.h>
        -:   39:
        -:   40:namespace std _GLIBCXX_VISIBILITY(default)
        -:   41:{
        -:   42:_GLIBCXX_BEGIN_NAMESPACE_VERSION
        -:   43:/// @cond undocumented
        -:   44:
        -:   45:  /// Non-standard RAII type for managing pointers obtained from allocators.
        -:   46:  template<typename _Alloc>
        -:   47:    struct __allocated_ptr
        -:   48:    {
        -:   49:      using pointer = typename allocator_traits<_Alloc>::pointer;
        -:   50:      using value_type = typename allocator_traits<_Alloc>::value_type;
        -:   51:
        -:   52:      /// Take ownership of __ptr
      20*:   53:      __allocated_ptr(_Alloc& __a, pointer __ptr) noexcept
      20*:   54:      : _M_alloc(std::__addressof(__a)), _M_ptr(__ptr)
      20*:   55:      { }
------------------
_ZNSt15__allocated_ptrISaISt23_Sp_counted_ptr_inplaceIN6rclcpp15QOSEventHandlerISt8functionIFvR28rmw_liveliness_lost_status_sEESt10shared_ptrI15rcl_publisher_sEEESaISB_ELN9__gnu_cxx12_Lock_policyE2EEEEC2ERSG_PSF_:
function _ZNSt15__allocated_ptrISaISt23_Sp_counted_ptr_inplaceIN6rclcpp15QOSEventHandlerISt8functionIFvR28rmw_liveliness_lost_status_sEESt10shared_ptrI15rcl_publisher_sEEESaISB_ELN9__gnu_cxx12_Lock_policyE2EEEEC2ERSG_PSF_ called 0 returned 0% blocks executed 0%
    #####:   53:      __allocated_ptr(_Alloc& __a, pointer __ptr) noexcept
    #####:   54:      : _M_alloc(std::__addressof(__a)), _M_ptr(__ptr)
    %%%%%:   54-block  0
call    0 never executed
    #####:   55:      { }
------------------
_ZNSt15__allocated_ptrISaISt23_Sp_counted_ptr_inplaceIN6rclcpp9WallTimerISt5_BindIFM10usb_cameraFvvEPS4_EELPv0EEESaISB_ELN9__gnu_cxx12_Lock_policyE2EEEEC2ERSG_PSF_:
function _ZNSt15__allocated_ptrISaISt23_Sp_counted_ptr_inplaceIN6rclcpp9WallTimerISt5_BindIFM10usb_cameraFvvEPS4_EELPv0EEESaISB_ELN9__gnu_cxx12_Lock_policyE2EEEEC2ERSG_PSF_ called 2 returned 100% blocks executed 100%
        2:   53:      __allocated_ptr(_Alloc& __a, pointer __ptr) noexcept
        2:   54:      : _M_alloc(std::__addressof(__a)), _M_ptr(__ptr)
        2:   54-block  0
call    0 returned 2
        2:   55:      { }
------------------
_ZNSt15__allocated_ptrISaISt23_Sp_counted_ptr_inplaceIN11sensor_msgs3msg11CameraInfo_ISaIvEEESaIS5_ELN9__gnu_cxx12_Lock_policyE2EEEEC2ERSA_PS9_:
function _ZNSt15__allocated_ptrISaISt23_Sp_counted_ptr_inplaceIN11sensor_msgs3msg11CameraInfo_ISaIvEEESaIS5_ELN9__gnu_cxx12_Lock_policyE2EEEEC2ERSA_PS9_ called 0 returned 0% blocks executed 0%
    #####:   53:      __allocated_ptr(_Alloc& __a, pointer __ptr) noexcept
    #####:   54:      : _M_alloc(std::__addressof(__a)), _M_ptr(__ptr)
    %%%%%:   54-block  0
call    0 never executed
    #####:   55:      { }
------------------
_ZNSt15__allocated_ptrISaISt23_Sp_counted_ptr_inplaceIN6rclcpp9PublisherIN11sensor_msgs3msg6Image_ISaIvEEES6_EESaIS8_ELN9__gnu_cxx12_Lock_policyE2EEEEC2ERSD_PSC_:
function _ZNSt15__allocated_ptrISaISt23_Sp_counted_ptr_inplaceIN6rclcpp9PublisherIN11sensor_msgs3msg6Image_ISaIvEEES6_EESaIS8_ELN9__gnu_cxx12_Lock_policyE2EEEEC2ERSD_PSC_ called 2 returned 100% blocks executed 100%
        2:   53:      __allocated_ptr(_Alloc& __a, pointer __ptr) noexcept
        2:   54:      : _M_alloc(std::__addressof(__a)), _M_ptr(__ptr)
        2:   54-block  0
call    0 returned 2
        2:   55:      { }
------------------
_ZNSt15__allocated_ptrISaISt23_Sp_counted_ptr_inplaceIN6rclcpp9PublisherIN11sensor_msgs3msg11CameraInfo_ISaIvEEES6_EESaIS8_ELN9__gnu_cxx12_Lock_policyE2EEEEC2ERSD_PSC_:
function _ZNSt15__allocated_ptrISaISt23_Sp_counted_ptr_inplaceIN6rclcpp9PublisherIN11sensor_msgs3msg11CameraInfo_ISaIvEEES6_EESaIS8_ELN9__gnu_cxx12_Lock_policyE2EEEEC2ERSD_PSC_ called 2 returned 100% blocks executed 100%
        2:   53:      __allocated_ptr(_Alloc& __a, pointer __ptr) noexcept
        2:   54:      : _M_alloc(std::__addressof(__a)), _M_ptr(__ptr)
        2:   54-block  0
call    0 returned 2
        2:   55:      { }
------------------
_ZNSt15__allocated_ptrISaISt19_Sp_counted_deleterIPN6rclcpp12experimental19IntraProcessManagerEZNS1_7Context15get_sub_contextIS3_JEEESt10shared_ptrIT_EDpOT0_EUlS4_E_SaIvELN9__gnu_cxx12_Lock_policyE2EEEEC2ERSI_PSH_:
function _ZNSt15__allocated_ptrISaISt19_Sp_counted_deleterIPN6rclcpp12experimental19IntraProcessManagerEZNS1_7Context15get_sub_contextIS3_JEEESt10shared_ptrIT_EDpOT0_EUlS4_E_SaIvELN9__gnu_cxx12_Lock_policyE2EEEEC2ERSI_PSH_ called 0 returned 0% blocks executed 0%
    #####:   53:      __allocated_ptr(_Alloc& __a, pointer __ptr) noexcept
    #####:   54:      : _M_alloc(std::__addressof(__a)), _M_ptr(__ptr)
    %%%%%:   54-block  0
call    0 never executed
    #####:   55:      { }
------------------
_ZNSt15__allocated_ptrISaISt23_Sp_counted_ptr_inplaceIN6rclcpp5ClockESaIS2_ELN9__gnu_cxx12_Lock_policyE2EEEEC2ERS7_PS6_:
function _ZNSt15__allocated_ptrISaISt23_Sp_counted_ptr_inplaceIN6rclcpp5ClockESaIS2_ELN9__gnu_cxx12_Lock_policyE2EEEEC2ERS7_PS6_ called 2 returned 100% blocks executed 100%
        2:   53:      __allocated_ptr(_Alloc& __a, pointer __ptr) noexcept
        2:   54:      : _M_alloc(std::__addressof(__a)), _M_ptr(__ptr)
        2:   54-block  0
call    0 returned 2
        2:   55:      { }
------------------
_ZNSt15__allocated_ptrISaISt23_Sp_counted_ptr_inplaceISaIvESaIS1_ELN9__gnu_cxx12_Lock_policyE2EEEEC2ERS6_PS5_:
function _ZNSt15__allocated_ptrISaISt23_Sp_counted_ptr_inplaceISaIvESaIS1_ELN9__gnu_cxx12_Lock_policyE2EEEEC2ERS6_PS5_ called 4 returned 100% blocks executed 100%
        4:   53:      __allocated_ptr(_Alloc& __a, pointer __ptr) noexcept
        4:   54:      : _M_alloc(std::__addressof(__a)), _M_ptr(__ptr)
        4:   54-block  0
call    0 returned 4
        4:   55:      { }
------------------
_ZNSt15__allocated_ptrISaISt23_Sp_counted_ptr_inplaceIN6rclcpp15QOSEventHandlerISt8functionIFvR36rmw_offered_deadline_missed_status_sEESt10shared_ptrI15rcl_publisher_sEEESaISB_ELN9__gnu_cxx12_Lock_policyE2EEEEC2ERSG_PSF_:
function _ZNSt15__allocated_ptrISaISt23_Sp_counted_ptr_inplaceIN6rclcpp15QOSEventHandlerISt8functionIFvR36rmw_offered_deadline_missed_status_sEESt10shared_ptrI15rcl_publisher_sEEESaISB_ELN9__gnu_cxx12_Lock_policyE2EEEEC2ERSG_PSF_ called 0 returned 0% blocks executed 0%
    #####:   53:      __allocated_ptr(_Alloc& __a, pointer __ptr) noexcept
    #####:   54:      : _M_alloc(std::__addressof(__a)), _M_ptr(__ptr)
    %%%%%:   54-block  0
call    0 never executed
    #####:   55:      { }
------------------
_ZNSt15__allocated_ptrISaISt23_Sp_counted_ptr_inplaceI36rmw_offered_deadline_missed_status_sSaIS1_ELN9__gnu_cxx12_Lock_policyE2EEEEC2ERS6_PS5_:
function _ZNSt15__allocated_ptrISaISt23_Sp_counted_ptr_inplaceI36rmw_offered_deadline_missed_status_sSaIS1_ELN9__gnu_cxx12_Lock_policyE2EEEEC2ERS6_PS5_ called 0 returned 0% blocks executed 0%
    #####:   53:      __allocated_ptr(_Alloc& __a, pointer __ptr) noexcept
    #####:   54:      : _M_alloc(std::__addressof(__a)), _M_ptr(__ptr)
    %%%%%:   54-block  0
call    0 never executed
    #####:   55:      { }
------------------
_ZNSt15__allocated_ptrISaISt23_Sp_counted_ptr_inplaceIN6rclcpp15QOSEventHandlerISt8functionIFvR35rmw_qos_incompatible_event_status_sEESt10shared_ptrI15rcl_publisher_sEEESaISB_ELN9__gnu_cxx12_Lock_policyE2EEEEC2ERSG_PSF_:
function _ZNSt15__allocated_ptrISaISt23_Sp_counted_ptr_inplaceIN6rclcpp15QOSEventHandlerISt8functionIFvR35rmw_qos_incompatible_event_status_sEESt10shared_ptrI15rcl_publisher_sEEESaISB_ELN9__gnu_cxx12_Lock_policyE2EEEEC2ERSG_PSF_ called 0 returned 0% blocks executed 0%
    #####:   53:      __allocated_ptr(_Alloc& __a, pointer __ptr) noexcept
    #####:   54:      : _M_alloc(std::__addressof(__a)), _M_ptr(__ptr)
    %%%%%:   54-block  0
call    0 never executed
    #####:   55:      { }
------------------
_ZNSt15__allocated_ptrISaISt23_Sp_counted_ptr_inplaceIN6rclcpp15QOSEventHandlerIZNS1_9PublisherIN11sensor_msgs3msg6Image_ISaIvEEES7_EC4EPNS1_15node_interfaces17NodeBaseInterfaceERKNSt7__cxx1112basic_stringIcSt11char_traitsIcESaIcEEERKNS1_3QoSERKNS1_29PublisherOptionsWithAllocatorIS7_EEEUlR35rmw_qos_incompatible_event_status_sE_St10shared_ptrI15rcl_publisher_sEEESaISY_ELN9__gnu_cxx12_Lock_policyE2EEEEC2ERS13_PS12_:
function _ZNSt15__allocated_ptrISaISt23_Sp_counted_ptr_inplaceIN6rclcpp15QOSEventHandlerIZNS1_9PublisherIN11sensor_msgs3msg6Image_ISaIvEEES7_EC4EPNS1_15node_interfaces17NodeBaseInterfaceERKNSt7__cxx1112basic_stringIcSt11char_traitsIcESaIcEEERKNS1_3QoSERKNS1_29PublisherOptionsWithAllocatorIS7_EEEUlR35rmw_qos_incompatible_event_status_sE_St10shared_ptrI15rcl_publisher_sEEESaISY_ELN9__gnu_cxx12_Lock_policyE2EEEEC2ERS13_PS12_ called 2 returned 100% blocks executed 100%
        2:   53:      __allocated_ptr(_Alloc& __a, pointer __ptr) noexcept
        2:   54:      : _M_alloc(std::__addressof(__a)), _M_ptr(__ptr)
        2:   54-block  0
call    0 returned 2
        2:   55:      { }
------------------
_ZNSt15__allocated_ptrISaISt23_Sp_counted_ptr_inplaceIN6rclcpp15QOSEventHandlerIZNS1_9PublisherIN11sensor_msgs3msg11CameraInfo_ISaIvEEES7_EC4EPNS1_15node_interfaces17NodeBaseInterfaceERKNSt7__cxx1112basic_stringIcSt11char_traitsIcESaIcEEERKNS1_3QoSERKNS1_29PublisherOptionsWithAllocatorIS7_EEEUlR35rmw_qos_incompatible_event_status_sE_St10shared_ptrI15rcl_publisher_sEEESaISY_ELN9__gnu_cxx12_Lock_policyE2EEEEC2ERS13_PS12_:
function _ZNSt15__allocated_ptrISaISt23_Sp_counted_ptr_inplaceIN6rclcpp15QOSEventHandlerIZNS1_9PublisherIN11sensor_msgs3msg11CameraInfo_ISaIvEEES7_EC4EPNS1_15node_interfaces17NodeBaseInterfaceERKNSt7__cxx1112basic_stringIcSt11char_traitsIcESaIcEEERKNS1_3QoSERKNS1_29PublisherOptionsWithAllocatorIS7_EEEUlR35rmw_qos_incompatible_event_status_sE_St10shared_ptrI15rcl_publisher_sEEESaISY_ELN9__gnu_cxx12_Lock_policyE2EEEEC2ERS13_PS12_ called 2 returned 100% blocks executed 100%
        2:   53:      __allocated_ptr(_Alloc& __a, pointer __ptr) noexcept
        2:   54:      : _M_alloc(std::__addressof(__a)), _M_ptr(__ptr)
        2:   54-block  0
call    0 returned 2
        2:   55:      { }
------------------
_ZNSt15__allocated_ptrISaISt23_Sp_counted_ptr_inplaceISaIcESaIS1_ELN9__gnu_cxx12_Lock_policyE2EEEEC2ERS6_PS5_:
function _ZNSt15__allocated_ptrISaISt23_Sp_counted_ptr_inplaceISaIcESaIS1_ELN9__gnu_cxx12_Lock_policyE2EEEEC2ERS6_PS5_ called 4 returned 100% blocks executed 100%
        4:   53:      __allocated_ptr(_Alloc& __a, pointer __ptr) noexcept
        4:   54:      : _M_alloc(std::__addressof(__a)), _M_ptr(__ptr)
        4:   54-block  0
call    0 returned 4
        4:   55:      { }
------------------
_ZNSt15__allocated_ptrISaISt19_Sp_counted_deleterIPN11sensor_msgs3msg11CameraInfo_ISaIvEEESt14default_deleteIS5_ES4_LN9__gnu_cxx12_Lock_policyE2EEEEC2ERSC_PSB_:
function _ZNSt15__allocated_ptrISaISt19_Sp_counted_deleterIPN11sensor_msgs3msg11CameraInfo_ISaIvEEESt14default_deleteIS5_ES4_LN9__gnu_cxx12_Lock_policyE2EEEEC2ERSC_PSB_ called 0 returned 0% blocks executed 0%
    #####:   53:      __allocated_ptr(_Alloc& __a, pointer __ptr) noexcept
    #####:   54:      : _M_alloc(std::__addressof(__a)), _M_ptr(__ptr)
    %%%%%:   54-block  0
call    0 never executed
    #####:   55:      { }
------------------
_ZNSt15__allocated_ptrISaISt23_Sp_counted_ptr_inplaceI35rmw_qos_incompatible_event_status_sSaIS1_ELN9__gnu_cxx12_Lock_policyE2EEEEC2ERS6_PS5_:
function _ZNSt15__allocated_ptrISaISt23_Sp_counted_ptr_inplaceI35rmw_qos_incompatible_event_status_sSaIS1_ELN9__gnu_cxx12_Lock_policyE2EEEEC2ERS6_PS5_ called 0 returned 0% blocks executed 0%
    #####:   53:      __allocated_ptr(_Alloc& __a, pointer __ptr) noexcept
    #####:   54:      : _M_alloc(std::__addressof(__a)), _M_ptr(__ptr)
    %%%%%:   54-block  0
call    0 never executed
    #####:   55:      { }
------------------
_ZNSt15__allocated_ptrISaISt23_Sp_counted_ptr_inplaceI28rmw_liveliness_lost_status_sSaIS1_ELN9__gnu_cxx12_Lock_policyE2EEEEC2ERS6_PS5_:
function _ZNSt15__allocated_ptrISaISt23_Sp_counted_ptr_inplaceI28rmw_liveliness_lost_status_sSaIS1_ELN9__gnu_cxx12_Lock_policyE2EEEEC2ERS6_PS5_ called 0 returned 0% blocks executed 0%
    #####:   53:      __allocated_ptr(_Alloc& __a, pointer __ptr) noexcept
    #####:   54:      : _M_alloc(std::__addressof(__a)), _M_ptr(__ptr)
    %%%%%:   54-block  0
call    0 never executed
    #####:   55:      { }
------------------
        -:   56:
        -:   57:      /// Convert __ptr to allocator's pointer type and take ownership of it
        -:   58:      template<typename _Ptr,
        -:   59:	       typename _Req = _Require<is_same<_Ptr, value_type*>>>
        -:   60:      __allocated_ptr(_Alloc& __a, _Ptr __ptr)
        -:   61:      : _M_alloc(std::__addressof(__a)),
        -:   62:	_M_ptr(pointer_traits<pointer>::pointer_to(*__ptr))
        -:   63:      { }
        -:   64:
        -:   65:      /// Transfer ownership of the owned pointer
        -:   66:      __allocated_ptr(__allocated_ptr&& __gd) noexcept
        -:   67:      : _M_alloc(__gd._M_alloc), _M_ptr(__gd._M_ptr)
        -:   68:      { __gd._M_ptr = nullptr; }
        -:   69:
        -:   70:      /// Deallocate the owned pointer
      20*:   71:      ~__allocated_ptr()
        -:   72:      {
      20*:   73:	if (_M_ptr != nullptr)
      10*:   74:	  std::allocator_traits<_Alloc>::deallocate(*_M_alloc, _M_ptr, 1);
      20*:   75:      }
------------------
_ZNSt15__allocated_ptrISaISt23_Sp_counted_ptr_inplaceIN6rclcpp15QOSEventHandlerISt8functionIFvR28rmw_liveliness_lost_status_sEESt10shared_ptrI15rcl_publisher_sEEESaISB_ELN9__gnu_cxx12_Lock_policyE2EEEED2Ev:
function _ZNSt15__allocated_ptrISaISt23_Sp_counted_ptr_inplaceIN6rclcpp15QOSEventHandlerISt8functionIFvR28rmw_liveliness_lost_status_sEESt10shared_ptrI15rcl_publisher_sEEESaISB_ELN9__gnu_cxx12_Lock_policyE2EEEED2Ev called 0 returned 0% blocks executed 0%
    #####:   71:      ~__allocated_ptr()
        -:   72:      {
    #####:   73:	if (_M_ptr != nullptr)
    %%%%%:   73-block  0
branch  0 never executed
branch  1 never executed
    #####:   74:	  std::allocator_traits<_Alloc>::deallocate(*_M_alloc, _M_ptr, 1);
    %%%%%:   74-block  0
call    0 never executed
    #####:   75:      }
------------------
_ZNSt15__allocated_ptrISaISt23_Sp_counted_ptr_inplaceIN6rclcpp9WallTimerISt5_BindIFM10usb_cameraFvvEPS4_EELPv0EEESaISB_ELN9__gnu_cxx12_Lock_policyE2EEEED2Ev:
function _ZNSt15__allocated_ptrISaISt23_Sp_counted_ptr_inplaceIN6rclcpp9WallTimerISt5_BindIFM10usb_cameraFvvEPS4_EELPv0EEESaISB_ELN9__gnu_cxx12_Lock_policyE2EEEED2Ev called 2 returned 100% blocks executed 100%
        2:   71:      ~__allocated_ptr()
        -:   72:      {
        2:   73:	if (_M_ptr != nullptr)
        2:   73-block  0
branch  0 taken 1 (fallthrough)
branch  1 taken 1
        1:   74:	  std::allocator_traits<_Alloc>::deallocate(*_M_alloc, _M_ptr, 1);
        1:   74-block  0
call    0 returned 1
        2:   75:      }
------------------
_ZNSt15__allocated_ptrISaISt23_Sp_counted_ptr_inplaceIN11sensor_msgs3msg11CameraInfo_ISaIvEEESaIS5_ELN9__gnu_cxx12_Lock_policyE2EEEED2Ev:
function _ZNSt15__allocated_ptrISaISt23_Sp_counted_ptr_inplaceIN11sensor_msgs3msg11CameraInfo_ISaIvEEESaIS5_ELN9__gnu_cxx12_Lock_policyE2EEEED2Ev called 0 returned 0% blocks executed 0%
    #####:   71:      ~__allocated_ptr()
        -:   72:      {
    #####:   73:	if (_M_ptr != nullptr)
    %%%%%:   73-block  0
branch  0 never executed
branch  1 never executed
    #####:   74:	  std::allocator_traits<_Alloc>::deallocate(*_M_alloc, _M_ptr, 1);
    %%%%%:   74-block  0
call    0 never executed
    #####:   75:      }
------------------
_ZNSt15__allocated_ptrISaISt23_Sp_counted_ptr_inplaceIN6rclcpp9PublisherIN11sensor_msgs3msg6Image_ISaIvEEES6_EESaIS8_ELN9__gnu_cxx12_Lock_policyE2EEEED2Ev:
function _ZNSt15__allocated_ptrISaISt23_Sp_counted_ptr_inplaceIN6rclcpp9PublisherIN11sensor_msgs3msg6Image_ISaIvEEES6_EESaIS8_ELN9__gnu_cxx12_Lock_policyE2EEEED2Ev called 2 returned 100% blocks executed 100%
        2:   71:      ~__allocated_ptr()
        -:   72:      {
        2:   73:	if (_M_ptr != nullptr)
        2:   73-block  0
branch  0 taken 1 (fallthrough)
branch  1 taken 1
        1:   74:	  std::allocator_traits<_Alloc>::deallocate(*_M_alloc, _M_ptr, 1);
        1:   74-block  0
call    0 returned 1
        2:   75:      }
------------------
_ZNSt15__allocated_ptrISaISt23_Sp_counted_ptr_inplaceIN6rclcpp9PublisherIN11sensor_msgs3msg11CameraInfo_ISaIvEEES6_EESaIS8_ELN9__gnu_cxx12_Lock_policyE2EEEED2Ev:
function _ZNSt15__allocated_ptrISaISt23_Sp_counted_ptr_inplaceIN6rclcpp9PublisherIN11sensor_msgs3msg11CameraInfo_ISaIvEEES6_EESaIS8_ELN9__gnu_cxx12_Lock_policyE2EEEED2Ev called 2 returned 100% blocks executed 100%
        2:   71:      ~__allocated_ptr()
        -:   72:      {
        2:   73:	if (_M_ptr != nullptr)
        2:   73-block  0
branch  0 taken 1 (fallthrough)
branch  1 taken 1
        1:   74:	  std::allocator_traits<_Alloc>::deallocate(*_M_alloc, _M_ptr, 1);
        1:   74-block  0
call    0 returned 1
        2:   75:      }
------------------
_ZNSt15__allocated_ptrISaISt19_Sp_counted_deleterIPN6rclcpp12experimental19IntraProcessManagerEZNS1_7Context15get_sub_contextIS3_JEEESt10shared_ptrIT_EDpOT0_EUlS4_E_SaIvELN9__gnu_cxx12_Lock_policyE2EEEED2Ev:
function _ZNSt15__allocated_ptrISaISt19_Sp_counted_deleterIPN6rclcpp12experimental19IntraProcessManagerEZNS1_7Context15get_sub_contextIS3_JEEESt10shared_ptrIT_EDpOT0_EUlS4_E_SaIvELN9__gnu_cxx12_Lock_policyE2EEEED2Ev called 0 returned 0% blocks executed 0%
    #####:   71:      ~__allocated_ptr()
        -:   72:      {
    #####:   73:	if (_M_ptr != nullptr)
    %%%%%:   73-block  0
branch  0 never executed
branch  1 never executed
    #####:   74:	  std::allocator_traits<_Alloc>::deallocate(*_M_alloc, _M_ptr, 1);
    %%%%%:   74-block  0
call    0 never executed
    #####:   75:      }
------------------
_ZNSt15__allocated_ptrISaISt23_Sp_counted_ptr_inplaceIN6rclcpp5ClockESaIS2_ELN9__gnu_cxx12_Lock_policyE2EEEED2Ev:
function _ZNSt15__allocated_ptrISaISt23_Sp_counted_ptr_inplaceIN6rclcpp5ClockESaIS2_ELN9__gnu_cxx12_Lock_policyE2EEEED2Ev called 2 returned 100% blocks executed 100%
        2:   71:      ~__allocated_ptr()
        -:   72:      {
        2:   73:	if (_M_ptr != nullptr)
        2:   73-block  0
branch  0 taken 1 (fallthrough)
branch  1 taken 1
        1:   74:	  std::allocator_traits<_Alloc>::deallocate(*_M_alloc, _M_ptr, 1);
        1:   74-block  0
call    0 returned 1
        2:   75:      }
------------------
_ZNSt15__allocated_ptrISaISt23_Sp_counted_ptr_inplaceISaIvESaIS1_ELN9__gnu_cxx12_Lock_policyE2EEEED2Ev:
function _ZNSt15__allocated_ptrISaISt23_Sp_counted_ptr_inplaceISaIvESaIS1_ELN9__gnu_cxx12_Lock_policyE2EEEED2Ev called 4 returned 100% blocks executed 100%
        4:   71:      ~__allocated_ptr()
        -:   72:      {
        4:   73:	if (_M_ptr != nullptr)
        4:   73-block  0
branch  0 taken 2 (fallthrough)
branch  1 taken 2
        2:   74:	  std::allocator_traits<_Alloc>::deallocate(*_M_alloc, _M_ptr, 1);
        2:   74-block  0
call    0 returned 2
        4:   75:      }
------------------
_ZNSt15__allocated_ptrISaISt23_Sp_counted_ptr_inplaceIN6rclcpp15QOSEventHandlerISt8functionIFvR36rmw_offered_deadline_missed_status_sEESt10shared_ptrI15rcl_publisher_sEEESaISB_ELN9__gnu_cxx12_Lock_policyE2EEEED2Ev:
function _ZNSt15__allocated_ptrISaISt23_Sp_counted_ptr_inplaceIN6rclcpp15QOSEventHandlerISt8functionIFvR36rmw_offered_deadline_missed_status_sEESt10shared_ptrI15rcl_publisher_sEEESaISB_ELN9__gnu_cxx12_Lock_policyE2EEEED2Ev called 0 returned 0% blocks executed 0%
    #####:   71:      ~__allocated_ptr()
        -:   72:      {
    #####:   73:	if (_M_ptr != nullptr)
    %%%%%:   73-block  0
branch  0 never executed
branch  1 never executed
    #####:   74:	  std::allocator_traits<_Alloc>::deallocate(*_M_alloc, _M_ptr, 1);
    %%%%%:   74-block  0
call    0 never executed
    #####:   75:      }
------------------
_ZNSt15__allocated_ptrISaISt23_Sp_counted_ptr_inplaceI36rmw_offered_deadline_missed_status_sSaIS1_ELN9__gnu_cxx12_Lock_policyE2EEEED2Ev:
function _ZNSt15__allocated_ptrISaISt23_Sp_counted_ptr_inplaceI36rmw_offered_deadline_missed_status_sSaIS1_ELN9__gnu_cxx12_Lock_policyE2EEEED2Ev called 0 returned 0% blocks executed 0%
    #####:   71:      ~__allocated_ptr()
        -:   72:      {
    #####:   73:	if (_M_ptr != nullptr)
    %%%%%:   73-block  0
branch  0 never executed
branch  1 never executed
    #####:   74:	  std::allocator_traits<_Alloc>::deallocate(*_M_alloc, _M_ptr, 1);
    %%%%%:   74-block  0
call    0 never executed
    #####:   75:      }
------------------
_ZNSt15__allocated_ptrISaISt23_Sp_counted_ptr_inplaceIN6rclcpp15QOSEventHandlerISt8functionIFvR35rmw_qos_incompatible_event_status_sEESt10shared_ptrI15rcl_publisher_sEEESaISB_ELN9__gnu_cxx12_Lock_policyE2EEEED2Ev:
function _ZNSt15__allocated_ptrISaISt23_Sp_counted_ptr_inplaceIN6rclcpp15QOSEventHandlerISt8functionIFvR35rmw_qos_incompatible_event_status_sEESt10shared_ptrI15rcl_publisher_sEEESaISB_ELN9__gnu_cxx12_Lock_policyE2EEEED2Ev called 0 returned 0% blocks executed 0%
    #####:   71:      ~__allocated_ptr()
        -:   72:      {
    #####:   73:	if (_M_ptr != nullptr)
    %%%%%:   73-block  0
branch  0 never executed
branch  1 never executed
    #####:   74:	  std::allocator_traits<_Alloc>::deallocate(*_M_alloc, _M_ptr, 1);
    %%%%%:   74-block  0
call    0 never executed
    #####:   75:      }
------------------
_ZNSt15__allocated_ptrISaISt23_Sp_counted_ptr_inplaceIN6rclcpp15QOSEventHandlerIZNS1_9PublisherIN11sensor_msgs3msg6Image_ISaIvEEES7_EC4EPNS1_15node_interfaces17NodeBaseInterfaceERKNSt7__cxx1112basic_stringIcSt11char_traitsIcESaIcEEERKNS1_3QoSERKNS1_29PublisherOptionsWithAllocatorIS7_EEEUlR35rmw_qos_incompatible_event_status_sE_St10shared_ptrI15rcl_publisher_sEEESaISY_ELN9__gnu_cxx12_Lock_policyE2EEEED2Ev:
function _ZNSt15__allocated_ptrISaISt23_Sp_counted_ptr_inplaceIN6rclcpp15QOSEventHandlerIZNS1_9PublisherIN11sensor_msgs3msg6Image_ISaIvEEES7_EC4EPNS1_15node_interfaces17NodeBaseInterfaceERKNSt7__cxx1112basic_stringIcSt11char_traitsIcESaIcEEERKNS1_3QoSERKNS1_29PublisherOptionsWithAllocatorIS7_EEEUlR35rmw_qos_incompatible_event_status_sE_St10shared_ptrI15rcl_publisher_sEEESaISY_ELN9__gnu_cxx12_Lock_policyE2EEEED2Ev called 2 returned 100% blocks executed 100%
        2:   71:      ~__allocated_ptr()
        -:   72:      {
        2:   73:	if (_M_ptr != nullptr)
        2:   73-block  0
branch  0 taken 1 (fallthrough)
branch  1 taken 1
        1:   74:	  std::allocator_traits<_Alloc>::deallocate(*_M_alloc, _M_ptr, 1);
        1:   74-block  0
call    0 returned 1
        2:   75:      }
------------------
_ZNSt15__allocated_ptrISaISt23_Sp_counted_ptr_inplaceIN6rclcpp15QOSEventHandlerIZNS1_9PublisherIN11sensor_msgs3msg11CameraInfo_ISaIvEEES7_EC4EPNS1_15node_interfaces17NodeBaseInterfaceERKNSt7__cxx1112basic_stringIcSt11char_traitsIcESaIcEEERKNS1_3QoSERKNS1_29PublisherOptionsWithAllocatorIS7_EEEUlR35rmw_qos_incompatible_event_status_sE_St10shared_ptrI15rcl_publisher_sEEESaISY_ELN9__gnu_cxx12_Lock_policyE2EEEED2Ev:
function _ZNSt15__allocated_ptrISaISt23_Sp_counted_ptr_inplaceIN6rclcpp15QOSEventHandlerIZNS1_9PublisherIN11sensor_msgs3msg11CameraInfo_ISaIvEEES7_EC4EPNS1_15node_interfaces17NodeBaseInterfaceERKNSt7__cxx1112basic_stringIcSt11char_traitsIcESaIcEEERKNS1_3QoSERKNS1_29PublisherOptionsWithAllocatorIS7_EEEUlR35rmw_qos_incompatible_event_status_sE_St10shared_ptrI15rcl_publisher_sEEESaISY_ELN9__gnu_cxx12_Lock_policyE2EEEED2Ev called 2 returned 100% blocks executed 100%
        2:   71:      ~__allocated_ptr()
        -:   72:      {
        2:   73:	if (_M_ptr != nullptr)
        2:   73-block  0
branch  0 taken 1 (fallthrough)
branch  1 taken 1
        1:   74:	  std::allocator_traits<_Alloc>::deallocate(*_M_alloc, _M_ptr, 1);
        1:   74-block  0
call    0 returned 1
        2:   75:      }
------------------
_ZNSt15__allocated_ptrISaISt23_Sp_counted_ptr_inplaceISaIcESaIS1_ELN9__gnu_cxx12_Lock_policyE2EEEED2Ev:
function _ZNSt15__allocated_ptrISaISt23_Sp_counted_ptr_inplaceISaIcESaIS1_ELN9__gnu_cxx12_Lock_policyE2EEEED2Ev called 4 returned 100% blocks executed 100%
        4:   71:      ~__allocated_ptr()
        -:   72:      {
        4:   73:	if (_M_ptr != nullptr)
        4:   73-block  0
branch  0 taken 2 (fallthrough)
branch  1 taken 2
        2:   74:	  std::allocator_traits<_Alloc>::deallocate(*_M_alloc, _M_ptr, 1);
        2:   74-block  0
call    0 returned 2
        4:   75:      }
------------------
_ZNSt15__allocated_ptrISaISt19_Sp_counted_deleterIPN11sensor_msgs3msg11CameraInfo_ISaIvEEESt14default_deleteIS5_ES4_LN9__gnu_cxx12_Lock_policyE2EEEED2Ev:
function _ZNSt15__allocated_ptrISaISt19_Sp_counted_deleterIPN11sensor_msgs3msg11CameraInfo_ISaIvEEESt14default_deleteIS5_ES4_LN9__gnu_cxx12_Lock_policyE2EEEED2Ev called 0 returned 0% blocks executed 0%
    #####:   71:      ~__allocated_ptr()
        -:   72:      {
    #####:   73:	if (_M_ptr != nullptr)
    %%%%%:   73-block  0
branch  0 never executed
branch  1 never executed
    #####:   74:	  std::allocator_traits<_Alloc>::deallocate(*_M_alloc, _M_ptr, 1);
    %%%%%:   74-block  0
call    0 never executed
    #####:   75:      }
------------------
_ZNSt15__allocated_ptrISaISt23_Sp_counted_ptr_inplaceI35rmw_qos_incompatible_event_status_sSaIS1_ELN9__gnu_cxx12_Lock_policyE2EEEED2Ev:
function _ZNSt15__allocated_ptrISaISt23_Sp_counted_ptr_inplaceI35rmw_qos_incompatible_event_status_sSaIS1_ELN9__gnu_cxx12_Lock_policyE2EEEED2Ev called 0 returned 0% blocks executed 0%
    #####:   71:      ~__allocated_ptr()
        -:   72:      {
    #####:   73:	if (_M_ptr != nullptr)
    %%%%%:   73-block  0
branch  0 never executed
branch  1 never executed
    #####:   74:	  std::allocator_traits<_Alloc>::deallocate(*_M_alloc, _M_ptr, 1);
    %%%%%:   74-block  0
call    0 never executed
    #####:   75:      }
------------------
_ZNSt15__allocated_ptrISaISt23_Sp_counted_ptr_inplaceI28rmw_liveliness_lost_status_sSaIS1_ELN9__gnu_cxx12_Lock_policyE2EEEED2Ev:
function _ZNSt15__allocated_ptrISaISt23_Sp_counted_ptr_inplaceI28rmw_liveliness_lost_status_sSaIS1_ELN9__gnu_cxx12_Lock_policyE2EEEED2Ev called 0 returned 0% blocks executed 0%
    #####:   71:      ~__allocated_ptr()
        -:   72:      {
    #####:   73:	if (_M_ptr != nullptr)
    %%%%%:   73-block  0
branch  0 never executed
branch  1 never executed
    #####:   74:	  std::allocator_traits<_Alloc>::deallocate(*_M_alloc, _M_ptr, 1);
    %%%%%:   74-block  0
call    0 never executed
    #####:   75:      }
------------------
        -:   76:
        -:   77:      /// Release ownership of the owned pointer
        -:   78:      __allocated_ptr&
      10*:   79:      operator=(std::nullptr_t) noexcept
        -:   80:      {
      10*:   81:	_M_ptr = nullptr;
      10*:   82:	return *this;
        -:   83:      }
------------------
_ZNSt15__allocated_ptrISaISt23_Sp_counted_ptr_inplaceI36rmw_offered_deadline_missed_status_sSaIS1_ELN9__gnu_cxx12_Lock_policyE2EEEEaSEDn:
function _ZNSt15__allocated_ptrISaISt23_Sp_counted_ptr_inplaceI36rmw_offered_deadline_missed_status_sSaIS1_ELN9__gnu_cxx12_Lock_policyE2EEEEaSEDn called 0 returned 0% blocks executed 0%
    #####:   79:      operator=(std::nullptr_t) noexcept
        -:   80:      {
    #####:   81:	_M_ptr = nullptr;
    #####:   82:	return *this;
    %%%%%:   82-block  0
        -:   83:      }
------------------
_ZNSt15__allocated_ptrISaISt23_Sp_counted_ptr_inplaceI28rmw_liveliness_lost_status_sSaIS1_ELN9__gnu_cxx12_Lock_policyE2EEEEaSEDn:
function _ZNSt15__allocated_ptrISaISt23_Sp_counted_ptr_inplaceI28rmw_liveliness_lost_status_sSaIS1_ELN9__gnu_cxx12_Lock_policyE2EEEEaSEDn called 0 returned 0% blocks executed 0%
    #####:   79:      operator=(std::nullptr_t) noexcept
        -:   80:      {
    #####:   81:	_M_ptr = nullptr;
    #####:   82:	return *this;
    %%%%%:   82-block  0
        -:   83:      }
------------------
_ZNSt15__allocated_ptrISaISt23_Sp_counted_ptr_inplaceI35rmw_qos_incompatible_event_status_sSaIS1_ELN9__gnu_cxx12_Lock_policyE2EEEEaSEDn:
function _ZNSt15__allocated_ptrISaISt23_Sp_counted_ptr_inplaceI35rmw_qos_incompatible_event_status_sSaIS1_ELN9__gnu_cxx12_Lock_policyE2EEEEaSEDn called 0 returned 0% blocks executed 0%
    #####:   79:      operator=(std::nullptr_t) noexcept
        -:   80:      {
    #####:   81:	_M_ptr = nullptr;
    #####:   82:	return *this;
    %%%%%:   82-block  0
        -:   83:      }
------------------
_ZNSt15__allocated_ptrISaISt23_Sp_counted_ptr_inplaceISaIcESaIS1_ELN9__gnu_cxx12_Lock_policyE2EEEEaSEDn:
function _ZNSt15__allocated_ptrISaISt23_Sp_counted_ptr_inplaceISaIcESaIS1_ELN9__gnu_cxx12_Lock_policyE2EEEEaSEDn called 2 returned 100% blocks executed 100%
        2:   79:      operator=(std::nullptr_t) noexcept
        -:   80:      {
        2:   81:	_M_ptr = nullptr;
        2:   82:	return *this;
        2:   82-block  0
        -:   83:      }
------------------
_ZNSt15__allocated_ptrISaISt23_Sp_counted_ptr_inplaceIN6rclcpp15QOSEventHandlerIZNS1_9PublisherIN11sensor_msgs3msg11CameraInfo_ISaIvEEES7_EC4EPNS1_15node_interfaces17NodeBaseInterfaceERKNSt7__cxx1112basic_stringIcSt11char_traitsIcESaIcEEERKNS1_3QoSERKNS1_29PublisherOptionsWithAllocatorIS7_EEEUlR35rmw_qos_incompatible_event_status_sE_St10shared_ptrI15rcl_publisher_sEEESaISY_ELN9__gnu_cxx12_Lock_policyE2EEEEaSEDn:
function _ZNSt15__allocated_ptrISaISt23_Sp_counted_ptr_inplaceIN6rclcpp15QOSEventHandlerIZNS1_9PublisherIN11sensor_msgs3msg11CameraInfo_ISaIvEEES7_EC4EPNS1_15node_interfaces17NodeBaseInterfaceERKNSt7__cxx1112basic_stringIcSt11char_traitsIcESaIcEEERKNS1_3QoSERKNS1_29PublisherOptionsWithAllocatorIS7_EEEUlR35rmw_qos_incompatible_event_status_sE_St10shared_ptrI15rcl_publisher_sEEESaISY_ELN9__gnu_cxx12_Lock_policyE2EEEEaSEDn called 1 returned 100% blocks executed 100%
        1:   79:      operator=(std::nullptr_t) noexcept
        -:   80:      {
        1:   81:	_M_ptr = nullptr;
        1:   82:	return *this;
        1:   82-block  0
        -:   83:      }
------------------
_ZNSt15__allocated_ptrISaISt23_Sp_counted_ptr_inplaceIN6rclcpp15QOSEventHandlerIZNS1_9PublisherIN11sensor_msgs3msg6Image_ISaIvEEES7_EC4EPNS1_15node_interfaces17NodeBaseInterfaceERKNSt7__cxx1112basic_stringIcSt11char_traitsIcESaIcEEERKNS1_3QoSERKNS1_29PublisherOptionsWithAllocatorIS7_EEEUlR35rmw_qos_incompatible_event_status_sE_St10shared_ptrI15rcl_publisher_sEEESaISY_ELN9__gnu_cxx12_Lock_policyE2EEEEaSEDn:
function _ZNSt15__allocated_ptrISaISt23_Sp_counted_ptr_inplaceIN6rclcpp15QOSEventHandlerIZNS1_9PublisherIN11sensor_msgs3msg6Image_ISaIvEEES7_EC4EPNS1_15node_interfaces17NodeBaseInterfaceERKNSt7__cxx1112basic_stringIcSt11char_traitsIcESaIcEEERKNS1_3QoSERKNS1_29PublisherOptionsWithAllocatorIS7_EEEUlR35rmw_qos_incompatible_event_status_sE_St10shared_ptrI15rcl_publisher_sEEESaISY_ELN9__gnu_cxx12_Lock_policyE2EEEEaSEDn called 1 returned 100% blocks executed 100%
        1:   79:      operator=(std::nullptr_t) noexcept
        -:   80:      {
        1:   81:	_M_ptr = nullptr;
        1:   82:	return *this;
        1:   82-block  0
        -:   83:      }
------------------
_ZNSt15__allocated_ptrISaISt23_Sp_counted_ptr_inplaceIN6rclcpp15QOSEventHandlerISt8functionIFvR35rmw_qos_incompatible_event_status_sEESt10shared_ptrI15rcl_publisher_sEEESaISB_ELN9__gnu_cxx12_Lock_policyE2EEEEaSEDn:
function _ZNSt15__allocated_ptrISaISt23_Sp_counted_ptr_inplaceIN6rclcpp15QOSEventHandlerISt8functionIFvR35rmw_qos_incompatible_event_status_sEESt10shared_ptrI15rcl_publisher_sEEESaISB_ELN9__gnu_cxx12_Lock_policyE2EEEEaSEDn called 0 returned 0% blocks executed 0%
    #####:   79:      operator=(std::nullptr_t) noexcept
        -:   80:      {
    #####:   81:	_M_ptr = nullptr;
    #####:   82:	return *this;
    %%%%%:   82-block  0
        -:   83:      }
------------------
_ZNSt15__allocated_ptrISaISt23_Sp_counted_ptr_inplaceIN6rclcpp15QOSEventHandlerISt8functionIFvR28rmw_liveliness_lost_status_sEESt10shared_ptrI15rcl_publisher_sEEESaISB_ELN9__gnu_cxx12_Lock_policyE2EEEEaSEDn:
function _ZNSt15__allocated_ptrISaISt23_Sp_counted_ptr_inplaceIN6rclcpp15QOSEventHandlerISt8functionIFvR28rmw_liveliness_lost_status_sEESt10shared_ptrI15rcl_publisher_sEEESaISB_ELN9__gnu_cxx12_Lock_policyE2EEEEaSEDn called 0 returned 0% blocks executed 0%
    #####:   79:      operator=(std::nullptr_t) noexcept
        -:   80:      {
    #####:   81:	_M_ptr = nullptr;
    #####:   82:	return *this;
    %%%%%:   82-block  0
        -:   83:      }
------------------
_ZNSt15__allocated_ptrISaISt23_Sp_counted_ptr_inplaceIN6rclcpp15QOSEventHandlerISt8functionIFvR36rmw_offered_deadline_missed_status_sEESt10shared_ptrI15rcl_publisher_sEEESaISB_ELN9__gnu_cxx12_Lock_policyE2EEEEaSEDn:
function _ZNSt15__allocated_ptrISaISt23_Sp_counted_ptr_inplaceIN6rclcpp15QOSEventHandlerISt8functionIFvR36rmw_offered_deadline_missed_status_sEESt10shared_ptrI15rcl_publisher_sEEESaISB_ELN9__gnu_cxx12_Lock_policyE2EEEEaSEDn called 0 returned 0% blocks executed 0%
    #####:   79:      operator=(std::nullptr_t) noexcept
        -:   80:      {
    #####:   81:	_M_ptr = nullptr;
    #####:   82:	return *this;
    %%%%%:   82-block  0
        -:   83:      }
------------------
_ZNSt15__allocated_ptrISaISt23_Sp_counted_ptr_inplaceISaIvESaIS1_ELN9__gnu_cxx12_Lock_policyE2EEEEaSEDn:
function _ZNSt15__allocated_ptrISaISt23_Sp_counted_ptr_inplaceISaIvESaIS1_ELN9__gnu_cxx12_Lock_policyE2EEEEaSEDn called 2 returned 100% blocks executed 100%
        2:   79:      operator=(std::nullptr_t) noexcept
        -:   80:      {
        2:   81:	_M_ptr = nullptr;
        2:   82:	return *this;
        2:   82-block  0
        -:   83:      }
------------------
_ZNSt15__allocated_ptrISaISt23_Sp_counted_ptr_inplaceIN6rclcpp5ClockESaIS2_ELN9__gnu_cxx12_Lock_policyE2EEEEaSEDn:
function _ZNSt15__allocated_ptrISaISt23_Sp_counted_ptr_inplaceIN6rclcpp5ClockESaIS2_ELN9__gnu_cxx12_Lock_policyE2EEEEaSEDn called 1 returned 100% blocks executed 100%
        1:   79:      operator=(std::nullptr_t) noexcept
        -:   80:      {
        1:   81:	_M_ptr = nullptr;
        1:   82:	return *this;
        1:   82-block  0
        -:   83:      }
------------------
_ZNSt15__allocated_ptrISaISt19_Sp_counted_deleterIPN6rclcpp12experimental19IntraProcessManagerEZNS1_7Context15get_sub_contextIS3_JEEESt10shared_ptrIT_EDpOT0_EUlS4_E_SaIvELN9__gnu_cxx12_Lock_policyE2EEEEaSEDn:
function _ZNSt15__allocated_ptrISaISt19_Sp_counted_deleterIPN6rclcpp12experimental19IntraProcessManagerEZNS1_7Context15get_sub_contextIS3_JEEESt10shared_ptrIT_EDpOT0_EUlS4_E_SaIvELN9__gnu_cxx12_Lock_policyE2EEEEaSEDn called 0 returned 0% blocks executed 0%
    #####:   79:      operator=(std::nullptr_t) noexcept
        -:   80:      {
    #####:   81:	_M_ptr = nullptr;
    #####:   82:	return *this;
    %%%%%:   82-block  0
        -:   83:      }
------------------
_ZNSt15__allocated_ptrISaISt23_Sp_counted_ptr_inplaceIN6rclcpp9PublisherIN11sensor_msgs3msg11CameraInfo_ISaIvEEES6_EESaIS8_ELN9__gnu_cxx12_Lock_policyE2EEEEaSEDn:
function _ZNSt15__allocated_ptrISaISt23_Sp_counted_ptr_inplaceIN6rclcpp9PublisherIN11sensor_msgs3msg11CameraInfo_ISaIvEEES6_EESaIS8_ELN9__gnu_cxx12_Lock_policyE2EEEEaSEDn called 1 returned 100% blocks executed 100%
        1:   79:      operator=(std::nullptr_t) noexcept
        -:   80:      {
        1:   81:	_M_ptr = nullptr;
        1:   82:	return *this;
        1:   82-block  0
        -:   83:      }
------------------
_ZNSt15__allocated_ptrISaISt23_Sp_counted_ptr_inplaceIN6rclcpp9PublisherIN11sensor_msgs3msg6Image_ISaIvEEES6_EESaIS8_ELN9__gnu_cxx12_Lock_policyE2EEEEaSEDn:
function _ZNSt15__allocated_ptrISaISt23_Sp_counted_ptr_inplaceIN6rclcpp9PublisherIN11sensor_msgs3msg6Image_ISaIvEEES6_EESaIS8_ELN9__gnu_cxx12_Lock_policyE2EEEEaSEDn called 1 returned 100% blocks executed 100%
        1:   79:      operator=(std::nullptr_t) noexcept
        -:   80:      {
        1:   81:	_M_ptr = nullptr;
        1:   82:	return *this;
        1:   82-block  0
        -:   83:      }
------------------
_ZNSt15__allocated_ptrISaISt23_Sp_counted_ptr_inplaceIN11sensor_msgs3msg11CameraInfo_ISaIvEEESaIS5_ELN9__gnu_cxx12_Lock_policyE2EEEEaSEDn:
function _ZNSt15__allocated_ptrISaISt23_Sp_counted_ptr_inplaceIN11sensor_msgs3msg11CameraInfo_ISaIvEEESaIS5_ELN9__gnu_cxx12_Lock_policyE2EEEEaSEDn called 0 returned 0% blocks executed 0%
    #####:   79:      operator=(std::nullptr_t) noexcept
        -:   80:      {
    #####:   81:	_M_ptr = nullptr;
    #####:   82:	return *this;
    %%%%%:   82-block  0
        -:   83:      }
------------------
_ZNSt15__allocated_ptrISaISt23_Sp_counted_ptr_inplaceIN6rclcpp9WallTimerISt5_BindIFM10usb_cameraFvvEPS4_EELPv0EEESaISB_ELN9__gnu_cxx12_Lock_policyE2EEEEaSEDn:
function _ZNSt15__allocated_ptrISaISt23_Sp_counted_ptr_inplaceIN6rclcpp9WallTimerISt5_BindIFM10usb_cameraFvvEPS4_EELPv0EEESaISB_ELN9__gnu_cxx12_Lock_policyE2EEEEaSEDn called 1 returned 100% blocks executed 100%
        1:   79:      operator=(std::nullptr_t) noexcept
        -:   80:      {
        1:   81:	_M_ptr = nullptr;
        1:   82:	return *this;
        1:   82-block  0
        -:   83:      }
------------------
        -:   84:
        -:   85:      /// Get the address that the owned pointer refers to.
      10*:   86:      value_type* get() { return std::__to_address(_M_ptr); }
------------------
_ZNSt15__allocated_ptrISaISt23_Sp_counted_ptr_inplaceI36rmw_offered_deadline_missed_status_sSaIS1_ELN9__gnu_cxx12_Lock_policyE2EEEE3getEv:
function _ZNSt15__allocated_ptrISaISt23_Sp_counted_ptr_inplaceI36rmw_offered_deadline_missed_status_sSaIS1_ELN9__gnu_cxx12_Lock_policyE2EEEE3getEv called 0 returned 0% blocks executed 0%
    #####:   86:      value_type* get() { return std::__to_address(_M_ptr); }
    %%%%%:   86-block  0
call    0 never executed
------------------
_ZNSt15__allocated_ptrISaISt23_Sp_counted_ptr_inplaceI28rmw_liveliness_lost_status_sSaIS1_ELN9__gnu_cxx12_Lock_policyE2EEEE3getEv:
function _ZNSt15__allocated_ptrISaISt23_Sp_counted_ptr_inplaceI28rmw_liveliness_lost_status_sSaIS1_ELN9__gnu_cxx12_Lock_policyE2EEEE3getEv called 0 returned 0% blocks executed 0%
    #####:   86:      value_type* get() { return std::__to_address(_M_ptr); }
    %%%%%:   86-block  0
call    0 never executed
------------------
_ZNSt15__allocated_ptrISaISt23_Sp_counted_ptr_inplaceI35rmw_qos_incompatible_event_status_sSaIS1_ELN9__gnu_cxx12_Lock_policyE2EEEE3getEv:
function _ZNSt15__allocated_ptrISaISt23_Sp_counted_ptr_inplaceI35rmw_qos_incompatible_event_status_sSaIS1_ELN9__gnu_cxx12_Lock_policyE2EEEE3getEv called 0 returned 0% blocks executed 0%
    #####:   86:      value_type* get() { return std::__to_address(_M_ptr); }
    %%%%%:   86-block  0
call    0 never executed
------------------
_ZNSt15__allocated_ptrISaISt23_Sp_counted_ptr_inplaceISaIcESaIS1_ELN9__gnu_cxx12_Lock_policyE2EEEE3getEv:
function _ZNSt15__allocated_ptrISaISt23_Sp_counted_ptr_inplaceISaIcESaIS1_ELN9__gnu_cxx12_Lock_policyE2EEEE3getEv called 2 returned 100% blocks executed 100%
        2:   86:      value_type* get() { return std::__to_address(_M_ptr); }
        2:   86-block  0
call    0 returned 2
------------------
_ZNSt15__allocated_ptrISaISt23_Sp_counted_ptr_inplaceIN6rclcpp15QOSEventHandlerIZNS1_9PublisherIN11sensor_msgs3msg11CameraInfo_ISaIvEEES7_EC4EPNS1_15node_interfaces17NodeBaseInterfaceERKNSt7__cxx1112basic_stringIcSt11char_traitsIcESaIcEEERKNS1_3QoSERKNS1_29PublisherOptionsWithAllocatorIS7_EEEUlR35rmw_qos_incompatible_event_status_sE_St10shared_ptrI15rcl_publisher_sEEESaISY_ELN9__gnu_cxx12_Lock_policyE2EEEE3getEv:
function _ZNSt15__allocated_ptrISaISt23_Sp_counted_ptr_inplaceIN6rclcpp15QOSEventHandlerIZNS1_9PublisherIN11sensor_msgs3msg11CameraInfo_ISaIvEEES7_EC4EPNS1_15node_interfaces17NodeBaseInterfaceERKNSt7__cxx1112basic_stringIcSt11char_traitsIcESaIcEEERKNS1_3QoSERKNS1_29PublisherOptionsWithAllocatorIS7_EEEUlR35rmw_qos_incompatible_event_status_sE_St10shared_ptrI15rcl_publisher_sEEESaISY_ELN9__gnu_cxx12_Lock_policyE2EEEE3getEv called 1 returned 100% blocks executed 100%
        1:   86:      value_type* get() { return std::__to_address(_M_ptr); }
        1:   86-block  0
call    0 returned 1
------------------
_ZNSt15__allocated_ptrISaISt23_Sp_counted_ptr_inplaceIN6rclcpp15QOSEventHandlerIZNS1_9PublisherIN11sensor_msgs3msg6Image_ISaIvEEES7_EC4EPNS1_15node_interfaces17NodeBaseInterfaceERKNSt7__cxx1112basic_stringIcSt11char_traitsIcESaIcEEERKNS1_3QoSERKNS1_29PublisherOptionsWithAllocatorIS7_EEEUlR35rmw_qos_incompatible_event_status_sE_St10shared_ptrI15rcl_publisher_sEEESaISY_ELN9__gnu_cxx12_Lock_policyE2EEEE3getEv:
function _ZNSt15__allocated_ptrISaISt23_Sp_counted_ptr_inplaceIN6rclcpp15QOSEventHandlerIZNS1_9PublisherIN11sensor_msgs3msg6Image_ISaIvEEES7_EC4EPNS1_15node_interfaces17NodeBaseInterfaceERKNSt7__cxx1112basic_stringIcSt11char_traitsIcESaIcEEERKNS1_3QoSERKNS1_29PublisherOptionsWithAllocatorIS7_EEEUlR35rmw_qos_incompatible_event_status_sE_St10shared_ptrI15rcl_publisher_sEEESaISY_ELN9__gnu_cxx12_Lock_policyE2EEEE3getEv called 1 returned 100% blocks executed 100%
        1:   86:      value_type* get() { return std::__to_address(_M_ptr); }
        1:   86-block  0
call    0 returned 1
------------------
_ZNSt15__allocated_ptrISaISt23_Sp_counted_ptr_inplaceIN6rclcpp15QOSEventHandlerISt8functionIFvR35rmw_qos_incompatible_event_status_sEESt10shared_ptrI15rcl_publisher_sEEESaISB_ELN9__gnu_cxx12_Lock_policyE2EEEE3getEv:
function _ZNSt15__allocated_ptrISaISt23_Sp_counted_ptr_inplaceIN6rclcpp15QOSEventHandlerISt8functionIFvR35rmw_qos_incompatible_event_status_sEESt10shared_ptrI15rcl_publisher_sEEESaISB_ELN9__gnu_cxx12_Lock_policyE2EEEE3getEv called 0 returned 0% blocks executed 0%
    #####:   86:      value_type* get() { return std::__to_address(_M_ptr); }
    %%%%%:   86-block  0
call    0 never executed
------------------
_ZNSt15__allocated_ptrISaISt23_Sp_counted_ptr_inplaceIN6rclcpp15QOSEventHandlerISt8functionIFvR28rmw_liveliness_lost_status_sEESt10shared_ptrI15rcl_publisher_sEEESaISB_ELN9__gnu_cxx12_Lock_policyE2EEEE3getEv:
function _ZNSt15__allocated_ptrISaISt23_Sp_counted_ptr_inplaceIN6rclcpp15QOSEventHandlerISt8functionIFvR28rmw_liveliness_lost_status_sEESt10shared_ptrI15rcl_publisher_sEEESaISB_ELN9__gnu_cxx12_Lock_policyE2EEEE3getEv called 0 returned 0% blocks executed 0%
    #####:   86:      value_type* get() { return std::__to_address(_M_ptr); }
    %%%%%:   86-block  0
call    0 never executed
------------------
_ZNSt15__allocated_ptrISaISt23_Sp_counted_ptr_inplaceIN6rclcpp15QOSEventHandlerISt8functionIFvR36rmw_offered_deadline_missed_status_sEESt10shared_ptrI15rcl_publisher_sEEESaISB_ELN9__gnu_cxx12_Lock_policyE2EEEE3getEv:
function _ZNSt15__allocated_ptrISaISt23_Sp_counted_ptr_inplaceIN6rclcpp15QOSEventHandlerISt8functionIFvR36rmw_offered_deadline_missed_status_sEESt10shared_ptrI15rcl_publisher_sEEESaISB_ELN9__gnu_cxx12_Lock_policyE2EEEE3getEv called 0 returned 0% blocks executed 0%
    #####:   86:      value_type* get() { return std::__to_address(_M_ptr); }
    %%%%%:   86-block  0
call    0 never executed
------------------
_ZNSt15__allocated_ptrISaISt23_Sp_counted_ptr_inplaceISaIvESaIS1_ELN9__gnu_cxx12_Lock_policyE2EEEE3getEv:
function _ZNSt15__allocated_ptrISaISt23_Sp_counted_ptr_inplaceISaIvESaIS1_ELN9__gnu_cxx12_Lock_policyE2EEEE3getEv called 2 returned 100% blocks executed 100%
        2:   86:      value_type* get() { return std::__to_address(_M_ptr); }
        2:   86-block  0
call    0 returned 2
------------------
_ZNSt15__allocated_ptrISaISt23_Sp_counted_ptr_inplaceIN6rclcpp5ClockESaIS2_ELN9__gnu_cxx12_Lock_policyE2EEEE3getEv:
function _ZNSt15__allocated_ptrISaISt23_Sp_counted_ptr_inplaceIN6rclcpp5ClockESaIS2_ELN9__gnu_cxx12_Lock_policyE2EEEE3getEv called 1 returned 100% blocks executed 100%
        1:   86:      value_type* get() { return std::__to_address(_M_ptr); }
        1:   86-block  0
call    0 returned 1
------------------
_ZNSt15__allocated_ptrISaISt19_Sp_counted_deleterIPN6rclcpp12experimental19IntraProcessManagerEZNS1_7Context15get_sub_contextIS3_JEEESt10shared_ptrIT_EDpOT0_EUlS4_E_SaIvELN9__gnu_cxx12_Lock_policyE2EEEE3getEv:
function _ZNSt15__allocated_ptrISaISt19_Sp_counted_deleterIPN6rclcpp12experimental19IntraProcessManagerEZNS1_7Context15get_sub_contextIS3_JEEESt10shared_ptrIT_EDpOT0_EUlS4_E_SaIvELN9__gnu_cxx12_Lock_policyE2EEEE3getEv called 0 returned 0% blocks executed 0%
    #####:   86:      value_type* get() { return std::__to_address(_M_ptr); }
    %%%%%:   86-block  0
call    0 never executed
------------------
_ZNSt15__allocated_ptrISaISt23_Sp_counted_ptr_inplaceIN6rclcpp9PublisherIN11sensor_msgs3msg11CameraInfo_ISaIvEEES6_EESaIS8_ELN9__gnu_cxx12_Lock_policyE2EEEE3getEv:
function _ZNSt15__allocated_ptrISaISt23_Sp_counted_ptr_inplaceIN6rclcpp9PublisherIN11sensor_msgs3msg11CameraInfo_ISaIvEEES6_EESaIS8_ELN9__gnu_cxx12_Lock_policyE2EEEE3getEv called 1 returned 100% blocks executed 100%
        1:   86:      value_type* get() { return std::__to_address(_M_ptr); }
        1:   86-block  0
call    0 returned 1
------------------
_ZNSt15__allocated_ptrISaISt23_Sp_counted_ptr_inplaceIN6rclcpp9PublisherIN11sensor_msgs3msg6Image_ISaIvEEES6_EESaIS8_ELN9__gnu_cxx12_Lock_policyE2EEEE3getEv:
function _ZNSt15__allocated_ptrISaISt23_Sp_counted_ptr_inplaceIN6rclcpp9PublisherIN11sensor_msgs3msg6Image_ISaIvEEES6_EESaIS8_ELN9__gnu_cxx12_Lock_policyE2EEEE3getEv called 1 returned 100% blocks executed 100%
        1:   86:      value_type* get() { return std::__to_address(_M_ptr); }
        1:   86-block  0
call    0 returned 1
------------------
_ZNSt15__allocated_ptrISaISt23_Sp_counted_ptr_inplaceIN11sensor_msgs3msg11CameraInfo_ISaIvEEESaIS5_ELN9__gnu_cxx12_Lock_policyE2EEEE3getEv:
function _ZNSt15__allocated_ptrISaISt23_Sp_counted_ptr_inplaceIN11sensor_msgs3msg11CameraInfo_ISaIvEEESaIS5_ELN9__gnu_cxx12_Lock_policyE2EEEE3getEv called 0 returned 0% blocks executed 0%
    #####:   86:      value_type* get() { return std::__to_address(_M_ptr); }
    %%%%%:   86-block  0
call    0 never executed
------------------
_ZNSt15__allocated_ptrISaISt23_Sp_counted_ptr_inplaceIN6rclcpp9WallTimerISt5_BindIFM10usb_cameraFvvEPS4_EELPv0EEESaISB_ELN9__gnu_cxx12_Lock_policyE2EEEE3getEv:
function _ZNSt15__allocated_ptrISaISt23_Sp_counted_ptr_inplaceIN6rclcpp9WallTimerISt5_BindIFM10usb_cameraFvvEPS4_EELPv0EEESaISB_ELN9__gnu_cxx12_Lock_policyE2EEEE3getEv called 1 returned 100% blocks executed 100%
        1:   86:      value_type* get() { return std::__to_address(_M_ptr); }
        1:   86-block  0
call    0 returned 1
------------------
        -:   87:
        -:   88:    private:
        -:   89:      _Alloc* _M_alloc;
        -:   90:      pointer _M_ptr;
        -:   91:    };
        -:   92:
        -:   93:  /// Allocate space for a single object using __a
        -:   94:  template<typename _Alloc>
        -:   95:    __allocated_ptr<_Alloc>
      10*:   96:    __allocate_guarded(_Alloc& __a)
        -:   97:    {
      10*:   98:      return { __a, std::allocator_traits<_Alloc>::allocate(__a, 1) };
        -:   99:    }
        -:  100:
        -:  101:/// @endcond
        -:  102:_GLIBCXX_END_NAMESPACE_VERSION
        -:  103:} // namespace std
        -:  104:
        -:  105:#endif
        -:  106:#endif
