        -:    0:Source:/home/dcy/ENG/ENG2025/src/usb-camera/src/usb_camera.cpp
        -:    0:Graph:/home/dcy/ENG/ENG2025/src/usb-camera/cmake-build-debug-/CMakeFiles/usb_camera.dir/src/usb_camera.cpp.gcno
        -:    0:Data:/home/dcy/ENG/ENG2025/src/usb-camera/cmake-build-debug-/CMakeFiles/usb_camera.dir/src/usb_camera.cpp.gcda
        -:    0:Runs:1
        -:    1://
        -:    2:// Created by dcy on 24-12-26.
        -:    3://
        -:    4:
        -:    5:#include "usb_camera.h"
        -:    6:
function _ZN10usb_cameraC2Ev called 1 returned 100% blocks executed 75%
        1:    7:usb_camera::usb_camera() : usb_camera(rclcpp::NodeOptions()){}
        1:    7-block  0
call    0 returned 1
call    1 returned 1
call    2 returned 1
branch  3 taken 1 (fallthrough)
branch  4 taken 0 (throw)
        1:    7-block  1
call    5 returned 1
    $$$$$:    7-block  2
call    6 never executed
        -:    8:
function _ZN10usb_cameraC2ERKN6rclcpp11NodeOptionsE called 1 returned 100% blocks executed 43%
        1:    9:usb_camera::usb_camera(const rclcpp::NodeOptions& options) : Node("usb_camera", options)
        1:    9-block  0
call    0 returned 1
call    1 returned 1
branch  2 taken 1 (fallthrough)
branch  3 taken 0 (throw)
        1:    9-block  1
call    4 returned 1
branch  5 taken 1 (fallthrough)
branch  6 taken 0 (throw)
        1:    9-block  2
call    7 returned 1
call    8 returned 1
call    9 returned 1
branch 10 taken 1 (fallthrough)
branch 11 taken 0 (throw)
        1:    9-block  3
call   12 returned 1
call   13 returned 1
call   14 returned 1
call   15 returned 1
call   16 returned 1
call   17 returned 1
call   18 returned 1
call   19 returned 1
call   20 returned 1
call   21 returned 1
    $$$$$:    9-block  4
call   22 never executed
    $$$$$:    9-block  5
    $$$$$:    9-block  6
call   23 never executed
    $$$$$:    9-block  7
call   24 never executed
        -:   10:{
        -:   11:    using namespace std::chrono_literals;
        1:   12:    declare_parameter("camera_index",0);
call    0 returned 1
branch  1 taken 1 (fallthrough)
branch  2 taken 0 (throw)
        1:   12-block  0
call    3 returned 1
call    4 returned 1
branch  5 taken 1 (fallthrough)
branch  6 taken 0 (throw)
        1:   12-block  1
call    7 returned 1
branch  8 taken 1 (fallthrough)
branch  9 taken 0 (throw)
        1:   12-block  2
call   10 returned 1
call   11 returned 1
call   12 returned 1
    $$$$$:   12-block  3
call   13 never executed
    $$$$$:   12-block  4
    $$$$$:   12-block  5
call   14 never executed
    $$$$$:   12-block  6
    $$$$$:   12-block  7
    $$$$$:   12-block  8
call   15 never executed
    $$$$$:   12-block  9
        1:   13:    declare_parameter("exposure_time", 2000.0);
call    0 returned 1
branch  1 taken 1 (fallthrough)
branch  2 taken 0 (throw)
        1:   13-block  0
call    3 returned 1
call    4 returned 1
branch  5 taken 1 (fallthrough)
branch  6 taken 0 (throw)
        1:   13-block  1
call    7 returned 1
branch  8 taken 1 (fallthrough)
branch  9 taken 0 (throw)
        1:   13-block  2
call   10 returned 1
call   11 returned 1
call   12 returned 1
    $$$$$:   13-block  3
call   13 never executed
    $$$$$:   13-block  4
    $$$$$:   13-block  5
call   14 never executed
    $$$$$:   13-block  6
    $$$$$:   13-block  7
    $$$$$:   13-block  8
call   15 never executed
    $$$$$:   13-block  9
        1:   14:    declare_parameter("gain", 15.0);
call    0 returned 1
branch  1 taken 1 (fallthrough)
branch  2 taken 0 (throw)
        1:   14-block  0
call    3 returned 1
call    4 returned 1
branch  5 taken 1 (fallthrough)
branch  6 taken 0 (throw)
        1:   14-block  1
call    7 returned 1
branch  8 taken 1 (fallthrough)
branch  9 taken 0 (throw)
        1:   14-block  2
call   10 returned 1
call   11 returned 1
call   12 returned 1
    $$$$$:   14-block  3
call   13 never executed
    $$$$$:   14-block  4
    $$$$$:   14-block  5
call   14 never executed
    $$$$$:   14-block  6
    $$$$$:   14-block  7
    $$$$$:   14-block  8
call   15 never executed
    $$$$$:   14-block  9
        1:   15:    declare_parameter("frame_rate", 250.0);
call    0 returned 1
branch  1 taken 1 (fallthrough)
branch  2 taken 0 (throw)
        1:   15-block  0
call    3 returned 1
call    4 returned 1
branch  5 taken 1 (fallthrough)
branch  6 taken 0 (throw)
        1:   15-block  1
call    7 returned 1
branch  8 taken 1 (fallthrough)
branch  9 taken 0 (throw)
        1:   15-block  2
call   10 returned 1
call   11 returned 1
call   12 returned 1
    $$$$$:   15-block  3
call   13 never executed
    $$$$$:   15-block  4
    $$$$$:   15-block  5
call   14 never executed
    $$$$$:   15-block  6
    $$$$$:   15-block  7
    $$$$$:   15-block  8
call   15 never executed
    $$$$$:   15-block  9
        1:   16:    declare_parameter("width", 1440);
call    0 returned 1
branch  1 taken 1 (fallthrough)
branch  2 taken 0 (throw)
        1:   16-block  0
call    3 returned 1
call    4 returned 1
branch  5 taken 1 (fallthrough)
branch  6 taken 0 (throw)
        1:   16-block  1
call    7 returned 1
branch  8 taken 1 (fallthrough)
branch  9 taken 0 (throw)
        1:   16-block  2
call   10 returned 1
call   11 returned 1
call   12 returned 1
    $$$$$:   16-block  3
call   13 never executed
    $$$$$:   16-block  4
    $$$$$:   16-block  5
call   14 never executed
    $$$$$:   16-block  6
    $$$$$:   16-block  7
    $$$$$:   16-block  8
call   15 never executed
    $$$$$:   16-block  9
        1:   17:    declare_parameter("height", 1080);
call    0 returned 1
branch  1 taken 1 (fallthrough)
branch  2 taken 0 (throw)
        1:   17-block  0
call    3 returned 1
call    4 returned 1
branch  5 taken 1 (fallthrough)
branch  6 taken 0 (throw)
        1:   17-block  1
call    7 returned 1
branch  8 taken 1 (fallthrough)
branch  9 taken 0 (throw)
        1:   17-block  2
call   10 returned 1
call   11 returned 1
call   12 returned 1
    $$$$$:   17-block  3
call   13 never executed
    $$$$$:   17-block  4
    $$$$$:   17-block  5
call   14 never executed
    $$$$$:   17-block  6
    $$$$$:   17-block  7
    $$$$$:   17-block  8
call   15 never executed
    $$$$$:   17-block  9
        1:   18:    declare_parameter("offset_x", 0);
call    0 returned 1
branch  1 taken 1 (fallthrough)
branch  2 taken 0 (throw)
        1:   18-block  0
call    3 returned 1
call    4 returned 1
branch  5 taken 1 (fallthrough)
branch  6 taken 0 (throw)
        1:   18-block  1
call    7 returned 1
branch  8 taken 1 (fallthrough)
branch  9 taken 0 (throw)
        1:   18-block  2
call   10 returned 1
call   11 returned 1
call   12 returned 1
    $$$$$:   18-block  3
call   13 never executed
    $$$$$:   18-block  4
    $$$$$:   18-block  5
call   14 never executed
    $$$$$:   18-block  6
    $$$$$:   18-block  7
    $$$$$:   18-block  8
call   15 never executed
    $$$$$:   18-block  9
        1:   19:    declare_parameter("offset_y", 0);
call    0 returned 1
branch  1 taken 1 (fallthrough)
branch  2 taken 0 (throw)
        1:   19-block  0
call    3 returned 1
call    4 returned 1
branch  5 taken 1 (fallthrough)
branch  6 taken 0 (throw)
        1:   19-block  1
call    7 returned 1
branch  8 taken 1 (fallthrough)
branch  9 taken 0 (throw)
        1:   19-block  2
call   10 returned 1
call   11 returned 1
call   12 returned 1
    $$$$$:   19-block  3
call   13 never executed
    $$$$$:   19-block  4
    $$$$$:   19-block  5
call   14 never executed
    $$$$$:   19-block  6
    $$$$$:   19-block  7
    $$$$$:   19-block  8
call   15 never executed
    $$$$$:   19-block  9
        1:   20:    declare_parameter("bit_depth", "Bits_8");
call    0 returned 1
branch  1 taken 1 (fallthrough)
branch  2 taken 0 (throw)
        1:   20-block  0
call    3 returned 1
call    4 returned 1
branch  5 taken 1 (fallthrough)
branch  6 taken 0 (throw)
        1:   20-block  1
call    7 returned 1
branch  8 taken 1 (fallthrough)
branch  9 taken 0 (throw)
        1:   20-block  2
call   10 returned 1
call   11 returned 1
call   12 returned 1
call   13 returned 1
    $$$$$:   20-block  3
call   14 never executed
    $$$$$:   20-block  4
    $$$$$:   20-block  5
call   15 never executed
    $$$$$:   20-block  6
    $$$$$:   20-block  7
call   16 never executed
    $$$$$:   20-block  8
        1:   21:    declare_parameter("k", std::vector<double>({
call    0 returned 1
branch  1 taken 1 (fallthrough)
branch  2 taken 0 (throw)
        1:   21-block  0
call    3 returned 1
call    4 returned 1
branch  5 taken 1 (fallthrough)
branch  6 taken 0 (throw)
        1:   21-block  1
call    7 returned 1
call    8 returned 1
branch  9 taken 1 (fallthrough)
branch 10 taken 0 (throw)
        1:   21-block  2
call   11 returned 1
branch 12 taken 1 (fallthrough)
branch 13 taken 0 (throw)
        1:   21-block  3
call   14 returned 1
call   15 returned 1
call   16 returned 1
call   17 returned 1
call   18 returned 1
call   19 returned 1
    $$$$$:   21-block  4
call   20 never executed
    $$$$$:   21-block  5
    $$$$$:   21-block  6
call   21 never executed
    $$$$$:   21-block  7
    $$$$$:   21-block  8
call   22 never executed
    $$$$$:   21-block  9
    $$$$$:   21-block 10
    $$$$$:   21-block 11
call   23 never executed
    $$$$$:   21-block 12
    $$$$$:   21-block 13
call   24 never executed
    $$$$$:   21-block 14
        -:   22:                          1786.972005, 0.000000, 728.630415,
        -:   23:                          0.000000, 1775.199982, 551.279527,
        -:   24:                          0.000000, 0.000000, 1.000000,
        -:   25:                      }));
        1:   26:    declare_parameter("d", std::vector<double>({-0.130158, 0.318803, -0.003765, 0.001686, 0.000000}));
call    0 returned 1
branch  1 taken 1 (fallthrough)
branch  2 taken 0 (throw)
        1:   26-block  0
call    3 returned 1
call    4 returned 1
branch  5 taken 1 (fallthrough)
branch  6 taken 0 (throw)
        1:   26-block  1
call    7 returned 1
call    8 returned 1
branch  9 taken 1 (fallthrough)
branch 10 taken 0 (throw)
        1:   26-block  2
call   11 returned 1
branch 12 taken 1 (fallthrough)
branch 13 taken 0 (throw)
        1:   26-block  3
call   14 returned 1
call   15 returned 1
call   16 returned 1
call   17 returned 1
call   18 returned 1
call   19 returned 1
    $$$$$:   26-block  4
call   20 never executed
    $$$$$:   26-block  5
    $$$$$:   26-block  6
call   21 never executed
    $$$$$:   26-block  7
    $$$$$:   26-block  8
call   22 never executed
    $$$$$:   26-block  9
    $$$$$:   26-block 10
    $$$$$:   26-block 11
call   23 never executed
    $$$$$:   26-block 12
    $$$$$:   26-block 13
call   24 never executed
    $$$$$:   26-block 14
        -:   27:
        -:   28:
        1:   29:    get_parameter("k", k);
call    0 returned 1
call    1 returned 1
branch  2 taken 1 (fallthrough)
branch  3 taken 0 (throw)
        1:   29-block  0
call    4 returned 1
branch  5 taken 1 (fallthrough)
branch  6 taken 0 (throw)
        1:   29-block  1
call    7 returned 1
call    8 returned 1
    $$$$$:   29-block  2
call    9 never executed
    $$$$$:   29-block  3
    $$$$$:   29-block  4
call   10 never executed
    $$$$$:   29-block  5
        1:   30:    get_parameter("d", d);
call    0 returned 1
call    1 returned 1
branch  2 taken 1 (fallthrough)
branch  3 taken 0 (throw)
        1:   30-block  0
call    4 returned 1
branch  5 taken 1 (fallthrough)
branch  6 taken 0 (throw)
        1:   30-block  1
call    7 returned 1
call    8 returned 1
    $$$$$:   30-block  2
call    9 never executed
    $$$$$:   30-block  3
    $$$$$:   30-block  4
call   10 never executed
    $$$$$:   30-block  5
        -:   31:
        -:   32:
        1:   33:    imagePublisher_ = create_publisher<RosImage>("image_raw", 10);
call    0 returned 1
call    1 returned 1
branch  2 taken 1 (fallthrough)
branch  3 taken 0 (throw)
        1:   33-block  0
call    4 returned 1
call    5 returned 1
branch  6 taken 1 (fallthrough)
branch  7 taken 0 (throw)
        1:   33-block  1
call    8 returned 1
branch  9 taken 1 (fallthrough)
branch 10 taken 0 (throw)
        1:   33-block  2
call   11 returned 1
call   12 returned 1
call   13 returned 1
call   14 returned 1
call   15 returned 1
    $$$$$:   33-block  3
call   16 never executed
    $$$$$:   33-block  4
    $$$$$:   33-block  5
call   17 never executed
    $$$$$:   33-block  6
    $$$$$:   33-block  7
    $$$$$:   33-block  8
call   18 never executed
    $$$$$:   33-block  9
        1:   34:    capturedPublisher_ = imagePublisher_;
call    0 returned 1
        1:   35:    cameraInfoPublisher_ = create_publisher<CameraInfo>("camera_info", 1);
call    0 returned 1
call    1 returned 1
branch  2 taken 1 (fallthrough)
branch  3 taken 0 (throw)
        1:   35-block  0
call    4 returned 1
call    5 returned 1
branch  6 taken 1 (fallthrough)
branch  7 taken 0 (throw)
        1:   35-block  1
call    8 returned 1
branch  9 taken 1 (fallthrough)
branch 10 taken 0 (throw)
        1:   35-block  2
call   11 returned 1
call   12 returned 1
call   13 returned 1
call   14 returned 1
call   15 returned 1
    $$$$$:   35-block  3
call   16 never executed
    $$$$$:   35-block  4
    $$$$$:   35-block  5
call   17 never executed
    $$$$$:   35-block  6
    $$$$$:   35-block  7
    $$$$$:   35-block  8
call   18 never executed
    $$$$$:   35-block  9
        3:   36:    timer_ = create_wall_timer(1s / get_parameter("frame_rate").as_double(),
call    0 returned 1
        1:   36-block  0
call    1 returned 1
call    2 returned 1
branch  3 taken 1 (fallthrough)
branch  4 taken 0 (throw)
        1:   36-block  1
call    5 returned 1
branch  6 taken 1 (fallthrough)
branch  7 taken 0 (throw)
        1:   36-block  2
call    8 returned 1
branch  9 taken 1 (fallthrough)
branch 10 taken 0 (throw)
        1:   36-block  3
call   11 returned 1
branch 12 taken 1 (fallthrough)
branch 13 taken 0 (throw)
        1:   36-block  4
call   14 returned 1
branch 15 taken 1 (fallthrough)
branch 16 taken 0 (throw)
        1:   36-block  5
call   17 returned 1
branch 18 taken 1 (fallthrough)
branch 19 taken 0 (throw)
call   20 returned 1
call   21 returned 1
call   22 returned 1
call   23 returned 1
    $$$$$:   36-block  6
    $$$$$:   36-block  7
    $$$$$:   36-block  8
call   24 never executed
    $$$$$:   36-block  9
    $$$$$:   36-block 10
call   25 never executed
    $$$$$:   36-block 11
    $$$$$:   36-block 12
call   26 never executed
    $$$$$:   36-block 13
    $$$$$:   36-block 14
call   27 never executed
    $$$$$:   36-block 15
        3:   37:                          std::bind(&usb_camera::cameraCallback, this));
call    0 returned 1
branch  1 taken 1 (fallthrough)
branch  2 taken 0 (throw)
        1:   37-block  0
call    3 returned 1
call    4 returned 1
    $$$$$:   37-block  1
    $$$$$:   37-block  2
    $$$$$:   37-block  3
        -:   38:
        -:   39:
        -:   40:    // open_device(); //begin to get stream and turn into image and pub it
        1:   41:}
    $$$$$:   41-block  0
call    0 never executed
    $$$$$:   41-block  1
call    1 never executed
    $$$$$:   41-block  2
call    2 never executed
    $$$$$:   41-block  3
call    3 never executed
    $$$$$:   41-block  4
call    4 never executed
    $$$$$:   41-block  5
call    5 never executed
    $$$$$:   41-block  6
call    6 never executed
    $$$$$:   41-block  7
call    7 never executed
    $$$$$:   41-block  8
call    8 never executed
    $$$$$:   41-block  9
call    9 never executed
    $$$$$:   41-block 10
call   10 never executed
    $$$$$:   41-block 11
call   11 never executed
        -:   42:
        -:   43:
        -:   44:
        -:   45:
function _ZN10usb_camera14cameraCallbackEv called 34 returned 100% blocks executed 47%
       34:   46:void usb_camera::cameraCallback()
        -:   47:{
       34:   48:    capture_.open(0, cv::CAP_V4L2);
       34:   48-block  0
call    0 returned 34
branch  1 taken 34 (fallthrough)
branch  2 taken 0 (throw)
       34:   49:    if (!capture_.isOpened())
       34:   49-block  0
call    0 returned 34
branch  1 taken 34 (fallthrough)
branch  2 taken 0 (throw)
       34:   49-block  1
branch  3 taken 0 (fallthrough)
branch  4 taken 34
        -:   50:    {
    #####:   51:        RCLCPP_ERROR(get_logger(), "Cannot find camera.");
    %%%%%:   51-block  0
branch  0 never executed
branch  1 never executed
    %%%%%:   51-block  1
call    2 never executed
branch  3 never executed
branch  4 never executed
    %%%%%:   51-block  2
branch  5 never executed
branch  6 never executed
    %%%%%:   51-block  3
call    7 never executed
branch  8 never executed
branch  9 never executed
    %%%%%:   51-block  4
call   10 never executed
branch 11 never executed
branch 12 never executed
    %%%%%:   51-block  5
call   13 never executed
branch 14 never executed
branch 15 never executed
    %%%%%:   51-block  6
call   16 never executed
branch 17 never executed
branch 18 never executed
    %%%%%:   51-block  7
call   19 never executed
branch 20 never executed
branch 21 never executed
    %%%%%:   51-block  8
call   22 never executed
branch 23 never executed
branch 24 never executed
    %%%%%:   51-block  9
call   25 never executed
branch 26 never executed
branch 27 never executed
    %%%%%:   51-block 10
call   28 never executed
call   29 never executed
branch 30 never executed
branch 31 never executed
    %%%%%:   51-block 11
call   32 never executed
branch 33 never executed
branch 34 never executed
    %%%%%:   51-block 12
call   35 never executed
branch 36 never executed
branch 37 never executed
    %%%%%:   51-block 13
call   38 never executed
call   39 never executed
branch 40 never executed
branch 41 never executed
    %%%%%:   51-block 14
call   42 never executed
    $$$$$:   51-block 15
    $$$$$:   51-block 16
    $$$$$:   51-block 17
call   43 never executed
    $$$$$:   51-block 18
    $$$$$:   51-block 19
call   44 never executed
    $$$$$:   51-block 20
    #####:   52:        return;
    %%%%%:   52-block  0
    %%%%%:   52-block  1
        -:   53:    }
       34:   54:    static rclcpp::Time start = now();
       34:   54-block  0
branch  0 taken 1 (fallthrough)
branch  1 taken 33
        1:   54-block  1
call    2 returned 1
branch  3 taken 1 (fallthrough)
branch  4 taken 0
        1:   54-block  2
call    5 returned 1
branch  6 taken 1 (fallthrough)
branch  7 taken 0 (throw)
        1:   54-block  3
call    8 returned 1
call    9 returned 1
    $$$$$:   54-block  4
branch 10 never executed
branch 11 never executed
    $$$$$:   54-block  5
call   12 never executed
       34:   55:    auto lastStart = start;
       34:   55-block  0
call    0 returned 34
branch  1 taken 34 (fallthrough)
branch  2 taken 0 (throw)
       34:   56:    start = now();
       34:   56-block  0
call    0 returned 34
branch  1 taken 34 (fallthrough)
branch  2 taken 0 (throw)
       34:   56-block  1
call    3 returned 34
branch  4 taken 34 (fallthrough)
branch  5 taken 0 (throw)
       34:   56-block  2
call    6 returned 34
    $$$$$:   56-block  3
call    7 never executed
    $$$$$:   56-block  4
        -:   57:
       34:   58:    auto publisher = capturedPublisher_.lock();
call    0 returned 34
       34:   59:    if (!publisher)
call    0 returned 34
branch  1 taken 0 (fallthrough)
branch  2 taken 34
        -:   60:    {
    #####:   61:        return;
    %%%%%:   61-block  0
        -:   62:    }
        -:   63:
       34:   64:    RosImage::UniquePtr image = std::make_unique<RosImage>();
       34:   64-block  0
call    0 returned 34
branch  1 taken 34 (fallthrough)
branch  2 taken 0 (throw)
       34:   65:    auto t1 = now();
       34:   65-block  0
call    0 returned 34
branch  1 taken 34 (fallthrough)
branch  2 taken 0 (throw)
       34:   66:    capture_.read(frame_);
       34:   66-block  0
call    0 returned 34
branch  1 taken 34 (fallthrough)
branch  2 taken 0 (throw)
       34:   66-block  1
call    3 returned 34
branch  4 taken 34 (fallthrough)
branch  5 taken 0 (throw)
       34:   66-block  2
call    6 returned 34
    $$$$$:   66-block  3
call    7 never executed
    $$$$$:   66-block  4
       34:   67:    auto t2 = now();
call    0 returned 34
branch  1 taken 34 (fallthrough)
branch  2 taken 0 (throw)
        -:   68:    //输出拍照间隔时间
      34*:   69:    RCLCPP_WARN(get_logger(), "%f", (t2 - t1).seconds());
       34:   69-block  0
branch  0 taken 0 (fallthrough)
branch  1 taken 34
    %%%%%:   69-block  1
call    2 never executed
branch  3 never executed
branch  4 never executed
    %%%%%:   69-block  2
branch  5 never executed
branch  6 never executed
    %%%%%:   69-block  3
call    7 never executed
branch  8 never executed
branch  9 never executed
    %%%%%:   69-block  4
call   10 never executed
branch 11 never executed
branch 12 never executed
    %%%%%:   69-block  5
call   13 never executed
branch 14 never executed
branch 15 never executed
    %%%%%:   69-block  6
call   16 never executed
branch 17 never executed
branch 18 never executed
    %%%%%:   69-block  7
call   19 never executed
branch 20 never executed
branch 21 never executed
    %%%%%:   69-block  8
call   22 never executed
branch 23 never executed
branch 24 never executed
       34:   69-block  9
call   25 returned 34
branch 26 taken 34 (fallthrough)
branch 27 taken 0 (throw)
       34:   69-block 10
call   28 returned 34
call   29 returned 34
branch 30 taken 34 (fallthrough)
branch 31 taken 0 (throw)
       34:   69-block 11
call   32 returned 34
branch 33 taken 34 (fallthrough)
branch 34 taken 0
       34:   69-block 12
call   35 returned 34
branch 36 taken 34 (fallthrough)
branch 37 taken 0 (throw)
       34:   69-block 13
call   38 returned 34
branch 39 taken 34 (fallthrough)
branch 40 taken 0 (throw)
       34:   69-block 14
call   41 returned 34
branch 42 taken 34 (fallthrough)
branch 43 taken 0 (throw)
       34:   69-block 15
call   44 returned 34
call   45 returned 34
branch 46 taken 34 (fallthrough)
branch 47 taken 0 (throw)
       34:   69-block 16
call   48 returned 34
call   49 returned 34
    $$$$$:   69-block 17
    $$$$$:   69-block 18
    $$$$$:   69-block 19
call   50 never executed
    $$$$$:   69-block 20
    $$$$$:   69-block 21
call   51 never executed
    $$$$$:   69-block 22
    $$$$$:   69-block 23
call   52 never executed
    $$$$$:   69-block 24
        -:   70:    //从相机拷贝图像及参数
        -:   71:
       34:   72:    cv_bridge::CvImage cv_image_bridge;
       34:   72-block  0
call    0 returned 34
branch  1 taken 34 (fallthrough)
branch  2 taken 0 (throw)
       34:   73:    cv_image_bridge.image = frame_;
       34:   73-block  0
call    0 returned 34
branch  1 taken 34 (fallthrough)
branch  2 taken 0 (throw)
       34:   74:    cv_image_bridge.encoding = sensor_msgs::image_encodings::BGR8;
       34:   74-block  0
call    0 returned 34
branch  1 taken 34 (fallthrough)
branch  2 taken 0 (throw)
        -:   75:
        -:   76:    // 将CvImage对象转换为ROS图像消息
        -:   77:    // image->data = frame_;
        -:   78:    //
        -:   79:    // image->height = frame_.rows;
        -:   80:    // image->width = frame_.cols;
        -:   81:    // image->step = frame_.channels();
        -:   82:    // image->encoding = "MJPG";
        -:   83:    // publisher->publish(std::move(ros_image_msg));
        -:   84:
       34:   85:    CameraInfo cameraInfo;
       34:   85-block  0
call    0 returned 34
branch  1 taken 34 (fallthrough)
branch  2 taken 0 (throw)
       34:   86:    cameraInfo.distortion_model = "plumb_bob";
       34:   86-block  0
call    0 returned 34
branch  1 taken 34 (fallthrough)
branch  2 taken 0 (throw)
       34:   87:    cameraInfo.d = d;
       34:   87-block  0
call    0 returned 34
branch  1 taken 34 (fallthrough)
branch  2 taken 0 (throw)
       34:   88:    std::array<double, 9> roiK{};
       34:   89:    memcpy(roiK.data(), k.data(), 9 * sizeof(double));
       34:   89-block  0
call    0 returned 34
call    1 returned 34
       34:   90:    roiK[2] -= (double)get_parameter("offset_x").as_int();
call    0 returned 34
call    1 returned 34
branch  2 taken 34 (fallthrough)
branch  3 taken 0 (throw)
       34:   90-block  0
call    4 returned 34
branch  5 taken 34 (fallthrough)
branch  6 taken 0 (throw)
       34:   90-block  1
call    7 returned 34
branch  8 taken 34 (fallthrough)
branch  9 taken 0 (throw)
       34:   90-block  2
call   10 returned 34
call   11 returned 34
call   12 returned 34
call   13 returned 34
    $$$$$:   90-block  3
call   14 never executed
    $$$$$:   90-block  4
    $$$$$:   90-block  5
call   15 never executed
    $$$$$:   90-block  6
    $$$$$:   90-block  7
call   16 never executed
    $$$$$:   90-block  8
       34:   91:    roiK[5] -= (double)get_parameter("offset_y").as_int();
call    0 returned 34
call    1 returned 34
branch  2 taken 34 (fallthrough)
branch  3 taken 0 (throw)
       34:   91-block  0
call    4 returned 34
branch  5 taken 34 (fallthrough)
branch  6 taken 0 (throw)
       34:   91-block  1
call    7 returned 34
branch  8 taken 34 (fallthrough)
branch  9 taken 0 (throw)
       34:   91-block  2
call   10 returned 34
call   11 returned 34
call   12 returned 34
call   13 returned 34
    $$$$$:   91-block  3
call   14 never executed
    $$$$$:   91-block  4
    $$$$$:   91-block  5
call   15 never executed
    $$$$$:   91-block  6
    $$$$$:   91-block  7
call   16 never executed
    $$$$$:   91-block  8
       34:   92:    cameraInfo.k = roiK; //?
       34:   93:    cameraInfoPublisher_->publish(cameraInfo);
call    0 returned 34
call    1 returned 34
branch  2 taken 34 (fallthrough)
branch  3 taken 0 (throw)
        -:   94:
        -:   95:    static struct Count
        -:   96:    {
        -:   97:        uint8_t i : 5;
        -:   98:    } count;
        -:   99:    static std::array<double, 32> recentDurations = {};
       34:  100:    recentDurations[count.i++] = (start - lastStart).seconds();
       34:  100-block  0
call    0 returned 34
branch  1 taken 34 (fallthrough)
branch  2 taken 0 (throw)
       34:  100-block  1
call    3 returned 34
branch  4 taken 34 (fallthrough)
branch  5 taken 0 (throw)
       34:  100-block  2
call    6 returned 34
call    7 returned 34
    $$$$$:  100-block  3
call    8 never executed
    $$$$$:  100-block  4
       34:  101:    double fps = (double)recentDurations.size() /
call    0 returned 34
       34:  102:        std::reduce(recentDurations.begin(), recentDurations.end(), 0.0);
call    0 returned 34
call    1 returned 34
call    2 returned 34
branch  3 taken 34 (fallthrough)
branch  4 taken 0 (throw)
      34*:  103:    RCLCPP_INFO(get_logger(), "FPS: %f", fps);
       34:  103-block  0
branch  0 taken 0 (fallthrough)
branch  1 taken 34
    %%%%%:  103-block  1
call    2 never executed
branch  3 never executed
branch  4 never executed
    %%%%%:  103-block  2
branch  5 never executed
branch  6 never executed
    %%%%%:  103-block  3
call    7 never executed
branch  8 never executed
branch  9 never executed
    %%%%%:  103-block  4
call   10 never executed
branch 11 never executed
branch 12 never executed
    %%%%%:  103-block  5
call   13 never executed
branch 14 never executed
branch 15 never executed
    %%%%%:  103-block  6
call   16 never executed
branch 17 never executed
branch 18 never executed
    %%%%%:  103-block  7
call   19 never executed
branch 20 never executed
branch 21 never executed
    %%%%%:  103-block  8
call   22 never executed
branch 23 never executed
branch 24 never executed
       34:  103-block  9
call   25 returned 34
branch 26 taken 34 (fallthrough)
branch 27 taken 0 (throw)
       34:  103-block 10
call   28 returned 34
call   29 returned 34
branch 30 taken 34 (fallthrough)
branch 31 taken 0 (throw)
       34:  103-block 11
call   32 returned 34
branch 33 taken 34 (fallthrough)
branch 34 taken 0
       34:  103-block 12
call   35 returned 34
branch 36 taken 34 (fallthrough)
branch 37 taken 0 (throw)
       34:  103-block 13
call   38 returned 34
call   39 returned 34
branch 40 taken 34 (fallthrough)
branch 41 taken 0 (throw)
       34:  103-block 14
call   42 returned 34
    $$$$$:  103-block 15
    $$$$$:  103-block 16
    $$$$$:  103-block 17
call   43 never executed
    $$$$$:  103-block 18
    $$$$$:  103-block 19
call   44 never executed
    $$$$$:  103-block 20
        -:  104:    static int killCount = 0;
        -:  105:    // if (fps < 15)
        -:  106:    // {
        -:  107:    //     killCount++;
        -:  108:    //     RCLCPP_WARN(get_logger(), "Camera is below 15fps");
        -:  109:    // }
        -:  110:    // if (killCount > 15)
        -:  111:    // {
        -:  112:    //     exit(0);
        -:  113:    //     RCLCPP_ERROR(get_logger(), "Camera is below 15fps, Restarting!");
        -:  114:    // }
       34:  115:}
       34:  115-block  0
call    0 returned 34
call    1 returned 34
call    2 returned 34
call    3 returned 34
call    4 returned 34
       34:  115-block  1
call    5 returned 34
branch  6 taken 34 (fallthrough)
branch  7 taken 0
       34:  115-block  2
       34:  115-block  3
call    8 returned 34
branch  9 taken 34 (fallthrough)
branch 10 taken 0
    $$$$$:  115-block  4
call   11 never executed
    $$$$$:  115-block  5
call   12 never executed
    $$$$$:  115-block  6
call   13 never executed
    $$$$$:  115-block  7
call   14 never executed
    $$$$$:  115-block  8
call   15 never executed
    $$$$$:  115-block  9
call   16 never executed
    $$$$$:  115-block 10
call   17 never executed
        -:  116:
        -:  117:
