        -:    0:Source:/usr/include/c++/11/bits/move.h
        -:    0:Graph:/home/dcy/ENG/ENG2025/src/usb-camera/cmake-build-debug-/CMakeFiles/usb_camera.dir/src/usb_camera.cpp.gcno
        -:    0:Data:/home/dcy/ENG/ENG2025/src/usb-camera/cmake-build-debug-/CMakeFiles/usb_camera.dir/src/usb_camera.cpp.gcda
        -:    0:Runs:1
        -:    1:// Move, forward and identity for C++11 + swap -*- C++ -*-
        -:    2:
        -:    3:// Copyright (C) 2007-2021 Free Software Foundation, Inc.
        -:    4://
        -:    5:// This file is part of the GNU ISO C++ Library.  This library is free
        -:    6:// software; you can redistribute it and/or modify it under the
        -:    7:// terms of the GNU General Public License as published by the
        -:    8:// Free Software Foundation; either version 3, or (at your option)
        -:    9:// any later version.
        -:   10:
        -:   11:// This library is distributed in the hope that it will be useful,
        -:   12:// but WITHOUT ANY WARRANTY; without even the implied warranty of
        -:   13:// MERCHANTABILITY or FITNESS FOR A PARTICULAR PURPOSE.  See the
        -:   14:// GNU General Public License for more details.
        -:   15:
        -:   16:// Under Section 7 of GPL version 3, you are granted additional
        -:   17:// permissions described in the GCC Runtime Library Exception, version
        -:   18:// 3.1, as published by the Free Software Foundation.
        -:   19:
        -:   20:// You should have received a copy of the GNU General Public License and
        -:   21:// a copy of the GCC Runtime Library Exception along with this program;
        -:   22:// see the files COPYING3 and COPYING.RUNTIME respectively.  If not, see
        -:   23:// <http://www.gnu.org/licenses/>.
        -:   24:
        -:   25:/** @file bits/move.h
        -:   26: *  This is an internal header file, included by other library headers.
        -:   27: *  Do not attempt to use it directly. @headername{utility}
        -:   28: */
        -:   29:
        -:   30:#ifndef _MOVE_H
        -:   31:#define _MOVE_H 1
        -:   32:
        -:   33:#include <bits/c++config.h>
        -:   34:#if __cplusplus < 201103L
        -:   35:# include <bits/concept_check.h>
        -:   36:#endif
        -:   37:
        -:   38:namespace std _GLIBCXX_VISIBILITY(default)
        -:   39:{
        -:   40:_GLIBCXX_BEGIN_NAMESPACE_VERSION
        -:   41:
        -:   42:  // Used, in C++03 mode too, by allocators, etc.
        -:   43:  /**
        -:   44:   *  @brief Same as C++11 std::addressof
        -:   45:   *  @ingroup utilities
        -:   46:   */
        -:   47:  template<typename _Tp>
        -:   48:    inline _GLIBCXX_CONSTEXPR _Tp*
      20*:   49:    __addressof(_Tp& __r) _GLIBCXX_NOEXCEPT
      20*:   50:    { return __builtin_addressof(__r); }
------------------
_ZSt11__addressofISaISt23_Sp_counted_ptr_inplaceIN6rclcpp5ClockESaIS2_ELN9__gnu_cxx12_Lock_policyE2EEEEPT_RS8_:
function _ZSt11__addressofISaISt23_Sp_counted_ptr_inplaceIN6rclcpp5ClockESaIS2_ELN9__gnu_cxx12_Lock_policyE2EEEEPT_RS8_ called 2 returned 100% blocks executed 100%
        2:   49:    __addressof(_Tp& __r) _GLIBCXX_NOEXCEPT
        2:   50:    { return __builtin_addressof(__r); }
        2:   50-block  0
------------------
_ZSt11__addressofINSt7__cxx1112basic_stringIcSt11char_traitsIcESaIcEEEEPT_RS6_:
function _ZSt11__addressofINSt7__cxx1112basic_stringIcSt11char_traitsIcESaIcEEEEPT_RS6_ called 0 returned 0% blocks executed 0%
    #####:   49:    __addressof(_Tp& __r) _GLIBCXX_NOEXCEPT
    #####:   50:    { return __builtin_addressof(__r); }
    %%%%%:   50-block  0
------------------
_ZSt11__addressofImEPT_RS0_:
function _ZSt11__addressofImEPT_RS0_ called 0 returned 0% blocks executed 0%
    #####:   49:    __addressof(_Tp& __r) _GLIBCXX_NOEXCEPT
    #####:   50:    { return __builtin_addressof(__r); }
    %%%%%:   50-block  0
------------------
_ZSt11__addressofIN14rcl_interfaces3msg19FloatingPointRange_ISaIvEEEEPT_RS5_:
function _ZSt11__addressofIN14rcl_interfaces3msg19FloatingPointRange_ISaIvEEEEPT_RS5_ called 0 returned 0% blocks executed 0%
    #####:   49:    __addressof(_Tp& __r) _GLIBCXX_NOEXCEPT
    #####:   50:    { return __builtin_addressof(__r); }
    %%%%%:   50-block  0
------------------
_ZSt11__addressofIN14rcl_interfaces3msg13IntegerRange_ISaIvEEEEPT_RS5_:
function _ZSt11__addressofIN14rcl_interfaces3msg13IntegerRange_ISaIvEEEEPT_RS5_ called 0 returned 0% blocks executed 0%
    #####:   49:    __addressof(_Tp& __r) _GLIBCXX_NOEXCEPT
    #####:   50:    { return __builtin_addressof(__r); }
    %%%%%:   50-block  0
------------------
_ZSt11__addressofISt18shared_timed_mutexEPT_RS1_:
function _ZSt11__addressofISt18shared_timed_mutexEPT_RS1_ called 0 returned 0% blocks executed 0%
    #####:   49:    __addressof(_Tp& __r) _GLIBCXX_NOEXCEPT
    #####:   50:    { return __builtin_addressof(__r); }
    %%%%%:   50-block  0
------------------
_ZSt11__addressofIPNSt8__detail15_Hash_node_baseEEPT_RS3_:
function _ZSt11__addressofIPNSt8__detail15_Hash_node_baseEEPT_RS3_ called 0 returned 0% blocks executed 0%
    #####:   49:    __addressof(_Tp& __r) _GLIBCXX_NOEXCEPT
    #####:   50:    { return __builtin_addressof(__r); }
    %%%%%:   50-block  0
------------------
_ZSt11__addressofINSt8__detail10_Hash_nodeISt4pairIK26rcl_publisher_event_type_eSt10shared_ptrIN6rclcpp19QOSEventHandlerBaseEEELb0EEEEPT_RSB_:
function _ZSt11__addressofINSt8__detail10_Hash_nodeISt4pairIK26rcl_publisher_event_type_eSt10shared_ptrIN6rclcpp19QOSEventHandlerBaseEEELb0EEEEPT_RSB_ called 0 returned 0% blocks executed 0%
    #####:   49:    __addressof(_Tp& __r) _GLIBCXX_NOEXCEPT
    #####:   50:    { return __builtin_addressof(__r); }
    %%%%%:   50-block  0
------------------
_ZSt11__addressofISaISt23_Sp_counted_ptr_inplaceIN6rclcpp9WallTimerISt5_BindIFM10usb_cameraFvvEPS4_EELPv0EEESaISB_ELN9__gnu_cxx12_Lock_policyE2EEEEPT_RSH_:
function _ZSt11__addressofISaISt23_Sp_counted_ptr_inplaceIN6rclcpp9WallTimerISt5_BindIFM10usb_cameraFvvEPS4_EELPv0EEESaISB_ELN9__gnu_cxx12_Lock_policyE2EEEEPT_RSH_ called 2 returned 100% blocks executed 100%
        2:   49:    __addressof(_Tp& __r) _GLIBCXX_NOEXCEPT
        2:   50:    { return __builtin_addressof(__r); }
        2:   50-block  0
------------------
_ZSt11__addressofISaISt23_Sp_counted_ptr_inplaceIN11sensor_msgs3msg11CameraInfo_ISaIvEEESaIS5_ELN9__gnu_cxx12_Lock_policyE2EEEEPT_RSB_:
function _ZSt11__addressofISaISt23_Sp_counted_ptr_inplaceIN11sensor_msgs3msg11CameraInfo_ISaIvEEESaIS5_ELN9__gnu_cxx12_Lock_policyE2EEEEPT_RSB_ called 0 returned 0% blocks executed 0%
    #####:   49:    __addressof(_Tp& __r) _GLIBCXX_NOEXCEPT
    #####:   50:    { return __builtin_addressof(__r); }
    %%%%%:   50-block  0
------------------
_ZSt11__addressofISaISt23_Sp_counted_ptr_inplaceIN6rclcpp9PublisherIN11sensor_msgs3msg6Image_ISaIvEEES6_EESaIS8_ELN9__gnu_cxx12_Lock_policyE2EEEEPT_RSE_:
function _ZSt11__addressofISaISt23_Sp_counted_ptr_inplaceIN6rclcpp9PublisherIN11sensor_msgs3msg6Image_ISaIvEEES6_EESaIS8_ELN9__gnu_cxx12_Lock_policyE2EEEEPT_RSE_ called 2 returned 100% blocks executed 100%
        2:   49:    __addressof(_Tp& __r) _GLIBCXX_NOEXCEPT
        2:   50:    { return __builtin_addressof(__r); }
        2:   50-block  0
------------------
_ZSt11__addressofISaISt23_Sp_counted_ptr_inplaceIN6rclcpp9PublisherIN11sensor_msgs3msg11CameraInfo_ISaIvEEES6_EESaIS8_ELN9__gnu_cxx12_Lock_policyE2EEEEPT_RSE_:
function _ZSt11__addressofISaISt23_Sp_counted_ptr_inplaceIN6rclcpp9PublisherIN11sensor_msgs3msg11CameraInfo_ISaIvEEES6_EESaIS8_ELN9__gnu_cxx12_Lock_policyE2EEEEPT_RSE_ called 2 returned 100% blocks executed 100%
        2:   49:    __addressof(_Tp& __r) _GLIBCXX_NOEXCEPT
        2:   50:    { return __builtin_addressof(__r); }
        2:   50-block  0
------------------
_ZSt11__addressofISaISt19_Sp_counted_deleterIPN6rclcpp12experimental19IntraProcessManagerEZNS1_7Context15get_sub_contextIS3_JEEESt10shared_ptrIT_EDpOT0_EUlS4_E_SaIvELN9__gnu_cxx12_Lock_policyE2EEEEPS8_RS8_:
function _ZSt11__addressofISaISt19_Sp_counted_deleterIPN6rclcpp12experimental19IntraProcessManagerEZNS1_7Context15get_sub_contextIS3_JEEESt10shared_ptrIT_EDpOT0_EUlS4_E_SaIvELN9__gnu_cxx12_Lock_policyE2EEEEPS8_RS8_ called 0 returned 0% blocks executed 0%
    #####:   49:    __addressof(_Tp& __r) _GLIBCXX_NOEXCEPT
    #####:   50:    { return __builtin_addressof(__r); }
    %%%%%:   50-block  0
------------------
_ZSt11__addressofINSt8__detail10_Hash_nodeISt4pairIKSt10type_indexSt10shared_ptrIvEELb0EEEEPT_RS9_:
function _ZSt11__addressofINSt8__detail10_Hash_nodeISt4pairIKSt10type_indexSt10shared_ptrIvEELb0EEEEPT_RS9_ called 0 returned 0% blocks executed 0%
    #####:   49:    __addressof(_Tp& __r) _GLIBCXX_NOEXCEPT
    #####:   50:    { return __builtin_addressof(__r); }
    %%%%%:   50-block  0
------------------
_ZSt11__addressofINSt8__detail10_Hash_nodeISt4pairIKmSt8weak_ptrIN6rclcpp12experimental28SubscriptionIntraProcessBaseEEELb0EEEEPT_RSB_:
function _ZSt11__addressofINSt8__detail10_Hash_nodeISt4pairIKmSt8weak_ptrIN6rclcpp12experimental28SubscriptionIntraProcessBaseEEELb0EEEEPT_RSB_ called 0 returned 0% blocks executed 0%
    #####:   49:    __addressof(_Tp& __r) _GLIBCXX_NOEXCEPT
    #####:   50:    { return __builtin_addressof(__r); }
    %%%%%:   50-block  0
------------------
_ZSt11__addressofISaISt23_Sp_counted_ptr_inplaceI36rmw_offered_deadline_missed_status_sSaIS1_ELN9__gnu_cxx12_Lock_policyE2EEEEPT_RS7_:
function _ZSt11__addressofISaISt23_Sp_counted_ptr_inplaceI36rmw_offered_deadline_missed_status_sSaIS1_ELN9__gnu_cxx12_Lock_policyE2EEEEPT_RS7_ called 0 returned 0% blocks executed 0%
    #####:   49:    __addressof(_Tp& __r) _GLIBCXX_NOEXCEPT
    #####:   50:    { return __builtin_addressof(__r); }
    %%%%%:   50-block  0
------------------
_ZSt11__addressofISaISt23_Sp_counted_ptr_inplaceISaIvESaIS1_ELN9__gnu_cxx12_Lock_policyE2EEEEPT_RS7_:
function _ZSt11__addressofISaISt23_Sp_counted_ptr_inplaceISaIvESaIS1_ELN9__gnu_cxx12_Lock_policyE2EEEEPT_RS7_ called 4 returned 100% blocks executed 100%
        4:   49:    __addressof(_Tp& __r) _GLIBCXX_NOEXCEPT
        4:   50:    { return __builtin_addressof(__r); }
        4:   50-block  0
------------------
_ZSt11__addressofISaISt23_Sp_counted_ptr_inplaceIN6rclcpp15QOSEventHandlerISt8functionIFvR36rmw_offered_deadline_missed_status_sEESt10shared_ptrI15rcl_publisher_sEEESaISB_ELN9__gnu_cxx12_Lock_policyE2EEEEPT_RSH_:
function _ZSt11__addressofISaISt23_Sp_counted_ptr_inplaceIN6rclcpp15QOSEventHandlerISt8functionIFvR36rmw_offered_deadline_missed_status_sEESt10shared_ptrI15rcl_publisher_sEEESaISB_ELN9__gnu_cxx12_Lock_policyE2EEEEPT_RSH_ called 0 returned 0% blocks executed 0%
    #####:   49:    __addressof(_Tp& __r) _GLIBCXX_NOEXCEPT
    #####:   50:    { return __builtin_addressof(__r); }
    %%%%%:   50-block  0
------------------
_ZSt11__addressofISaISt23_Sp_counted_ptr_inplaceIN6rclcpp15QOSEventHandlerISt8functionIFvR28rmw_liveliness_lost_status_sEESt10shared_ptrI15rcl_publisher_sEEESaISB_ELN9__gnu_cxx12_Lock_policyE2EEEEPT_RSH_:
function _ZSt11__addressofISaISt23_Sp_counted_ptr_inplaceIN6rclcpp15QOSEventHandlerISt8functionIFvR28rmw_liveliness_lost_status_sEESt10shared_ptrI15rcl_publisher_sEEESaISB_ELN9__gnu_cxx12_Lock_policyE2EEEEPT_RSH_ called 0 returned 0% blocks executed 0%
    #####:   49:    __addressof(_Tp& __r) _GLIBCXX_NOEXCEPT
    #####:   50:    { return __builtin_addressof(__r); }
    %%%%%:   50-block  0
------------------
_ZSt11__addressofISaISt23_Sp_counted_ptr_inplaceIN6rclcpp15QOSEventHandlerISt8functionIFvR35rmw_qos_incompatible_event_status_sEESt10shared_ptrI15rcl_publisher_sEEESaISB_ELN9__gnu_cxx12_Lock_policyE2EEEEPT_RSH_:
function _ZSt11__addressofISaISt23_Sp_counted_ptr_inplaceIN6rclcpp15QOSEventHandlerISt8functionIFvR35rmw_qos_incompatible_event_status_sEESt10shared_ptrI15rcl_publisher_sEEESaISB_ELN9__gnu_cxx12_Lock_policyE2EEEEPT_RSH_ called 0 returned 0% blocks executed 0%
    #####:   49:    __addressof(_Tp& __r) _GLIBCXX_NOEXCEPT
    #####:   50:    { return __builtin_addressof(__r); }
    %%%%%:   50-block  0
------------------
_ZSt11__addressofISaISt23_Sp_counted_ptr_inplaceIN6rclcpp15QOSEventHandlerIZNS1_9PublisherIN11sensor_msgs3msg6Image_ISaIvEEES7_EC4EPNS1_15node_interfaces17NodeBaseInterfaceERKNSt7__cxx1112basic_stringIcSt11char_traitsIcESaIcEEERKNS1_3QoSERKNS1_29PublisherOptionsWithAllocatorIS7_EEEUlR35rmw_qos_incompatible_event_status_sE_St10shared_ptrI15rcl_publisher_sEEESaISY_ELN9__gnu_cxx12_Lock_policyE2EEEEPT_RS14_:
function _ZSt11__addressofISaISt23_Sp_counted_ptr_inplaceIN6rclcpp15QOSEventHandlerIZNS1_9PublisherIN11sensor_msgs3msg6Image_ISaIvEEES7_EC4EPNS1_15node_interfaces17NodeBaseInterfaceERKNSt7__cxx1112basic_stringIcSt11char_traitsIcESaIcEEERKNS1_3QoSERKNS1_29PublisherOptionsWithAllocatorIS7_EEEUlR35rmw_qos_incompatible_event_status_sE_St10shared_ptrI15rcl_publisher_sEEESaISY_ELN9__gnu_cxx12_Lock_policyE2EEEEPT_RS14_ called 2 returned 100% blocks executed 100%
        2:   49:    __addressof(_Tp& __r) _GLIBCXX_NOEXCEPT
        2:   50:    { return __builtin_addressof(__r); }
        2:   50-block  0
------------------
_ZSt11__addressofISaISt23_Sp_counted_ptr_inplaceIN6rclcpp15QOSEventHandlerIZNS1_9PublisherIN11sensor_msgs3msg11CameraInfo_ISaIvEEES7_EC4EPNS1_15node_interfaces17NodeBaseInterfaceERKNSt7__cxx1112basic_stringIcSt11char_traitsIcESaIcEEERKNS1_3QoSERKNS1_29PublisherOptionsWithAllocatorIS7_EEEUlR35rmw_qos_incompatible_event_status_sE_St10shared_ptrI15rcl_publisher_sEEESaISY_ELN9__gnu_cxx12_Lock_policyE2EEEEPT_RS14_:
function _ZSt11__addressofISaISt23_Sp_counted_ptr_inplaceIN6rclcpp15QOSEventHandlerIZNS1_9PublisherIN11sensor_msgs3msg11CameraInfo_ISaIvEEES7_EC4EPNS1_15node_interfaces17NodeBaseInterfaceERKNSt7__cxx1112basic_stringIcSt11char_traitsIcESaIcEEERKNS1_3QoSERKNS1_29PublisherOptionsWithAllocatorIS7_EEEUlR35rmw_qos_incompatible_event_status_sE_St10shared_ptrI15rcl_publisher_sEEESaISY_ELN9__gnu_cxx12_Lock_policyE2EEEEPT_RS14_ called 2 returned 100% blocks executed 100%
        2:   49:    __addressof(_Tp& __r) _GLIBCXX_NOEXCEPT
        2:   50:    { return __builtin_addressof(__r); }
        2:   50-block  0
------------------
_ZSt11__addressofISaISt23_Sp_counted_ptr_inplaceISaIcESaIS1_ELN9__gnu_cxx12_Lock_policyE2EEEEPT_RS7_:
function _ZSt11__addressofISaISt23_Sp_counted_ptr_inplaceISaIcESaIS1_ELN9__gnu_cxx12_Lock_policyE2EEEEPT_RS7_ called 4 returned 100% blocks executed 100%
        4:   49:    __addressof(_Tp& __r) _GLIBCXX_NOEXCEPT
        4:   50:    { return __builtin_addressof(__r); }
        4:   50-block  0
------------------
_ZSt11__addressofIZN6rclcpp7Context15get_sub_contextINS0_12experimental19IntraProcessManagerEJEEESt10shared_ptrIT_EDpOT0_EUlPS4_E_EPS6_RS6_:
function _ZSt11__addressofIZN6rclcpp7Context15get_sub_contextINS0_12experimental19IntraProcessManagerEJEEESt10shared_ptrIT_EDpOT0_EUlPS4_E_EPS6_RS6_ called 0 returned 0% blocks executed 0%
    #####:   49:    __addressof(_Tp& __r) _GLIBCXX_NOEXCEPT
    #####:   50:    { return __builtin_addressof(__r); }
    %%%%%:   50-block  0
------------------
_ZSt11__addressofISt14default_deleteIN11sensor_msgs3msg11CameraInfo_ISaIvEEEEEPT_RS7_:
function _ZSt11__addressofISt14default_deleteIN11sensor_msgs3msg11CameraInfo_ISaIvEEEEEPT_RS7_ called 0 returned 0% blocks executed 0%
    #####:   49:    __addressof(_Tp& __r) _GLIBCXX_NOEXCEPT
    #####:   50:    { return __builtin_addressof(__r); }
    %%%%%:   50-block  0
------------------
_ZSt11__addressofISaISt19_Sp_counted_deleterIPN11sensor_msgs3msg11CameraInfo_ISaIvEEESt14default_deleteIS5_ES4_LN9__gnu_cxx12_Lock_policyE2EEEEPT_RSD_:
function _ZSt11__addressofISaISt19_Sp_counted_deleterIPN11sensor_msgs3msg11CameraInfo_ISaIvEEESt14default_deleteIS5_ES4_LN9__gnu_cxx12_Lock_policyE2EEEEPT_RSD_ called 0 returned 0% blocks executed 0%
    #####:   49:    __addressof(_Tp& __r) _GLIBCXX_NOEXCEPT
    #####:   50:    { return __builtin_addressof(__r); }
    %%%%%:   50-block  0
------------------
_ZSt11__addressofIN6rclcpp9ParameterEEPT_RS2_:
function _ZSt11__addressofIN6rclcpp9ParameterEEPT_RS2_ called 0 returned 0% blocks executed 0%
    #####:   49:    __addressof(_Tp& __r) _GLIBCXX_NOEXCEPT
    #####:   50:    { return __builtin_addressof(__r); }
    %%%%%:   50-block  0
------------------
_ZSt11__addressofISaISt23_Sp_counted_ptr_inplaceI35rmw_qos_incompatible_event_status_sSaIS1_ELN9__gnu_cxx12_Lock_policyE2EEEEPT_RS7_:
function _ZSt11__addressofISaISt23_Sp_counted_ptr_inplaceI35rmw_qos_incompatible_event_status_sSaIS1_ELN9__gnu_cxx12_Lock_policyE2EEEEPT_RS7_ called 0 returned 0% blocks executed 0%
    #####:   49:    __addressof(_Tp& __r) _GLIBCXX_NOEXCEPT
    #####:   50:    { return __builtin_addressof(__r); }
    %%%%%:   50-block  0
------------------
_ZSt11__addressofISaISt23_Sp_counted_ptr_inplaceI28rmw_liveliness_lost_status_sSaIS1_ELN9__gnu_cxx12_Lock_policyE2EEEEPT_RS7_:
function _ZSt11__addressofISaISt23_Sp_counted_ptr_inplaceI28rmw_liveliness_lost_status_sSaIS1_ELN9__gnu_cxx12_Lock_policyE2EEEEPT_RS7_ called 0 returned 0% blocks executed 0%
    #####:   49:    __addressof(_Tp& __r) _GLIBCXX_NOEXCEPT
    #####:   50:    { return __builtin_addressof(__r); }
    %%%%%:   50-block  0
------------------
        -:   51:
        -:   52:#if __cplusplus >= 201103L
        -:   53:
        -:   54:_GLIBCXX_END_NAMESPACE_VERSION
        -:   55:} // namespace
        -:   56:
        -:   57:#include <type_traits> // Brings in std::declval too.
        -:   58:
        -:   59:namespace std _GLIBCXX_VISIBILITY(default)
        -:   60:{
        -:   61:_GLIBCXX_BEGIN_NAMESPACE_VERSION
        -:   62:
        -:   63:  /**
        -:   64:   *  @addtogroup utilities
        -:   65:   *  @{
        -:   66:   */
        -:   67:
        -:   68:  /**
        -:   69:   *  @brief  Forward an lvalue.
        -:   70:   *  @return The parameter cast to the specified type.
        -:   71:   *
        -:   72:   *  This function is used to implement "perfect forwarding".
        -:   73:   */
        -:   74:  template<typename _Tp>
        -:   75:    _GLIBCXX_NODISCARD
        -:   76:    constexpr _Tp&&
    2556*:   77:    forward(typename std::remove_reference<_Tp>::type& __t) noexcept
    2556*:   78:    { return static_cast<_Tp&&>(__t); }
------------------
_ZSt7forwardIRKN14rcl_interfaces3msg13IntegerRange_ISaIvEEEEOT_RNSt16remove_referenceIS7_E4typeE:
function _ZSt7forwardIRKN14rcl_interfaces3msg13IntegerRange_ISaIvEEEEOT_RNSt16remove_referenceIS7_E4typeE called 0 returned 0% blocks executed 0%
    #####:   77:    forward(typename std::remove_reference<_Tp>::type& __t) noexcept
    #####:   78:    { return static_cast<_Tp&&>(__t); }
    %%%%%:   78-block  0
------------------
_ZSt7forwardIRKZN6rclcpp19QOSEventHandlerBase21set_on_ready_callbackESt8functionIFvmiEEEUlmE_EOT_RNSt16remove_referenceIS8_E4typeE:
function _ZSt7forwardIRKZN6rclcpp19QOSEventHandlerBase21set_on_ready_callbackESt8functionIFvmiEEEUlmE_EOT_RNSt16remove_referenceIS8_E4typeE called 0 returned 0% blocks executed 0%
    #####:   77:    forward(typename std::remove_reference<_Tp>::type& __t) noexcept
    #####:   78:    { return static_cast<_Tp&&>(__t); }
    %%%%%:   78-block  0
------------------
_ZSt7forwardIRKN6rclcpp3QoSEEOT_RNSt16remove_referenceIS4_E4typeE:
function _ZSt7forwardIRKN6rclcpp3QoSEEOT_RNSt16remove_referenceIS4_E4typeE called 22 returned 100% blocks executed 100%
       22:   77:    forward(typename std::remove_reference<_Tp>::type& __t) noexcept
       22:   78:    { return static_cast<_Tp&&>(__t); }
       22:   78-block  0
------------------
_ZSt7forwardIRPN6rclcpp15node_interfaces17NodeBaseInterfaceEEOT_RNSt16remove_referenceIS5_E4typeE:
function _ZSt7forwardIRPN6rclcpp15node_interfaces17NodeBaseInterfaceEEOT_RNSt16remove_referenceIS5_E4typeE called 16 returned 100% blocks executed 100%
       16:   77:    forward(typename std::remove_reference<_Tp>::type& __t) noexcept
       16:   78:    { return static_cast<_Tp&&>(__t); }
       16:   78-block  0
------------------
_ZSt7forwardIRKN6rclcpp29PublisherOptionsWithAllocatorISaIvEEEEOT_RNSt16remove_referenceIS6_E4typeE:
function _ZSt7forwardIRKN6rclcpp29PublisherOptionsWithAllocatorISaIvEEEEOT_RNSt16remove_referenceIS6_E4typeE called 16 returned 100% blocks executed 100%
       16:   77:    forward(typename std::remove_reference<_Tp>::type& __t) noexcept
       16:   78:    { return static_cast<_Tp&&>(__t); }
       16:   78-block  0
------------------
_ZSt7forwardIZN6rclcpp24create_publisher_factoryIN11sensor_msgs3msg6Image_ISaIvEEES5_NS0_9PublisherIS6_S5_EEEENS0_16PublisherFactoryERKNS0_29PublisherOptionsWithAllocatorIT0_EEEUlPNS0_15node_interfaces17NodeBaseInterfaceERKNSt7__cxx1112basic_stringIcSt11char_traitsIcESaIcEEERKNS0_3QoSEE_EOT_RNSt16remove_referenceISU_E4typeE:
function _ZSt7forwardIZN6rclcpp24create_publisher_factoryIN11sensor_msgs3msg6Image_ISaIvEEES5_NS0_9PublisherIS6_S5_EEEENS0_16PublisherFactoryERKNS0_29PublisherOptionsWithAllocatorIT0_EEEUlPNS0_15node_interfaces17NodeBaseInterfaceERKNSt7__cxx1112basic_stringIcSt11char_traitsIcESaIcEEERKNS0_3QoSEE_EOT_RNSt16remove_referenceISU_E4typeE called 3 returned 100% blocks executed 100%
        3:   77:    forward(typename std::remove_reference<_Tp>::type& __t) noexcept
        3:   78:    { return static_cast<_Tp&&>(__t); }
        3:   78-block  0
------------------
_ZSt7forwardIZN6rclcpp24create_publisher_factoryIN11sensor_msgs3msg11CameraInfo_ISaIvEEES5_NS0_9PublisherIS6_S5_EEEENS0_16PublisherFactoryERKNS0_29PublisherOptionsWithAllocatorIT0_EEEUlPNS0_15node_interfaces17NodeBaseInterfaceERKNSt7__cxx1112basic_stringIcSt11char_traitsIcESaIcEEERKNS0_3QoSEE_EOT_RNSt16remove_referenceISU_E4typeE:
function _ZSt7forwardIZN6rclcpp24create_publisher_factoryIN11sensor_msgs3msg11CameraInfo_ISaIvEEES5_NS0_9PublisherIS6_S5_EEEENS0_16PublisherFactoryERKNS0_29PublisherOptionsWithAllocatorIT0_EEEUlPNS0_15node_interfaces17NodeBaseInterfaceERKNSt7__cxx1112basic_stringIcSt11char_traitsIcESaIcEEERKNS0_3QoSEE_EOT_RNSt16remove_referenceISU_E4typeE called 3 returned 100% blocks executed 100%
        3:   77:    forward(typename std::remove_reference<_Tp>::type& __t) noexcept
        3:   78:    { return static_cast<_Tp&&>(__t); }
        3:   78-block  0
------------------
_ZSt7forwardIRPN11sensor_msgs3msg11CameraInfo_ISaIvEEEEOT_RNSt16remove_referenceIS7_E4typeE:
function _ZSt7forwardIRPN11sensor_msgs3msg11CameraInfo_ISaIvEEEEOT_RNSt16remove_referenceIS7_E4typeE called 0 returned 0% blocks executed 0%
    #####:   77:    forward(typename std::remove_reference<_Tp>::type& __t) noexcept
    #####:   78:    { return static_cast<_Tp&&>(__t); }
    %%%%%:   78-block  0
------------------
_ZSt7forwardIRN11sensor_msgs3msg11CameraInfo_ISaIvEEEEOT_RNSt16remove_referenceIS6_E4typeE:
function _ZSt7forwardIRN11sensor_msgs3msg11CameraInfo_ISaIvEEEEOT_RNSt16remove_referenceIS6_E4typeE called 0 returned 0% blocks executed 0%
    #####:   77:    forward(typename std::remove_reference<_Tp>::type& __t) noexcept
    #####:   78:    { return static_cast<_Tp&&>(__t); }
    %%%%%:   78-block  0
------------------
_ZSt7forwardIRKN14rcl_interfaces3msg19FloatingPointRange_ISaIvEEEEOT_RNSt16remove_referenceIS7_E4typeE:
function _ZSt7forwardIRKN14rcl_interfaces3msg19FloatingPointRange_ISaIvEEEEOT_RNSt16remove_referenceIS7_E4typeE called 0 returned 0% blocks executed 0%
    #####:   77:    forward(typename std::remove_reference<_Tp>::type& __t) noexcept
    #####:   78:    { return static_cast<_Tp&&>(__t); }
    %%%%%:   78-block  0
------------------
_ZSt7forwardIRKSt14default_deleteIN11sensor_msgs3msg11CameraInfo_ISaIvEEEEEOT_RNSt16remove_referenceIS9_E4typeE:
function _ZSt7forwardIRKSt14default_deleteIN11sensor_msgs3msg11CameraInfo_ISaIvEEEEEOT_RNSt16remove_referenceIS9_E4typeE called 0 returned 0% blocks executed 0%
    #####:   77:    forward(typename std::remove_reference<_Tp>::type& __t) noexcept
    #####:   78:    { return static_cast<_Tp&&>(__t); }
    %%%%%:   78-block  0
------------------
_ZSt7forwardIPN6rclcpp15node_interfaces17NodeBaseInterfaceEEOT_RNSt16remove_referenceIS4_E4typeE:
function _ZSt7forwardIPN6rclcpp15node_interfaces17NodeBaseInterfaceEEOT_RNSt16remove_referenceIS4_E4typeE called 6 returned 100% blocks executed 100%
        6:   77:    forward(typename std::remove_reference<_Tp>::type& __t) noexcept
        6:   78:    { return static_cast<_Tp&&>(__t); }
        6:   78-block  0
------------------
_ZSt7forwardIRZN6rclcpp24create_publisher_factoryIN11sensor_msgs3msg6Image_ISaIvEEES5_NS0_9PublisherIS6_S5_EEEENS0_16PublisherFactoryERKNS0_29PublisherOptionsWithAllocatorIT0_EEEUlPNS0_15node_interfaces17NodeBaseInterfaceERKNSt7__cxx1112basic_stringIcSt11char_traitsIcESaIcEEERKNS0_3QoSEE_EOT_RNSt16remove_referenceISV_E4typeE:
function _ZSt7forwardIRZN6rclcpp24create_publisher_factoryIN11sensor_msgs3msg6Image_ISaIvEEES5_NS0_9PublisherIS6_S5_EEEENS0_16PublisherFactoryERKNS0_29PublisherOptionsWithAllocatorIT0_EEEUlPNS0_15node_interfaces17NodeBaseInterfaceERKNSt7__cxx1112basic_stringIcSt11char_traitsIcESaIcEEERKNS0_3QoSEE_EOT_RNSt16remove_referenceISV_E4typeE called 2 returned 100% blocks executed 100%
        2:   77:    forward(typename std::remove_reference<_Tp>::type& __t) noexcept
        2:   78:    { return static_cast<_Tp&&>(__t); }
        2:   78-block  0
------------------
_ZSt7forwardIRZN6rclcpp24create_publisher_factoryIN11sensor_msgs3msg11CameraInfo_ISaIvEEES5_NS0_9PublisherIS6_S5_EEEENS0_16PublisherFactoryERKNS0_29PublisherOptionsWithAllocatorIT0_EEEUlPNS0_15node_interfaces17NodeBaseInterfaceERKNSt7__cxx1112basic_stringIcSt11char_traitsIcESaIcEEERKNS0_3QoSEE_EOT_RNSt16remove_referenceISV_E4typeE:
function _ZSt7forwardIRZN6rclcpp24create_publisher_factoryIN11sensor_msgs3msg11CameraInfo_ISaIvEEES5_NS0_9PublisherIS6_S5_EEEENS0_16PublisherFactoryERKNS0_29PublisherOptionsWithAllocatorIT0_EEEUlPNS0_15node_interfaces17NodeBaseInterfaceERKNSt7__cxx1112basic_stringIcSt11char_traitsIcESaIcEEERKNS0_3QoSEE_EOT_RNSt16remove_referenceISV_E4typeE called 2 returned 100% blocks executed 100%
        2:   77:    forward(typename std::remove_reference<_Tp>::type& __t) noexcept
        2:   78:    { return static_cast<_Tp&&>(__t); }
        2:   78-block  0
------------------
_ZSt7forwardISt14default_deleteIN11sensor_msgs3msg11CameraInfo_ISaIvEEEEEOT_RNSt16remove_referenceIS7_E4typeE:
function _ZSt7forwardISt14default_deleteIN11sensor_msgs3msg11CameraInfo_ISaIvEEEEEOT_RNSt16remove_referenceIS7_E4typeE called 0 returned 0% blocks executed 0%
    #####:   77:    forward(typename std::remove_reference<_Tp>::type& __t) noexcept
    #####:   78:    { return static_cast<_Tp&&>(__t); }
    %%%%%:   78-block  0
------------------
_ZSt7forwardIRK26rcl_publisher_event_type_eEOT_RNSt16remove_referenceIS3_E4typeE:
function _ZSt7forwardIRK26rcl_publisher_event_type_eEOT_RNSt16remove_referenceIS3_E4typeE called 18 returned 100% blocks executed 100%
       18:   77:    forward(typename std::remove_reference<_Tp>::type& __t) noexcept
       18:   78:    { return static_cast<_Tp&&>(__t); }
       18:   78-block  0
------------------
_ZSt7forwardIRKZN6rclcpp24create_publisher_factoryIN11sensor_msgs3msg6Image_ISaIvEEES5_NS0_9PublisherIS6_S5_EEEENS0_16PublisherFactoryERKNS0_29PublisherOptionsWithAllocatorIT0_EEEUlPNS0_15node_interfaces17NodeBaseInterfaceERKNSt7__cxx1112basic_stringIcSt11char_traitsIcESaIcEEERKNS0_3QoSEE_EOT_RNSt16remove_referenceISW_E4typeE:
function _ZSt7forwardIRKZN6rclcpp24create_publisher_factoryIN11sensor_msgs3msg6Image_ISaIvEEES5_NS0_9PublisherIS6_S5_EEEENS0_16PublisherFactoryERKNS0_29PublisherOptionsWithAllocatorIT0_EEEUlPNS0_15node_interfaces17NodeBaseInterfaceERKNSt7__cxx1112basic_stringIcSt11char_traitsIcESaIcEEERKNS0_3QoSEE_EOT_RNSt16remove_referenceISW_E4typeE called 0 returned 0% blocks executed 0%
    #####:   77:    forward(typename std::remove_reference<_Tp>::type& __t) noexcept
    #####:   78:    { return static_cast<_Tp&&>(__t); }
    %%%%%:   78-block  0
------------------
_ZSt7forwardIRKZN6rclcpp24create_publisher_factoryIN11sensor_msgs3msg11CameraInfo_ISaIvEEES5_NS0_9PublisherIS6_S5_EEEENS0_16PublisherFactoryERKNS0_29PublisherOptionsWithAllocatorIT0_EEEUlPNS0_15node_interfaces17NodeBaseInterfaceERKNSt7__cxx1112basic_stringIcSt11char_traitsIcESaIcEEERKNS0_3QoSEE_EOT_RNSt16remove_referenceISW_E4typeE:
function _ZSt7forwardIRKZN6rclcpp24create_publisher_factoryIN11sensor_msgs3msg11CameraInfo_ISaIvEEES5_NS0_9PublisherIS6_S5_EEEENS0_16PublisherFactoryERKNS0_29PublisherOptionsWithAllocatorIT0_EEEUlPNS0_15node_interfaces17NodeBaseInterfaceERKNSt7__cxx1112basic_stringIcSt11char_traitsIcESaIcEEERKNS0_3QoSEE_EOT_RNSt16remove_referenceISW_E4typeE called 0 returned 0% blocks executed 0%
    #####:   77:    forward(typename std::remove_reference<_Tp>::type& __t) noexcept
    #####:   78:    { return static_cast<_Tp&&>(__t); }
    %%%%%:   78-block  0
------------------
_ZSt7forwardIPN11sensor_msgs3msg11CameraInfo_ISaIvEEEEOT_RNSt16remove_referenceIS6_E4typeE:
function _ZSt7forwardIPN11sensor_msgs3msg11CameraInfo_ISaIvEEEEOT_RNSt16remove_referenceIS6_E4typeE called 0 returned 0% blocks executed 0%
    #####:   77:    forward(typename std::remove_reference<_Tp>::type& __t) noexcept
    #####:   78:    { return static_cast<_Tp&&>(__t); }
    %%%%%:   78-block  0
------------------
_ZSt7forwardIRKSt21piecewise_construct_tEOT_RNSt16remove_referenceIS3_E4typeE:
function _ZSt7forwardIRKSt21piecewise_construct_tEOT_RNSt16remove_referenceIS3_E4typeE called 0 returned 0% blocks executed 0%
    #####:   77:    forward(typename std::remove_reference<_Tp>::type& __t) noexcept
    #####:   78:    { return static_cast<_Tp&&>(__t); }
    %%%%%:   78-block  0
------------------
_ZSt7forwardIiEOT_RNSt16remove_referenceIS0_E4typeE:
function _ZSt7forwardIiEOT_RNSt16remove_referenceIS0_E4typeE called 0 returned 0% blocks executed 0%
    #####:   77:    forward(typename std::remove_reference<_Tp>::type& __t) noexcept
    #####:   78:    { return static_cast<_Tp&&>(__t); }
    %%%%%:   78-block  0
------------------
_ZSt7forwardIbEOT_RNSt16remove_referenceIS0_E4typeE:
function _ZSt7forwardIbEOT_RNSt16remove_referenceIS0_E4typeE called 2 returned 100% blocks executed 100%
        2:   77:    forward(typename std::remove_reference<_Tp>::type& __t) noexcept
        2:   78:    { return static_cast<_Tp&&>(__t); }
        2:   78-block  0
------------------
_ZSt7forwardImEOT_RNSt16remove_referenceIS0_E4typeE:
function _ZSt7forwardImEOT_RNSt16remove_referenceIS0_E4typeE called 0 returned 0% blocks executed 0%
    #####:   77:    forward(typename std::remove_reference<_Tp>::type& __t) noexcept
    #####:   78:    { return static_cast<_Tp&&>(__t); }
    %%%%%:   78-block  0
------------------
_ZSt7forwardIRZN6rclcpp19QOSEventHandlerBase21set_on_ready_callbackESt8functionIFvmiEEEUlmE_EOT_RNSt16remove_referenceIS7_E4typeE:
function _ZSt7forwardIRZN6rclcpp19QOSEventHandlerBase21set_on_ready_callbackESt8functionIFvmiEEEUlmE_EOT_RNSt16remove_referenceIS7_E4typeE called 0 returned 0% blocks executed 0%
    #####:   77:    forward(typename std::remove_reference<_Tp>::type& __t) noexcept
    #####:   78:    { return static_cast<_Tp&&>(__t); }
    %%%%%:   78-block  0
------------------
_ZSt7forwardIRKNSt7__cxx1112basic_stringIcSt11char_traitsIcESaIcEEEEOT_RNSt16remove_referenceIS8_E4typeE:
function _ZSt7forwardIRKNSt7__cxx1112basic_stringIcSt11char_traitsIcESaIcEEEEOT_RNSt16remove_referenceIS8_E4typeE called 22 returned 100% blocks executed 100%
       22:   77:    forward(typename std::remove_reference<_Tp>::type& __t) noexcept
       22:   78:    { return static_cast<_Tp&&>(__t); }
       22:   78-block  0
------------------
_ZSt7forwardIM10usb_cameraFvvEEOT_RNSt16remove_referenceIS3_E4typeE:
function _ZSt7forwardIM10usb_cameraFvvEEOT_RNSt16remove_referenceIS3_E4typeE called 1 returned 100% blocks executed 100%
        1:   77:    forward(typename std::remove_reference<_Tp>::type& __t) noexcept
        1:   78:    { return static_cast<_Tp&&>(__t); }
        1:   78-block  0
------------------
_ZSt7forwardIP10usb_cameraEOT_RNSt16remove_referenceIS2_E4typeE:
function _ZSt7forwardIP10usb_cameraEOT_RNSt16remove_referenceIS2_E4typeE called 5 returned 100% blocks executed 100%
        5:   77:    forward(typename std::remove_reference<_Tp>::type& __t) noexcept
        5:   78:    { return static_cast<_Tp&&>(__t); }
        5:   78-block  0
------------------
_ZSt7forwardIRdEOT_RNSt16remove_referenceIS1_E4typeE:
function _ZSt7forwardIRdEOT_RNSt16remove_referenceIS1_E4typeE called 2176 returned 100% blocks executed 100%
     2176:   77:    forward(typename std::remove_reference<_Tp>::type& __t) noexcept
     2176:   78:    { return static_cast<_Tp&&>(__t); }
     2176:   78-block  0
------------------
_ZSt7forwardISt5tupleIJRKSt10type_indexEEEOT_RNSt16remove_referenceIS5_E4typeE:
function _ZSt7forwardISt5tupleIJRKSt10type_indexEEEOT_RNSt16remove_referenceIS5_E4typeE called 0 returned 0% blocks executed 0%
    #####:   77:    forward(typename std::remove_reference<_Tp>::type& __t) noexcept
    #####:   78:    { return static_cast<_Tp&&>(__t); }
    %%%%%:   78-block  0
------------------
_ZSt7forwardISt5tupleIJEEEOT_RNSt16remove_referenceIS2_E4typeE:
function _ZSt7forwardISt5tupleIJEEEOT_RNSt16remove_referenceIS2_E4typeE called 0 returned 0% blocks executed 0%
    #####:   77:    forward(typename std::remove_reference<_Tp>::type& __t) noexcept
    #####:   78:    { return static_cast<_Tp&&>(__t); }
    %%%%%:   78-block  0
------------------
_ZSt7forwardIPFvPvEEOT_RNSt16remove_referenceIS3_E4typeE:
function _ZSt7forwardIPFvPvEEOT_RNSt16remove_referenceIS3_E4typeE called 0 returned 0% blocks executed 0%
    #####:   77:    forward(typename std::remove_reference<_Tp>::type& __t) noexcept
    #####:   78:    { return static_cast<_Tp&&>(__t); }
    %%%%%:   78-block  0
------------------
_ZSt7forwardIRKNSt6chrono8durationIlSt5ratioILl1ELl1000000000EEEEEOT_RNSt16remove_referenceIS7_E4typeE:
function _ZSt7forwardIRKNSt6chrono8durationIlSt5ratioILl1ELl1000000000EEEEEOT_RNSt16remove_referenceIS7_E4typeE called 9 returned 100% blocks executed 100%
        9:   77:    forward(typename std::remove_reference<_Tp>::type& __t) noexcept
        9:   78:    { return static_cast<_Tp&&>(__t); }
        9:   78-block  0
------------------
_ZSt7forwardISt5_BindIFM10usb_cameraFvvEPS1_EEEOT_RNSt16remove_referenceIS7_E4typeE:
function _ZSt7forwardISt5_BindIFM10usb_cameraFvvEPS1_EEEOT_RNSt16remove_referenceIS7_E4typeE called 10 returned 100% blocks executed 100%
       10:   77:    forward(typename std::remove_reference<_Tp>::type& __t) noexcept
       10:   78:    { return static_cast<_Tp&&>(__t); }
       10:   78-block  0
------------------
_ZSt7forwardISt10shared_ptrIN6rclcpp7ContextEEEOT_RNSt16remove_referenceIS4_E4typeE:
function _ZSt7forwardISt10shared_ptrIN6rclcpp7ContextEEEOT_RNSt16remove_referenceIS4_E4typeE called 9 returned 100% blocks executed 100%
        9:   77:    forward(typename std::remove_reference<_Tp>::type& __t) noexcept
        9:   78:    { return static_cast<_Tp&&>(__t); }
        9:   78-block  0
------------------
_ZSt7forwardIRKN11sensor_msgs3msg11CameraInfo_ISaIvEEEEOT_RNSt16remove_referenceIS7_E4typeE:
function _ZSt7forwardIRKN11sensor_msgs3msg11CameraInfo_ISaIvEEEEOT_RNSt16remove_referenceIS7_E4typeE called 0 returned 0% blocks executed 0%
    #####:   77:    forward(typename std::remove_reference<_Tp>::type& __t) noexcept
    #####:   78:    { return static_cast<_Tp&&>(__t); }
    %%%%%:   78-block  0
------------------
_ZSt7forwardIRPcEOT_RNSt16remove_referenceIS2_E4typeE:
function _ZSt7forwardIRPcEOT_RNSt16remove_referenceIS2_E4typeE called 0 returned 0% blocks executed 0%
    #####:   77:    forward(typename std::remove_reference<_Tp>::type& __t) noexcept
    #####:   78:    { return static_cast<_Tp&&>(__t); }
    %%%%%:   78-block  0
------------------
_ZSt7forwardIRKSt4pairIK26rcl_publisher_event_type_eSt10shared_ptrIN6rclcpp19QOSEventHandlerBaseEEEEOT_RNSt16remove_referenceISA_E4typeE:
function _ZSt7forwardIRKSt4pairIK26rcl_publisher_event_type_eSt10shared_ptrIN6rclcpp19QOSEventHandlerBaseEEEEOT_RNSt16remove_referenceISA_E4typeE called 0 returned 0% blocks executed 0%
    #####:   77:    forward(typename std::remove_reference<_Tp>::type& __t) noexcept
    #####:   78:    { return static_cast<_Tp&&>(__t); }
    %%%%%:   78-block  0
------------------
_ZSt7forwardISt10shared_ptrIN6rclcpp15QOSEventHandlerISt8functionIFvR36rmw_offered_deadline_missed_status_sEES0_I15rcl_publisher_sEEEEEOT_RNSt16remove_referenceISC_E4typeE:
function _ZSt7forwardISt10shared_ptrIN6rclcpp15QOSEventHandlerISt8functionIFvR36rmw_offered_deadline_missed_status_sEES0_I15rcl_publisher_sEEEEEOT_RNSt16remove_referenceISC_E4typeE called 0 returned 0% blocks executed 0%
    #####:   77:    forward(typename std::remove_reference<_Tp>::type& __t) noexcept
    #####:   78:    { return static_cast<_Tp&&>(__t); }
    %%%%%:   78-block  0
------------------
_ZSt7forwardISt4pairI26rcl_publisher_event_type_eSt10shared_ptrIN6rclcpp15QOSEventHandlerIZNS3_9PublisherIN11sensor_msgs3msg6Image_ISaIvEEES9_EC4EPNS3_15node_interfaces17NodeBaseInterfaceERKNSt7__cxx1112basic_stringIcSt11char_traitsIcESaIcEEERKNS3_3QoSERKNS3_29PublisherOptionsWithAllocatorIS9_EEEUlR35rmw_qos_incompatible_event_status_sE_S2_I15rcl_publisher_sEEEEEEOT_RNSt16remove_referenceIS12_E4typeE:
function _ZSt7forwardISt4pairI26rcl_publisher_event_type_eSt10shared_ptrIN6rclcpp15QOSEventHandlerIZNS3_9PublisherIN11sensor_msgs3msg6Image_ISaIvEEES9_EC4EPNS3_15node_interfaces17NodeBaseInterfaceERKNSt7__cxx1112basic_stringIcSt11char_traitsIcESaIcEEERKNS3_3QoSERKNS3_29PublisherOptionsWithAllocatorIS9_EEEUlR35rmw_qos_incompatible_event_status_sE_S2_I15rcl_publisher_sEEEEEEOT_RNSt16remove_referenceIS12_E4typeE called 7 returned 100% blocks executed 100%
        7:   77:    forward(typename std::remove_reference<_Tp>::type& __t) noexcept
        7:   78:    { return static_cast<_Tp&&>(__t); }
        7:   78-block  0
------------------
_ZSt7forwardIRKZN6rclcpp9PublisherIN11sensor_msgs3msg11CameraInfo_ISaIvEEES5_EC4EPNS0_15node_interfaces17NodeBaseInterfaceERKNSt7__cxx1112basic_stringIcSt11char_traitsIcESaIcEEERKNS0_3QoSERKNS0_29PublisherOptionsWithAllocatorIS5_EEEUlR35rmw_qos_incompatible_event_status_sE_EOT_RNSt16remove_referenceISV_E4typeE:
function _ZSt7forwardIRKZN6rclcpp9PublisherIN11sensor_msgs3msg11CameraInfo_ISaIvEEES5_EC4EPNS0_15node_interfaces17NodeBaseInterfaceERKNSt7__cxx1112basic_stringIcSt11char_traitsIcESaIcEEERKNS0_3QoSERKNS0_29PublisherOptionsWithAllocatorIS5_EEEUlR35rmw_qos_incompatible_event_status_sE_EOT_RNSt16remove_referenceISV_E4typeE called 8 returned 100% blocks executed 100%
        8:   77:    forward(typename std::remove_reference<_Tp>::type& __t) noexcept
        8:   78:    { return static_cast<_Tp&&>(__t); }
        8:   78-block  0
------------------
_ZSt7forwardIRSt10shared_ptrIN6rclcpp15QOSEventHandlerIZNS1_9PublisherIN11sensor_msgs3msg11CameraInfo_ISaIvEEES7_EC4EPNS1_15node_interfaces17NodeBaseInterfaceERKNSt7__cxx1112basic_stringIcSt11char_traitsIcESaIcEEERKNS1_3QoSERKNS1_29PublisherOptionsWithAllocatorIS7_EEEUlR35rmw_qos_incompatible_event_status_sE_S0_I15rcl_publisher_sEEEEEOT_RNSt16remove_referenceIS10_E4typeE:
function _ZSt7forwardIRSt10shared_ptrIN6rclcpp15QOSEventHandlerIZNS1_9PublisherIN11sensor_msgs3msg11CameraInfo_ISaIvEEES7_EC4EPNS1_15node_interfaces17NodeBaseInterfaceERKNSt7__cxx1112basic_stringIcSt11char_traitsIcESaIcEEERKNS1_3QoSERKNS1_29PublisherOptionsWithAllocatorIS7_EEEUlR35rmw_qos_incompatible_event_status_sE_S0_I15rcl_publisher_sEEEEEOT_RNSt16remove_referenceIS10_E4typeE called 2 returned 100% blocks executed 100%
        2:   77:    forward(typename std::remove_reference<_Tp>::type& __t) noexcept
        2:   78:    { return static_cast<_Tp&&>(__t); }
        2:   78-block  0
------------------
_ZSt7forwardISt4pairI26rcl_publisher_event_type_eSt10shared_ptrIN6rclcpp15QOSEventHandlerIZNS3_9PublisherIN11sensor_msgs3msg11CameraInfo_ISaIvEEES9_EC4EPNS3_15node_interfaces17NodeBaseInterfaceERKNSt7__cxx1112basic_stringIcSt11char_traitsIcESaIcEEERKNS3_3QoSERKNS3_29PublisherOptionsWithAllocatorIS9_EEEUlR35rmw_qos_incompatible_event_status_sE_S2_I15rcl_publisher_sEEEEEEOT_RNSt16remove_referenceIS12_E4typeE:
function _ZSt7forwardISt4pairI26rcl_publisher_event_type_eSt10shared_ptrIN6rclcpp15QOSEventHandlerIZNS3_9PublisherIN11sensor_msgs3msg11CameraInfo_ISaIvEEES9_EC4EPNS3_15node_interfaces17NodeBaseInterfaceERKNSt7__cxx1112basic_stringIcSt11char_traitsIcESaIcEEERKNS3_3QoSERKNS3_29PublisherOptionsWithAllocatorIS9_EEEUlR35rmw_qos_incompatible_event_status_sE_S2_I15rcl_publisher_sEEEEEEOT_RNSt16remove_referenceIS12_E4typeE called 7 returned 100% blocks executed 100%
        7:   77:    forward(typename std::remove_reference<_Tp>::type& __t) noexcept
        7:   78:    { return static_cast<_Tp&&>(__t); }
        7:   78-block  0
------------------
_ZSt7forwardIRSaIvEEOT_RNSt16remove_referenceIS2_E4typeE:
function _ZSt7forwardIRSaIvEEOT_RNSt16remove_referenceIS2_E4typeE called 16 returned 100% blocks executed 100%
       16:   77:    forward(typename std::remove_reference<_Tp>::type& __t) noexcept
       16:   78:    { return static_cast<_Tp&&>(__t); }
       16:   78-block  0
------------------
_ZSt7forwardIRSt4pairIK26rcl_publisher_event_type_eSt10shared_ptrIN6rclcpp19QOSEventHandlerBaseEEEEOT_RNSt16remove_referenceIS9_E4typeE:
function _ZSt7forwardIRSt4pairIK26rcl_publisher_event_type_eSt10shared_ptrIN6rclcpp19QOSEventHandlerBaseEEEEOT_RNSt16remove_referenceIS9_E4typeE called 2 returned 100% blocks executed 100%
        2:   77:    forward(typename std::remove_reference<_Tp>::type& __t) noexcept
        2:   78:    { return static_cast<_Tp&&>(__t); }
        2:   78-block  0
------------------
_ZSt7forwardINSt8__detail14_Node_iteratorISt4pairIK26rcl_publisher_event_type_eSt10shared_ptrIN6rclcpp19QOSEventHandlerBaseEEELb0ELb0EEEEOT_RNSt16remove_referenceISB_E4typeE:
function _ZSt7forwardINSt8__detail14_Node_iteratorISt4pairIK26rcl_publisher_event_type_eSt10shared_ptrIN6rclcpp19QOSEventHandlerBaseEEELb0ELb0EEEEOT_RNSt16remove_referenceISB_E4typeE called 0 returned 0% blocks executed 0%
    #####:   77:    forward(typename std::remove_reference<_Tp>::type& __t) noexcept
    #####:   78:    { return static_cast<_Tp&&>(__t); }
    %%%%%:   78-block  0
------------------
_ZSt7forwardIRNSt8__detail14_Node_iteratorISt4pairIK26rcl_publisher_event_type_eSt10shared_ptrIN6rclcpp19QOSEventHandlerBaseEEELb0ELb0EEEEOT_RNSt16remove_referenceISC_E4typeE:
function _ZSt7forwardIRNSt8__detail14_Node_iteratorISt4pairIK26rcl_publisher_event_type_eSt10shared_ptrIN6rclcpp19QOSEventHandlerBaseEEELb0ELb0EEEEOT_RNSt16remove_referenceISC_E4typeE called 2 returned 100% blocks executed 100%
        2:   77:    forward(typename std::remove_reference<_Tp>::type& __t) noexcept
        2:   78:    { return static_cast<_Tp&&>(__t); }
        2:   78-block  0
------------------
_ZSt7forwardI26rcl_publisher_event_type_eEOT_RNSt16remove_referenceIS1_E4typeE:
function _ZSt7forwardI26rcl_publisher_event_type_eEOT_RNSt16remove_referenceIS1_E4typeE called 2 returned 100% blocks executed 100%
        2:   77:    forward(typename std::remove_reference<_Tp>::type& __t) noexcept
        2:   78:    { return static_cast<_Tp&&>(__t); }
        2:   78-block  0
------------------
_ZSt7forwardIRSt10shared_ptrIN6rclcpp15QOSEventHandlerIZNS1_9PublisherIN11sensor_msgs3msg6Image_ISaIvEEES7_EC4EPNS1_15node_interfaces17NodeBaseInterfaceERKNSt7__cxx1112basic_stringIcSt11char_traitsIcESaIcEEERKNS1_3QoSERKNS1_29PublisherOptionsWithAllocatorIS7_EEEUlR35rmw_qos_incompatible_event_status_sE_S0_I15rcl_publisher_sEEEEEOT_RNSt16remove_referenceIS10_E4typeE:
function _ZSt7forwardIRSt10shared_ptrIN6rclcpp15QOSEventHandlerIZNS1_9PublisherIN11sensor_msgs3msg6Image_ISaIvEEES7_EC4EPNS1_15node_interfaces17NodeBaseInterfaceERKNSt7__cxx1112basic_stringIcSt11char_traitsIcESaIcEEERKNS1_3QoSERKNS1_29PublisherOptionsWithAllocatorIS7_EEEUlR35rmw_qos_incompatible_event_status_sE_S0_I15rcl_publisher_sEEEEEOT_RNSt16remove_referenceIS10_E4typeE called 2 returned 100% blocks executed 100%
        2:   77:    forward(typename std::remove_reference<_Tp>::type& __t) noexcept
        2:   78:    { return static_cast<_Tp&&>(__t); }
        2:   78-block  0
------------------
_ZSt7forwardISt10shared_ptrIN6rclcpp15QOSEventHandlerISt8functionIFvR28rmw_liveliness_lost_status_sEES0_I15rcl_publisher_sEEEEEOT_RNSt16remove_referenceISC_E4typeE:
function _ZSt7forwardISt10shared_ptrIN6rclcpp15QOSEventHandlerISt8functionIFvR28rmw_liveliness_lost_status_sEES0_I15rcl_publisher_sEEEEEOT_RNSt16remove_referenceISC_E4typeE called 0 returned 0% blocks executed 0%
    #####:   77:    forward(typename std::remove_reference<_Tp>::type& __t) noexcept
    #####:   78:    { return static_cast<_Tp&&>(__t); }
    %%%%%:   78-block  0
------------------
_ZSt7forwardISt10shared_ptrIN6rclcpp15QOSEventHandlerISt8functionIFvR35rmw_qos_incompatible_event_status_sEES0_I15rcl_publisher_sEEEEEOT_RNSt16remove_referenceISC_E4typeE:
function _ZSt7forwardISt10shared_ptrIN6rclcpp15QOSEventHandlerISt8functionIFvR35rmw_qos_incompatible_event_status_sEES0_I15rcl_publisher_sEEEEEOT_RNSt16remove_referenceISC_E4typeE called 0 returned 0% blocks executed 0%
    #####:   77:    forward(typename std::remove_reference<_Tp>::type& __t) noexcept
    #####:   78:    { return static_cast<_Tp&&>(__t); }
    %%%%%:   78-block  0
------------------
_ZSt7forwardISt10shared_ptrIN6rclcpp15QOSEventHandlerIZNS1_9PublisherIN11sensor_msgs3msg6Image_ISaIvEEES7_EC4EPNS1_15node_interfaces17NodeBaseInterfaceERKNSt7__cxx1112basic_stringIcSt11char_traitsIcESaIcEEERKNS1_3QoSERKNS1_29PublisherOptionsWithAllocatorIS7_EEEUlR35rmw_qos_incompatible_event_status_sE_S0_I15rcl_publisher_sEEEEEOT_RNSt16remove_referenceISZ_E4typeE:
function _ZSt7forwardISt10shared_ptrIN6rclcpp15QOSEventHandlerIZNS1_9PublisherIN11sensor_msgs3msg6Image_ISaIvEEES7_EC4EPNS1_15node_interfaces17NodeBaseInterfaceERKNSt7__cxx1112basic_stringIcSt11char_traitsIcESaIcEEERKNS1_3QoSERKNS1_29PublisherOptionsWithAllocatorIS7_EEEUlR35rmw_qos_incompatible_event_status_sE_S0_I15rcl_publisher_sEEEEEOT_RNSt16remove_referenceISZ_E4typeE called 1 returned 100% blocks executed 100%
        1:   77:    forward(typename std::remove_reference<_Tp>::type& __t) noexcept
        1:   78:    { return static_cast<_Tp&&>(__t); }
        1:   78-block  0
------------------
_ZSt7forwardISt10shared_ptrIN6rclcpp15QOSEventHandlerIZNS1_9PublisherIN11sensor_msgs3msg11CameraInfo_ISaIvEEES7_EC4EPNS1_15node_interfaces17NodeBaseInterfaceERKNSt7__cxx1112basic_stringIcSt11char_traitsIcESaIcEEERKNS1_3QoSERKNS1_29PublisherOptionsWithAllocatorIS7_EEEUlR35rmw_qos_incompatible_event_status_sE_S0_I15rcl_publisher_sEEEEEOT_RNSt16remove_referenceISZ_E4typeE:
function _ZSt7forwardISt10shared_ptrIN6rclcpp15QOSEventHandlerIZNS1_9PublisherIN11sensor_msgs3msg11CameraInfo_ISaIvEEES7_EC4EPNS1_15node_interfaces17NodeBaseInterfaceERKNSt7__cxx1112basic_stringIcSt11char_traitsIcESaIcEEERKNS1_3QoSERKNS1_29PublisherOptionsWithAllocatorIS7_EEEUlR35rmw_qos_incompatible_event_status_sE_S0_I15rcl_publisher_sEEEEEOT_RNSt16remove_referenceISZ_E4typeE called 1 returned 100% blocks executed 100%
        1:   77:    forward(typename std::remove_reference<_Tp>::type& __t) noexcept
        1:   78:    { return static_cast<_Tp&&>(__t); }
        1:   78-block  0
------------------
_ZSt7forwardIR35rmw_qos_incompatible_event_status_sEOT_RNSt16remove_referenceIS2_E4typeE:
function _ZSt7forwardIR35rmw_qos_incompatible_event_status_sEOT_RNSt16remove_referenceIS2_E4typeE called 0 returned 0% blocks executed 0%
    #####:   77:    forward(typename std::remove_reference<_Tp>::type& __t) noexcept
    #####:   78:    { return static_cast<_Tp&&>(__t); }
    %%%%%:   78-block  0
------------------
_ZSt7forwardIR28rmw_liveliness_lost_status_sEOT_RNSt16remove_referenceIS2_E4typeE:
function _ZSt7forwardIR28rmw_liveliness_lost_status_sEOT_RNSt16remove_referenceIS2_E4typeE called 0 returned 0% blocks executed 0%
    #####:   77:    forward(typename std::remove_reference<_Tp>::type& __t) noexcept
    #####:   78:    { return static_cast<_Tp&&>(__t); }
    %%%%%:   78-block  0
------------------
_ZSt7forwardIR36rmw_offered_deadline_missed_status_sEOT_RNSt16remove_referenceIS2_E4typeE:
function _ZSt7forwardIR36rmw_offered_deadline_missed_status_sEOT_RNSt16remove_referenceIS2_E4typeE called 0 returned 0% blocks executed 0%
    #####:   77:    forward(typename std::remove_reference<_Tp>::type& __t) noexcept
    #####:   78:    { return static_cast<_Tp&&>(__t); }
    %%%%%:   78-block  0
------------------
_ZSt7forwardIRP10usb_cameraEOT_RNSt16remove_referenceIS3_E4typeE:
function _ZSt7forwardIRP10usb_cameraEOT_RNSt16remove_referenceIS3_E4typeE called 102 returned 100% blocks executed 100%
      102:   77:    forward(typename std::remove_reference<_Tp>::type& __t) noexcept
      102:   78:    { return static_cast<_Tp&&>(__t); }
      102:   78-block  0
------------------
_ZSt7forwardIRSt10shared_ptrIN6rclcpp15QOSEventHandlerISt8functionIFvR36rmw_offered_deadline_missed_status_sEES0_I15rcl_publisher_sEEEEEOT_RNSt16remove_referenceISD_E4typeE:
function _ZSt7forwardIRSt10shared_ptrIN6rclcpp15QOSEventHandlerISt8functionIFvR36rmw_offered_deadline_missed_status_sEES0_I15rcl_publisher_sEEEEEOT_RNSt16remove_referenceISD_E4typeE called 0 returned 0% blocks executed 0%
    #####:   77:    forward(typename std::remove_reference<_Tp>::type& __t) noexcept
    #####:   78:    { return static_cast<_Tp&&>(__t); }
    %%%%%:   78-block  0
------------------
_ZSt7forwardIRKSt4pairIKmN6rclcpp12experimental19IntraProcessManager21SplittedSubscriptionsEEEOT_RNSt16remove_referenceIS9_E4typeE:
function _ZSt7forwardIRKSt4pairIKmN6rclcpp12experimental19IntraProcessManager21SplittedSubscriptionsEEEOT_RNSt16remove_referenceIS9_E4typeE called 0 returned 0% blocks executed 0%
    #####:   77:    forward(typename std::remove_reference<_Tp>::type& __t) noexcept
    #####:   78:    { return static_cast<_Tp&&>(__t); }
    %%%%%:   78-block  0
------------------
_ZSt7forwardIRKSt4pairIKmSt8weak_ptrIN6rclcpp12experimental28SubscriptionIntraProcessBaseEEEEOT_RNSt16remove_referenceISA_E4typeE:
function _ZSt7forwardIRKSt4pairIKmSt8weak_ptrIN6rclcpp12experimental28SubscriptionIntraProcessBaseEEEEOT_RNSt16remove_referenceISA_E4typeE called 0 returned 0% blocks executed 0%
    #####:   77:    forward(typename std::remove_reference<_Tp>::type& __t) noexcept
    #####:   78:    { return static_cast<_Tp&&>(__t); }
    %%%%%:   78-block  0
------------------
_ZSt7forwardIRKSt4pairIKSt10type_indexSt10shared_ptrIvEEEOT_RNSt16remove_referenceIS8_E4typeE:
function _ZSt7forwardIRKSt4pairIKSt10type_indexSt10shared_ptrIvEEEOT_RNSt16remove_referenceIS8_E4typeE called 0 returned 0% blocks executed 0%
    #####:   77:    forward(typename std::remove_reference<_Tp>::type& __t) noexcept
    #####:   78:    { return static_cast<_Tp&&>(__t); }
    %%%%%:   78-block  0
------------------
_ZSt7forwardI16rcl_clock_type_eEOT_RNSt16remove_referenceIS1_E4typeE:
function _ZSt7forwardI16rcl_clock_type_eEOT_RNSt16remove_referenceIS1_E4typeE called 8 returned 100% blocks executed 100%
        8:   77:    forward(typename std::remove_reference<_Tp>::type& __t) noexcept
        8:   78:    { return static_cast<_Tp&&>(__t); }
        8:   78-block  0
------------------
_ZSt7forwardIRKSt10type_indexEOT_RNSt16remove_referenceIS3_E4typeE:
function _ZSt7forwardIRKSt10type_indexEOT_RNSt16remove_referenceIS3_E4typeE called 0 returned 0% blocks executed 0%
    #####:   77:    forward(typename std::remove_reference<_Tp>::type& __t) noexcept
    #####:   78:    { return static_cast<_Tp&&>(__t); }
    %%%%%:   78-block  0
------------------
_ZSt7forwardIRKSt8functionIFvR36rmw_offered_deadline_missed_status_sEEEOT_RNSt16remove_referenceIS7_E4typeE:
function _ZSt7forwardIRKSt8functionIFvR36rmw_offered_deadline_missed_status_sEEEOT_RNSt16remove_referenceIS7_E4typeE called 0 returned 0% blocks executed 0%
    #####:   77:    forward(typename std::remove_reference<_Tp>::type& __t) noexcept
    #####:   78:    { return static_cast<_Tp&&>(__t); }
    %%%%%:   78-block  0
------------------
_ZSt7forwardIRFiP11rcl_event_sPK15rcl_publisher_s26rcl_publisher_event_type_eEEOT_RNSt16remove_referenceIS8_E4typeE:
function _ZSt7forwardIRFiP11rcl_event_sPK15rcl_publisher_s26rcl_publisher_event_type_eEEOT_RNSt16remove_referenceIS8_E4typeE called 16 returned 100% blocks executed 100%
       16:   77:    forward(typename std::remove_reference<_Tp>::type& __t) noexcept
       16:   78:    { return static_cast<_Tp&&>(__t); }
       16:   78-block  0
------------------
_ZSt7forwardIRSt10shared_ptrI15rcl_publisher_sEEOT_RNSt16remove_referenceIS4_E4typeE:
function _ZSt7forwardIRSt10shared_ptrI15rcl_publisher_sEEOT_RNSt16remove_referenceIS4_E4typeE called 16 returned 100% blocks executed 100%
       16:   77:    forward(typename std::remove_reference<_Tp>::type& __t) noexcept
       16:   78:    { return static_cast<_Tp&&>(__t); }
       16:   78-block  0
------------------
_ZSt7forwardIRM10usb_cameraFvvEEOT_RNSt16remove_referenceIS4_E4typeE:
function _ZSt7forwardIRM10usb_cameraFvvEEOT_RNSt16remove_referenceIS4_E4typeE called 34 returned 100% blocks executed 100%
       34:   77:    forward(typename std::remove_reference<_Tp>::type& __t) noexcept
       34:   78:    { return static_cast<_Tp&&>(__t); }
       34:   78-block  0
------------------
_ZSt7forwardISt4pairI26rcl_publisher_event_type_eSt10shared_ptrIN6rclcpp15QOSEventHandlerISt8functionIFvR36rmw_offered_deadline_missed_status_sEES2_I15rcl_publisher_sEEEEEEOT_RNSt16remove_referenceISF_E4typeE:
function _ZSt7forwardISt4pairI26rcl_publisher_event_type_eSt10shared_ptrIN6rclcpp15QOSEventHandlerISt8functionIFvR36rmw_offered_deadline_missed_status_sEES2_I15rcl_publisher_sEEEEEEOT_RNSt16remove_referenceISF_E4typeE called 0 returned 0% blocks executed 0%
    #####:   77:    forward(typename std::remove_reference<_Tp>::type& __t) noexcept
    #####:   78:    { return static_cast<_Tp&&>(__t); }
    %%%%%:   78-block  0
------------------
_ZSt7forwardIRKSt8functionIFvR28rmw_liveliness_lost_status_sEEEOT_RNSt16remove_referenceIS7_E4typeE:
function _ZSt7forwardIRKSt8functionIFvR28rmw_liveliness_lost_status_sEEEOT_RNSt16remove_referenceIS7_E4typeE called 0 returned 0% blocks executed 0%
    #####:   77:    forward(typename std::remove_reference<_Tp>::type& __t) noexcept
    #####:   78:    { return static_cast<_Tp&&>(__t); }
    %%%%%:   78-block  0
------------------
_ZSt7forwardIRSt10shared_ptrIN6rclcpp15QOSEventHandlerISt8functionIFvR28rmw_liveliness_lost_status_sEES0_I15rcl_publisher_sEEEEEOT_RNSt16remove_referenceISD_E4typeE:
function _ZSt7forwardIRSt10shared_ptrIN6rclcpp15QOSEventHandlerISt8functionIFvR28rmw_liveliness_lost_status_sEES0_I15rcl_publisher_sEEEEEOT_RNSt16remove_referenceISD_E4typeE called 0 returned 0% blocks executed 0%
    #####:   77:    forward(typename std::remove_reference<_Tp>::type& __t) noexcept
    #####:   78:    { return static_cast<_Tp&&>(__t); }
    %%%%%:   78-block  0
------------------
_ZSt7forwardISt4pairI26rcl_publisher_event_type_eSt10shared_ptrIN6rclcpp15QOSEventHandlerISt8functionIFvR28rmw_liveliness_lost_status_sEES2_I15rcl_publisher_sEEEEEEOT_RNSt16remove_referenceISF_E4typeE:
function _ZSt7forwardISt4pairI26rcl_publisher_event_type_eSt10shared_ptrIN6rclcpp15QOSEventHandlerISt8functionIFvR28rmw_liveliness_lost_status_sEES2_I15rcl_publisher_sEEEEEEOT_RNSt16remove_referenceISF_E4typeE called 0 returned 0% blocks executed 0%
    #####:   77:    forward(typename std::remove_reference<_Tp>::type& __t) noexcept
    #####:   78:    { return static_cast<_Tp&&>(__t); }
    %%%%%:   78-block  0
------------------
_ZSt7forwardIRKSt8functionIFvR35rmw_qos_incompatible_event_status_sEEEOT_RNSt16remove_referenceIS7_E4typeE:
function _ZSt7forwardIRKSt8functionIFvR35rmw_qos_incompatible_event_status_sEEEOT_RNSt16remove_referenceIS7_E4typeE called 0 returned 0% blocks executed 0%
    #####:   77:    forward(typename std::remove_reference<_Tp>::type& __t) noexcept
    #####:   78:    { return static_cast<_Tp&&>(__t); }
    %%%%%:   78-block  0
------------------
_ZSt7forwardIRSt10shared_ptrIN6rclcpp15QOSEventHandlerISt8functionIFvR35rmw_qos_incompatible_event_status_sEES0_I15rcl_publisher_sEEEEEOT_RNSt16remove_referenceISD_E4typeE:
function _ZSt7forwardIRSt10shared_ptrIN6rclcpp15QOSEventHandlerISt8functionIFvR35rmw_qos_incompatible_event_status_sEES0_I15rcl_publisher_sEEEEEOT_RNSt16remove_referenceISD_E4typeE called 0 returned 0% blocks executed 0%
    #####:   77:    forward(typename std::remove_reference<_Tp>::type& __t) noexcept
    #####:   78:    { return static_cast<_Tp&&>(__t); }
    %%%%%:   78-block  0
------------------
_ZSt7forwardISt4pairI26rcl_publisher_event_type_eSt10shared_ptrIN6rclcpp15QOSEventHandlerISt8functionIFvR35rmw_qos_incompatible_event_status_sEES2_I15rcl_publisher_sEEEEEEOT_RNSt16remove_referenceISF_E4typeE:
function _ZSt7forwardISt4pairI26rcl_publisher_event_type_eSt10shared_ptrIN6rclcpp15QOSEventHandlerISt8functionIFvR35rmw_qos_incompatible_event_status_sEES2_I15rcl_publisher_sEEEEEEOT_RNSt16remove_referenceISF_E4typeE called 0 returned 0% blocks executed 0%
    #####:   77:    forward(typename std::remove_reference<_Tp>::type& __t) noexcept
    #####:   78:    { return static_cast<_Tp&&>(__t); }
    %%%%%:   78-block  0
------------------
_ZSt7forwardIRKZN6rclcpp9PublisherIN11sensor_msgs3msg6Image_ISaIvEEES5_EC4EPNS0_15node_interfaces17NodeBaseInterfaceERKNSt7__cxx1112basic_stringIcSt11char_traitsIcESaIcEEERKNS0_3QoSERKNS0_29PublisherOptionsWithAllocatorIS5_EEEUlR35rmw_qos_incompatible_event_status_sE_EOT_RNSt16remove_referenceISV_E4typeE:
function _ZSt7forwardIRKZN6rclcpp9PublisherIN11sensor_msgs3msg6Image_ISaIvEEES5_EC4EPNS0_15node_interfaces17NodeBaseInterfaceERKNSt7__cxx1112basic_stringIcSt11char_traitsIcESaIcEEERKNS0_3QoSERKNS0_29PublisherOptionsWithAllocatorIS5_EEEUlR35rmw_qos_incompatible_event_status_sE_EOT_RNSt16remove_referenceISV_E4typeE called 8 returned 100% blocks executed 100%
        8:   77:    forward(typename std::remove_reference<_Tp>::type& __t) noexcept
        8:   78:    { return static_cast<_Tp&&>(__t); }
        8:   78-block  0
------------------
        -:   79:
        -:   80:  /**
        -:   81:   *  @brief  Forward an rvalue.
        -:   82:   *  @return The parameter cast to the specified type.
        -:   83:   *
        -:   84:   *  This function is used to implement "perfect forwarding".
        -:   85:   */
        -:   86:  template<typename _Tp>
        -:   87:    _GLIBCXX_NODISCARD
        -:   88:    constexpr _Tp&&
        -:   89:    forward(typename std::remove_reference<_Tp>::type&& __t) noexcept
        -:   90:    {
        -:   91:      static_assert(!std::is_lvalue_reference<_Tp>::value,
        -:   92:	  "std::forward must not be used to convert an rvalue to an lvalue");
        -:   93:      return static_cast<_Tp&&>(__t);
        -:   94:    }
        -:   95:
        -:   96:  /**
        -:   97:   *  @brief  Convert a value to an rvalue.
        -:   98:   *  @param  __t  A thing of arbitrary type.
        -:   99:   *  @return The parameter cast to an rvalue-reference to allow moving it.
        -:  100:  */
        -:  101:  template<typename _Tp>
        -:  102:    _GLIBCXX_NODISCARD
        -:  103:    constexpr typename std::remove_reference<_Tp>::type&&
     117*:  104:    move(_Tp&& __t) noexcept
     117*:  105:    { return static_cast<typename std::remove_reference<_Tp>::type&&>(__t); }
------------------
_ZSt4moveIRSt9_Any_dataEONSt16remove_referenceIT_E4typeEOS3_:
function _ZSt4moveIRSt9_Any_dataEONSt16remove_referenceIT_E4typeEOS3_ called 0 returned 0% blocks executed 0%
    #####:  104:    move(_Tp&& __t) noexcept
    #####:  105:    { return static_cast<typename std::remove_reference<_Tp>::type&&>(__t); }
    %%%%%:  105-block  0
------------------
_ZSt4moveIRPN6rclcpp9PublisherIN11sensor_msgs3msg11CameraInfo_ISaIvEEES5_EEEONSt16remove_referenceIT_E4typeEOSB_:
function _ZSt4moveIRPN6rclcpp9PublisherIN11sensor_msgs3msg11CameraInfo_ISaIvEEES5_EEEONSt16remove_referenceIT_E4typeEOSB_ called 3 returned 100% blocks executed 100%
        3:  104:    move(_Tp&& __t) noexcept
        3:  105:    { return static_cast<typename std::remove_reference<_Tp>::type&&>(__t); }
        3:  105-block  0
------------------
_ZSt4moveIRPN6rclcpp9PublisherIN11sensor_msgs3msg6Image_ISaIvEEES5_EEEONSt16remove_referenceIT_E4typeEOSB_:
function _ZSt4moveIRPN6rclcpp9PublisherIN11sensor_msgs3msg6Image_ISaIvEEES5_EEEONSt16remove_referenceIT_E4typeEOSB_ called 3 returned 100% blocks executed 100%
        3:  104:    move(_Tp&& __t) noexcept
        3:  105:    { return static_cast<typename std::remove_reference<_Tp>::type&&>(__t); }
        3:  105-block  0
------------------
_ZSt4moveIRSaIdEEONSt16remove_referenceIT_E4typeEOS3_:
function _ZSt4moveIRSaIdEEONSt16remove_referenceIT_E4typeEOS3_ called 2 returned 100% blocks executed 100%
        2:  104:    move(_Tp&& __t) noexcept
        2:  105:    { return static_cast<typename std::remove_reference<_Tp>::type&&>(__t); }
        2:  105-block  0
------------------
_ZSt4moveIRSt5tupleIJPN11sensor_msgs3msg11CameraInfo_ISaIvEEESt14default_deleteIS5_EEEEONSt16remove_referenceIT_E4typeEOSC_:
function _ZSt4moveIRSt5tupleIJPN11sensor_msgs3msg11CameraInfo_ISaIvEEESt14default_deleteIS5_EEEEONSt16remove_referenceIT_E4typeEOSC_ called 0 returned 0% blocks executed 0%
    #####:  104:    move(_Tp&& __t) noexcept
    #####:  105:    { return static_cast<typename std::remove_reference<_Tp>::type&&>(__t); }
    %%%%%:  105-block  0
------------------
_ZSt4moveIRPN11sensor_msgs3msg11CameraInfo_ISaIvEEEEONSt16remove_referenceIT_E4typeEOS8_:
function _ZSt4moveIRPN11sensor_msgs3msg11CameraInfo_ISaIvEEEEONSt16remove_referenceIT_E4typeEOS8_ called 0 returned 0% blocks executed 0%
    #####:  104:    move(_Tp&& __t) noexcept
    #####:  105:    { return static_cast<typename std::remove_reference<_Tp>::type&&>(__t); }
    %%%%%:  105-block  0
------------------
_ZSt4moveIRSt12__shared_ptrIN6rclcpp9WallTimerISt5_BindIFM10usb_cameraFvvEPS4_EELPv0EEELN9__gnu_cxx12_Lock_policyE2EEEONSt16remove_referenceIT_E4typeEOSH_:
function _ZSt4moveIRSt12__shared_ptrIN6rclcpp9WallTimerISt5_BindIFM10usb_cameraFvvEPS4_EELPv0EEELN9__gnu_cxx12_Lock_policyE2EEEONSt16remove_referenceIT_E4typeEOSH_ called 1 returned 100% blocks executed 100%
        1:  104:    move(_Tp&& __t) noexcept
        1:  105:    { return static_cast<typename std::remove_reference<_Tp>::type&&>(__t); }
        1:  105-block  0
------------------
_ZSt4moveIRM10usb_cameraFvvEEONSt16remove_referenceIT_E4typeEOS5_:
function _ZSt4moveIRM10usb_cameraFvvEEONSt16remove_referenceIT_E4typeEOS5_ called 1 returned 100% blocks executed 100%
        1:  104:    move(_Tp&& __t) noexcept
        1:  105:    { return static_cast<typename std::remove_reference<_Tp>::type&&>(__t); }
        1:  105-block  0
------------------
_ZSt4moveIRSt12__shared_ptrIN6rclcpp9PublisherIN11sensor_msgs3msg11CameraInfo_ISaIvEEES6_EELN9__gnu_cxx12_Lock_policyE2EEEONSt16remove_referenceIT_E4typeEOSE_:
function _ZSt4moveIRSt12__shared_ptrIN6rclcpp9PublisherIN11sensor_msgs3msg11CameraInfo_ISaIvEEES6_EELN9__gnu_cxx12_Lock_policyE2EEEONSt16remove_referenceIT_E4typeEOSE_ called 1 returned 100% blocks executed 100%
        1:  104:    move(_Tp&& __t) noexcept
        1:  105:    { return static_cast<typename std::remove_reference<_Tp>::type&&>(__t); }
        1:  105-block  0
------------------
_ZSt4moveIRSt12__shared_ptrIN6rclcpp9PublisherIN11sensor_msgs3msg6Image_ISaIvEEES6_EELN9__gnu_cxx12_Lock_policyE2EEEONSt16remove_referenceIT_E4typeEOSE_:
function _ZSt4moveIRSt12__shared_ptrIN6rclcpp9PublisherIN11sensor_msgs3msg6Image_ISaIvEEES6_EELN9__gnu_cxx12_Lock_policyE2EEEONSt16remove_referenceIT_E4typeEOSE_ called 1 returned 100% blocks executed 100%
        1:  104:    move(_Tp&& __t) noexcept
        1:  105:    { return static_cast<typename std::remove_reference<_Tp>::type&&>(__t); }
        1:  105-block  0
------------------
_ZSt4moveIRPN6rclcpp9TimerBaseEEONSt16remove_referenceIT_E4typeEOS5_:
function _ZSt4moveIRPN6rclcpp9TimerBaseEEONSt16remove_referenceIT_E4typeEOS5_ called 3 returned 100% blocks executed 100%
        3:  104:    move(_Tp&& __t) noexcept
        3:  105:    { return static_cast<typename std::remove_reference<_Tp>::type&&>(__t); }
        3:  105-block  0
------------------
_ZSt4moveIRPFvRKSt9_Any_dataOmEEONSt16remove_referenceIT_E4typeEOS8_:
function _ZSt4moveIRPFvRKSt9_Any_dataOmEEONSt16remove_referenceIT_E4typeEOS8_ called 0 returned 0% blocks executed 0%
    #####:  104:    move(_Tp&& __t) noexcept
    #####:  105:    { return static_cast<typename std::remove_reference<_Tp>::type&&>(__t); }
    %%%%%:  105-block  0
------------------
_ZSt4moveIRPFbRSt9_Any_dataRKS0_St18_Manager_operationEEONSt16remove_referenceIT_E4typeEOS9_:
function _ZSt4moveIRPFbRSt9_Any_dataRKS0_St18_Manager_operationEEONSt16remove_referenceIT_E4typeEOS9_ called 0 returned 0% blocks executed 0%
    #####:  104:    move(_Tp&& __t) noexcept
    #####:  105:    { return static_cast<typename std::remove_reference<_Tp>::type&&>(__t); }
    %%%%%:  105-block  0
------------------
_ZSt4moveIRSt10shared_ptrIN11sensor_msgs3msg11CameraInfo_ISaIvEEEEEONSt16remove_referenceIT_E4typeEOS9_:
function _ZSt4moveIRSt10shared_ptrIN11sensor_msgs3msg11CameraInfo_ISaIvEEEEEONSt16remove_referenceIT_E4typeEOS9_ called 0 returned 0% blocks executed 0%
    #####:  104:    move(_Tp&& __t) noexcept
    #####:  105:    { return static_cast<typename std::remove_reference<_Tp>::type&&>(__t); }
    %%%%%:  105-block  0
------------------
_ZSt4moveIRPcEONSt16remove_referenceIT_E4typeEOS3_:
function _ZSt4moveIRPcEONSt16remove_referenceIT_E4typeEOS3_ called 0 returned 0% blocks executed 0%
    #####:  104:    move(_Tp&& __t) noexcept
    #####:  105:    { return static_cast<typename std::remove_reference<_Tp>::type&&>(__t); }
    %%%%%:  105-block  0
------------------
_ZSt4moveIRPFvPvEEONSt16remove_referenceIT_E4typeEOS5_:
function _ZSt4moveIRPFvPvEEONSt16remove_referenceIT_E4typeEOS5_ called 0 returned 0% blocks executed 0%
    #####:  104:    move(_Tp&& __t) noexcept
    #####:  105:    { return static_cast<typename std::remove_reference<_Tp>::type&&>(__t); }
    %%%%%:  105-block  0
------------------
_ZSt4moveIRSt10unique_ptrIN11sensor_msgs3msg11CameraInfo_ISaIvEEESt14default_deleteIS5_EEEONSt16remove_referenceIT_E4typeEOSB_:
function _ZSt4moveIRSt10unique_ptrIN11sensor_msgs3msg11CameraInfo_ISaIvEEESt14default_deleteIS5_EEEONSt16remove_referenceIT_E4typeEOSB_ called 0 returned 0% blocks executed 0%
    #####:  104:    move(_Tp&& __t) noexcept
    #####:  105:    { return static_cast<typename std::remove_reference<_Tp>::type&&>(__t); }
    %%%%%:  105-block  0
------------------
_ZSt4moveIRPN11sensor_msgs3msg6Image_ISaIvEEEEONSt16remove_referenceIT_E4typeEOS8_:
function _ZSt4moveIRPN11sensor_msgs3msg6Image_ISaIvEEEEONSt16remove_referenceIT_E4typeEOS8_ called 34 returned 100% blocks executed 100%
       34:  104:    move(_Tp&& __t) noexcept
       34:  105:    { return static_cast<typename std::remove_reference<_Tp>::type&&>(__t); }
       34:  105-block  0
------------------
_ZSt4moveIRSt10shared_ptrIN6rclcpp9WallTimerISt5_BindIFM10usb_cameraFvvEPS4_EELPv0EEEEEONSt16remove_referenceIT_E4typeEOSF_:
function _ZSt4moveIRSt10shared_ptrIN6rclcpp9WallTimerISt5_BindIFM10usb_cameraFvvEPS4_EELPv0EEEEEONSt16remove_referenceIT_E4typeEOSF_ called 1 returned 100% blocks executed 100%
        1:  104:    move(_Tp&& __t) noexcept
        1:  105:    { return static_cast<typename std::remove_reference<_Tp>::type&&>(__t); }
        1:  105-block  0
------------------
_ZSt4moveIRSt5_BindIFM10usb_cameraFvvEPS1_EEEONSt16remove_referenceIT_E4typeEOS9_:
function _ZSt4moveIRSt5_BindIFM10usb_cameraFvvEPS1_EEEONSt16remove_referenceIT_E4typeEOS9_ called 3 returned 100% blocks executed 100%
        3:  104:    move(_Tp&& __t) noexcept
        3:  105:    { return static_cast<typename std::remove_reference<_Tp>::type&&>(__t); }
        3:  105-block  0
------------------
_ZSt4moveIRSt10shared_ptrIN6rclcpp9PublisherIN11sensor_msgs3msg11CameraInfo_ISaIvEEES6_EEEEONSt16remove_referenceIT_E4typeEOSC_:
function _ZSt4moveIRSt10shared_ptrIN6rclcpp9PublisherIN11sensor_msgs3msg11CameraInfo_ISaIvEEES6_EEEEONSt16remove_referenceIT_E4typeEOSC_ called 2 returned 100% blocks executed 100%
        2:  104:    move(_Tp&& __t) noexcept
        2:  105:    { return static_cast<typename std::remove_reference<_Tp>::type&&>(__t); }
        2:  105-block  0
------------------
_ZSt4moveIRSt10shared_ptrIN6rclcpp9PublisherIN11sensor_msgs3msg6Image_ISaIvEEES6_EEEEONSt16remove_referenceIT_E4typeEOSC_:
function _ZSt4moveIRSt10shared_ptrIN6rclcpp9PublisherIN11sensor_msgs3msg6Image_ISaIvEEES6_EEEEONSt16remove_referenceIT_E4typeEOSC_ called 2 returned 100% blocks executed 100%
        2:  104:    move(_Tp&& __t) noexcept
        2:  105:    { return static_cast<typename std::remove_reference<_Tp>::type&&>(__t); }
        2:  105-block  0
------------------
_ZSt4moveIRSaIcEEONSt16remove_referenceIT_E4typeEOS3_:
function _ZSt4moveIRSaIcEEONSt16remove_referenceIT_E4typeEOS3_ called 0 returned 0% blocks executed 0%
    #####:  104:    move(_Tp&& __t) noexcept
    #####:  105:    { return static_cast<typename std::remove_reference<_Tp>::type&&>(__t); }
    %%%%%:  105-block  0
------------------
_ZSt4moveIRdEONSt16remove_referenceIT_E4typeEOS2_:
function _ZSt4moveIRdEONSt16remove_referenceIT_E4typeEOS2_ called 34 returned 100% blocks executed 100%
       34:  104:    move(_Tp&& __t) noexcept
       34:  105:    { return static_cast<typename std::remove_reference<_Tp>::type&&>(__t); }
       34:  105-block  0
------------------
_ZSt4moveIRSt6vectorIdSaIdEEEONSt16remove_referenceIT_E4typeEOS5_:
function _ZSt4moveIRSt6vectorIdSaIdEEEONSt16remove_referenceIT_E4typeEOS5_ called 2 returned 100% blocks executed 100%
        2:  104:    move(_Tp&& __t) noexcept
        2:  105:    { return static_cast<typename std::remove_reference<_Tp>::type&&>(__t); }
        2:  105-block  0
------------------
_ZSt4moveIRNSt7__cxx1112basic_stringIcSt11char_traitsIcESaIcEEEEONSt16remove_referenceIT_E4typeEOS8_:
function _ZSt4moveIRNSt7__cxx1112basic_stringIcSt11char_traitsIcESaIcEEEEONSt16remove_referenceIT_E4typeEOS8_ called 0 returned 0% blocks executed 0%
    #####:  104:    move(_Tp&& __t) noexcept
    #####:  105:    { return static_cast<typename std::remove_reference<_Tp>::type&&>(__t); }
    %%%%%:  105-block  0
------------------
_ZSt4moveIRSt10shared_ptrISaIcEEEONSt16remove_referenceIT_E4typeEOS5_:
function _ZSt4moveIRSt10shared_ptrISaIcEEEONSt16remove_referenceIT_E4typeEOS5_ called 2 returned 100% blocks executed 100%
        2:  104:    move(_Tp&& __t) noexcept
        2:  105:    { return static_cast<typename std::remove_reference<_Tp>::type&&>(__t); }
        2:  105-block  0
------------------
_ZSt4moveIRP28rmw_liveliness_lost_status_sEONSt16remove_referenceIT_E4typeEOS4_:
function _ZSt4moveIRP28rmw_liveliness_lost_status_sEONSt16remove_referenceIT_E4typeEOS4_ called 0 returned 0% blocks executed 0%
    #####:  104:    move(_Tp&& __t) noexcept
    #####:  105:    { return static_cast<typename std::remove_reference<_Tp>::type&&>(__t); }
    %%%%%:  105-block  0
------------------
_ZSt4moveIRP35rmw_qos_incompatible_event_status_sEONSt16remove_referenceIT_E4typeEOS4_:
function _ZSt4moveIRP35rmw_qos_incompatible_event_status_sEONSt16remove_referenceIT_E4typeEOS4_ called 0 returned 0% blocks executed 0%
    #####:  104:    move(_Tp&& __t) noexcept
    #####:  105:    { return static_cast<typename std::remove_reference<_Tp>::type&&>(__t); }
    %%%%%:  105-block  0
------------------
_ZSt4moveIRP18rcl_node_options_sEONSt16remove_referenceIT_E4typeEOS4_:
function _ZSt4moveIRP18rcl_node_options_sEONSt16remove_referenceIT_E4typeEOS4_ called 1 returned 100% blocks executed 100%
        1:  104:    move(_Tp&& __t) noexcept
        1:  105:    { return static_cast<typename std::remove_reference<_Tp>::type&&>(__t); }
        1:  105-block  0
------------------
_ZSt4moveIRSt10shared_ptrIN6rclcpp15QOSEventHandlerIZNS1_9PublisherIN11sensor_msgs3msg11CameraInfo_ISaIvEEES7_EC4EPNS1_15node_interfaces17NodeBaseInterfaceERKNSt7__cxx1112basic_stringIcSt11char_traitsIcESaIcEEERKNS1_3QoSERKNS1_29PublisherOptionsWithAllocatorIS7_EEEUlR35rmw_qos_incompatible_event_status_sE_S0_I15rcl_publisher_sEEEEEONSt16remove_referenceIT_E4typeEOS11_:
function _ZSt4moveIRSt10shared_ptrIN6rclcpp15QOSEventHandlerIZNS1_9PublisherIN11sensor_msgs3msg11CameraInfo_ISaIvEEES7_EC4EPNS1_15node_interfaces17NodeBaseInterfaceERKNSt7__cxx1112basic_stringIcSt11char_traitsIcESaIcEEERKNS1_3QoSERKNS1_29PublisherOptionsWithAllocatorIS7_EEEUlR35rmw_qos_incompatible_event_status_sE_S0_I15rcl_publisher_sEEEEEONSt16remove_referenceIT_E4typeEOS11_ called 1 returned 100% blocks executed 100%
        1:  104:    move(_Tp&& __t) noexcept
        1:  105:    { return static_cast<typename std::remove_reference<_Tp>::type&&>(__t); }
        1:  105-block  0
------------------
_ZSt4moveIRSt10shared_ptrIN6rclcpp15QOSEventHandlerIZNS1_9PublisherIN11sensor_msgs3msg6Image_ISaIvEEES7_EC4EPNS1_15node_interfaces17NodeBaseInterfaceERKNSt7__cxx1112basic_stringIcSt11char_traitsIcESaIcEEERKNS1_3QoSERKNS1_29PublisherOptionsWithAllocatorIS7_EEEUlR35rmw_qos_incompatible_event_status_sE_S0_I15rcl_publisher_sEEEEEONSt16remove_referenceIT_E4typeEOS11_:
function _ZSt4moveIRSt10shared_ptrIN6rclcpp15QOSEventHandlerIZNS1_9PublisherIN11sensor_msgs3msg6Image_ISaIvEEES7_EC4EPNS1_15node_interfaces17NodeBaseInterfaceERKNSt7__cxx1112basic_stringIcSt11char_traitsIcESaIcEEERKNS1_3QoSERKNS1_29PublisherOptionsWithAllocatorIS7_EEEUlR35rmw_qos_incompatible_event_status_sE_S0_I15rcl_publisher_sEEEEEONSt16remove_referenceIT_E4typeEOS11_ called 1 returned 100% blocks executed 100%
        1:  104:    move(_Tp&& __t) noexcept
        1:  105:    { return static_cast<typename std::remove_reference<_Tp>::type&&>(__t); }
        1:  105-block  0
------------------
_ZSt4moveIRSt10shared_ptrIN6rclcpp15QOSEventHandlerISt8functionIFvR35rmw_qos_incompatible_event_status_sEES0_I15rcl_publisher_sEEEEEONSt16remove_referenceIT_E4typeEOSE_:
function _ZSt4moveIRSt10shared_ptrIN6rclcpp15QOSEventHandlerISt8functionIFvR35rmw_qos_incompatible_event_status_sEES0_I15rcl_publisher_sEEEEEONSt16remove_referenceIT_E4typeEOSE_ called 0 returned 0% blocks executed 0%
    #####:  104:    move(_Tp&& __t) noexcept
    #####:  105:    { return static_cast<typename std::remove_reference<_Tp>::type&&>(__t); }
    %%%%%:  105-block  0
------------------
_ZSt4moveIRSt10shared_ptrIN6rclcpp15QOSEventHandlerISt8functionIFvR28rmw_liveliness_lost_status_sEES0_I15rcl_publisher_sEEEEEONSt16remove_referenceIT_E4typeEOSE_:
function _ZSt4moveIRSt10shared_ptrIN6rclcpp15QOSEventHandlerISt8functionIFvR28rmw_liveliness_lost_status_sEES0_I15rcl_publisher_sEEEEEONSt16remove_referenceIT_E4typeEOSE_ called 0 returned 0% blocks executed 0%
    #####:  104:    move(_Tp&& __t) noexcept
    #####:  105:    { return static_cast<typename std::remove_reference<_Tp>::type&&>(__t); }
    %%%%%:  105-block  0
------------------
_ZSt4moveIRSt10shared_ptrIN6rclcpp15QOSEventHandlerISt8functionIFvR36rmw_offered_deadline_missed_status_sEES0_I15rcl_publisher_sEEEEEONSt16remove_referenceIT_E4typeEOSE_:
function _ZSt4moveIRSt10shared_ptrIN6rclcpp15QOSEventHandlerISt8functionIFvR36rmw_offered_deadline_missed_status_sEES0_I15rcl_publisher_sEEEEEONSt16remove_referenceIT_E4typeEOSE_ called 0 returned 0% blocks executed 0%
    #####:  104:    move(_Tp&& __t) noexcept
    #####:  105:    { return static_cast<typename std::remove_reference<_Tp>::type&&>(__t); }
    %%%%%:  105-block  0
------------------
_ZSt4moveIRPSaIcEEONSt16remove_referenceIT_E4typeEOS4_:
function _ZSt4moveIRPSaIcEEONSt16remove_referenceIT_E4typeEOS4_ called 6 returned 100% blocks executed 100%
        6:  104:    move(_Tp&& __t) noexcept
        6:  105:    { return static_cast<typename std::remove_reference<_Tp>::type&&>(__t); }
        6:  105-block  0
------------------
_ZSt4moveIRPSaIvEEONSt16remove_referenceIT_E4typeEOS4_:
function _ZSt4moveIRPSaIvEEONSt16remove_referenceIT_E4typeEOS4_ called 6 returned 100% blocks executed 100%
        6:  104:    move(_Tp&& __t) noexcept
        6:  105:    { return static_cast<typename std::remove_reference<_Tp>::type&&>(__t); }
        6:  105-block  0
------------------
_ZSt4moveIRSt12__shared_ptrISaIcELN9__gnu_cxx12_Lock_policyE2EEEONSt16remove_referenceIT_E4typeEOS7_:
function _ZSt4moveIRSt12__shared_ptrISaIcELN9__gnu_cxx12_Lock_policyE2EEEONSt16remove_referenceIT_E4typeEOS7_ called 2 returned 100% blocks executed 100%
        2:  104:    move(_Tp&& __t) noexcept
        2:  105:    { return static_cast<typename std::remove_reference<_Tp>::type&&>(__t); }
        2:  105-block  0
------------------
_ZSt4moveIRSt12__shared_ptrISaIvELN9__gnu_cxx12_Lock_policyE2EEEONSt16remove_referenceIT_E4typeEOS7_:
function _ZSt4moveIRSt12__shared_ptrISaIvELN9__gnu_cxx12_Lock_policyE2EEEONSt16remove_referenceIT_E4typeEOS7_ called 2 returned 100% blocks executed 100%
        2:  104:    move(_Tp&& __t) noexcept
        2:  105:    { return static_cast<typename std::remove_reference<_Tp>::type&&>(__t); }
        2:  105-block  0
------------------
_ZSt4moveIRP36rmw_offered_deadline_missed_status_sEONSt16remove_referenceIT_E4typeEOS4_:
function _ZSt4moveIRP36rmw_offered_deadline_missed_status_sEONSt16remove_referenceIT_E4typeEOS4_ called 0 returned 0% blocks executed 0%
    #####:  104:    move(_Tp&& __t) noexcept
    #####:  105:    { return static_cast<typename std::remove_reference<_Tp>::type&&>(__t); }
    %%%%%:  105-block  0
------------------
_ZSt4moveIRSt10shared_ptrISaIvEEEONSt16remove_referenceIT_E4typeEOS5_:
function _ZSt4moveIRSt10shared_ptrISaIvEEEONSt16remove_referenceIT_E4typeEOS5_ called 2 returned 100% blocks executed 100%
        2:  104:    move(_Tp&& __t) noexcept
        2:  105:    { return static_cast<typename std::remove_reference<_Tp>::type&&>(__t); }
        2:  105-block  0
------------------
_ZSt4moveIRSt10shared_ptrIN6rclcpp7ContextEEEONSt16remove_referenceIT_E4typeEOS6_:
function _ZSt4moveIRSt10shared_ptrIN6rclcpp7ContextEEEONSt16remove_referenceIT_E4typeEOS6_ called 1 returned 100% blocks executed 100%
        1:  104:    move(_Tp&& __t) noexcept
        1:  105:    { return static_cast<typename std::remove_reference<_Tp>::type&&>(__t); }
        1:  105-block  0
------------------
_ZSt4moveIRSt14default_deleteIN11sensor_msgs3msg11CameraInfo_ISaIvEEEEEONSt16remove_referenceIT_E4typeEOS9_:
function _ZSt4moveIRSt14default_deleteIN11sensor_msgs3msg11CameraInfo_ISaIvEEEEEONSt16remove_referenceIT_E4typeEOS9_ called 0 returned 0% blocks executed 0%
    #####:  104:    move(_Tp&& __t) noexcept
    #####:  105:    { return static_cast<typename std::remove_reference<_Tp>::type&&>(__t); }
    %%%%%:  105-block  0
------------------
_ZSt4moveIRSaIvEEONSt16remove_referenceIT_E4typeEOS3_:
function _ZSt4moveIRSaIvEEONSt16remove_referenceIT_E4typeEOS3_ called 0 returned 0% blocks executed 0%
    #####:  104:    move(_Tp&& __t) noexcept
    #####:  105:    { return static_cast<typename std::remove_reference<_Tp>::type&&>(__t); }
    %%%%%:  105-block  0
------------------
_ZSt4moveIRPmEONSt16remove_referenceIT_E4typeEOS3_:
function _ZSt4moveIRPmEONSt16remove_referenceIT_E4typeEOS3_ called 0 returned 0% blocks executed 0%
    #####:  104:    move(_Tp&& __t) noexcept
    #####:  105:    { return static_cast<typename std::remove_reference<_Tp>::type&&>(__t); }
    %%%%%:  105-block  0
------------------
_ZSt4moveIRPN6rclcpp12experimental19IntraProcessManagerEEONSt16remove_referenceIT_E4typeEOS6_:
[...]
        -:  120:   */
        -:  121:  template<typename _Tp>
        -:  122:    _GLIBCXX_NODISCARD
        -:  123:    constexpr typename
        -:  124:    conditional<__move_if_noexcept_cond<_Tp>::value, const _Tp&, _Tp&&>::type
        -:  125:    move_if_noexcept(_Tp& __x) noexcept
        -:  126:    { return std::move(__x); }
        -:  127:
        -:  128:  // declval, from type_traits.
        -:  129:
        -:  130:#if __cplusplus > 201402L
        -:  131:  // _GLIBCXX_RESOLVE_LIB_DEFECTS
        -:  132:  // 2296. std::addressof should be constexpr
        -:  133:# define __cpp_lib_addressof_constexpr 201603
        -:  134:#endif
        -:  135:  /**
        -:  136:   *  @brief Returns the actual address of the object or function
        -:  137:   *         referenced by r, even in the presence of an overloaded
        -:  138:   *         operator&.
        -:  139:   *  @param  __r  Reference to an object or function.
        -:  140:   *  @return   The actual address.
        -:  141:  */
        -:  142:  template<typename _Tp>
        -:  143:    _GLIBCXX_NODISCARD
        -:  144:    inline _GLIBCXX17_CONSTEXPR _Tp*
    #####:  145:    addressof(_Tp& __r) noexcept
    #####:  146:    { return std::__addressof(__r); }
------------------
_ZSt9addressofINSt8__detail10_Hash_nodeISt4pairIKmSt8weak_ptrIN6rclcpp12experimental28SubscriptionIntraProcessBaseEEELb0EEEEPT_RSB_:
function _ZSt9addressofINSt8__detail10_Hash_nodeISt4pairIKmSt8weak_ptrIN6rclcpp12experimental28SubscriptionIntraProcessBaseEEELb0EEEEPT_RSB_ called 0 returned 0% blocks executed 0%
    #####:  145:    addressof(_Tp& __r) noexcept
    #####:  146:    { return std::__addressof(__r); }
    %%%%%:  146-block  0
call    0 never executed
------------------
_ZSt9addressofINSt8__detail10_Hash_nodeISt4pairIKSt10type_indexSt10shared_ptrIvEELb0EEEEPT_RS9_:
function _ZSt9addressofINSt8__detail10_Hash_nodeISt4pairIKSt10type_indexSt10shared_ptrIvEELb0EEEEPT_RS9_ called 0 returned 0% blocks executed 0%
    #####:  145:    addressof(_Tp& __r) noexcept
    #####:  146:    { return std::__addressof(__r); }
    %%%%%:  146-block  0
call    0 never executed
------------------
_ZSt9addressofINSt8__detail10_Hash_nodeISt4pairIK26rcl_publisher_event_type_eSt10shared_ptrIN6rclcpp19QOSEventHandlerBaseEEELb0EEEEPT_RSB_:
function _ZSt9addressofINSt8__detail10_Hash_nodeISt4pairIK26rcl_publisher_event_type_eSt10shared_ptrIN6rclcpp19QOSEventHandlerBaseEEELb0EEEEPT_RSB_ called 0 returned 0% blocks executed 0%
    #####:  145:    addressof(_Tp& __r) noexcept
    #####:  146:    { return std::__addressof(__r); }
    %%%%%:  146-block  0
call    0 never executed
------------------
_ZSt9addressofIPNSt8__detail15_Hash_node_baseEEPT_RS3_:
function _ZSt9addressofIPNSt8__detail15_Hash_node_baseEEPT_RS3_ called 0 returned 0% blocks executed 0%
    #####:  145:    addressof(_Tp& __r) noexcept
    #####:  146:    { return std::__addressof(__r); }
    %%%%%:  146-block  0
call    0 never executed
------------------
        -:  147:
        -:  148:  // _GLIBCXX_RESOLVE_LIB_DEFECTS
        -:  149:  // 2598. addressof works on temporaries
        -:  150:  template<typename _Tp>
        -:  151:    const _Tp* addressof(const _Tp&&) = delete;
        -:  152:
        -:  153:  // C++11 version of std::exchange for internal use.
        -:  154:  template <typename _Tp, typename _Up = _Tp>
        -:  155:    _GLIBCXX20_CONSTEXPR
        -:  156:    inline _Tp
        -:  157:    __exchange(_Tp& __obj, _Up&& __new_val)
        -:  158:    {
        -:  159:      _Tp __old_val = std::move(__obj);
        -:  160:      __obj = std::forward<_Up>(__new_val);
        -:  161:      return __old_val;
        -:  162:    }
        -:  163:
        -:  164:  /// @} group utilities
        -:  165:
        -:  166:#define _GLIBCXX_FWDREF(_Tp) _Tp&&
        -:  167:#define _GLIBCXX_MOVE(__val) std::move(__val)
        -:  168:#define _GLIBCXX_FORWARD(_Tp, __val) std::forward<_Tp>(__val)
        -:  169:#else
        -:  170:#define _GLIBCXX_FWDREF(_Tp) const _Tp&
        -:  171:#define _GLIBCXX_MOVE(__val) (__val)
        -:  172:#define _GLIBCXX_FORWARD(_Tp, __val) (__val)
        -:  173:#endif
        -:  174:
        -:  175:  /**
        -:  176:   *  @addtogroup utilities
        -:  177:   *  @{
        -:  178:   */
        -:  179:
        -:  180:  /**
        -:  181:   *  @brief Swaps two values.
        -:  182:   *  @param  __a  A thing of arbitrary type.
        -:  183:   *  @param  __b  Another thing of arbitrary type.
        -:  184:   *  @return   Nothing.
        -:  185:  */
        -:  186:  template<typename _Tp>
        -:  187:    _GLIBCXX20_CONSTEXPR
        -:  188:    inline
        -:  189:#if __cplusplus >= 201103L
        -:  190:    typename enable_if<__and_<__not_<__is_tuple_like<_Tp>>,
        -:  191:			      is_move_constructible<_Tp>,
        -:  192:			      is_move_assignable<_Tp>>::value>::type
        -:  193:#else
        -:  194:    void
        -:  195:#endif
       7*:  196:    swap(_Tp& __a, _Tp& __b)
        -:  197:    _GLIBCXX_NOEXCEPT_IF(__and_<is_nothrow_move_constructible<_Tp>,
        -:  198:				is_nothrow_move_assignable<_Tp>>::value)
        -:  199:    {
        -:  200:#if __cplusplus < 201103L
        -:  201:      // concept requirements
        -:  202:      __glibcxx_function_requires(_SGIAssignableConcept<_Tp>)
        -:  203:#endif
       7*:  204:      _Tp __tmp = _GLIBCXX_MOVE(__a);
       7*:  205:      __a = _GLIBCXX_MOVE(__b);
       7*:  206:      __b = _GLIBCXX_MOVE(__tmp);
       7*:  207:    }
------------------
_ZSt4swapIP36rmw_offered_deadline_missed_status_sENSt9enable_ifIXsrSt6__and_IJSt6__not_ISt15__is_tuple_likeIT_EESt21is_move_constructibleIS6_ESt18is_move_assignableIS6_EEE5valueEvE4typeERS6_SG_:
function _ZSt4swapIP36rmw_offered_deadline_missed_status_sENSt9enable_ifIXsrSt6__and_IJSt6__not_ISt15__is_tuple_likeIT_EESt21is_move_constructibleIS6_ESt18is_move_assignableIS6_EEE5valueEvE4typeERS6_SG_ called 0 returned 0% blocks executed 0%
    #####:  196:    swap(_Tp& __a, _Tp& __b)
        -:  197:    _GLIBCXX_NOEXCEPT_IF(__and_<is_nothrow_move_constructible<_Tp>,
        -:  198:				is_nothrow_move_assignable<_Tp>>::value)
        -:  199:    {
        -:  200:#if __cplusplus < 201103L
        -:  201:      // concept requirements
        -:  202:      __glibcxx_function_requires(_SGIAssignableConcept<_Tp>)
        -:  203:#endif
    #####:  204:      _Tp __tmp = _GLIBCXX_MOVE(__a);
    %%%%%:  204-block  0
call    0 never executed
    #####:  205:      __a = _GLIBCXX_MOVE(__b);
call    0 never executed
    #####:  206:      __b = _GLIBCXX_MOVE(__tmp);
call    0 never executed
    #####:  207:    }
------------------
_ZSt4swapIP28rmw_liveliness_lost_status_sENSt9enable_ifIXsrSt6__and_IJSt6__not_ISt15__is_tuple_likeIT_EESt21is_move_constructibleIS6_ESt18is_move_assignableIS6_EEE5valueEvE4typeERS6_SG_:
function _ZSt4swapIP28rmw_liveliness_lost_status_sENSt9enable_ifIXsrSt6__and_IJSt6__not_ISt15__is_tuple_likeIT_EESt21is_move_constructibleIS6_ESt18is_move_assignableIS6_EEE5valueEvE4typeERS6_SG_ called 0 returned 0% blocks executed 0%
    #####:  196:    swap(_Tp& __a, _Tp& __b)
        -:  197:    _GLIBCXX_NOEXCEPT_IF(__and_<is_nothrow_move_constructible<_Tp>,
        -:  198:				is_nothrow_move_assignable<_Tp>>::value)
        -:  199:    {
        -:  200:#if __cplusplus < 201103L
        -:  201:      // concept requirements
        -:  202:      __glibcxx_function_requires(_SGIAssignableConcept<_Tp>)
        -:  203:#endif
    #####:  204:      _Tp __tmp = _GLIBCXX_MOVE(__a);
    %%%%%:  204-block  0
call    0 never executed
    #####:  205:      __a = _GLIBCXX_MOVE(__b);
call    0 never executed
    #####:  206:      __b = _GLIBCXX_MOVE(__tmp);
call    0 never executed
    #####:  207:    }
------------------
_ZSt4swapIP35rmw_qos_incompatible_event_status_sENSt9enable_ifIXsrSt6__and_IJSt6__not_ISt15__is_tuple_likeIT_EESt21is_move_constructibleIS6_ESt18is_move_assignableIS6_EEE5valueEvE4typeERS6_SG_:
function _ZSt4swapIP35rmw_qos_incompatible_event_status_sENSt9enable_ifIXsrSt6__and_IJSt6__not_ISt15__is_tuple_likeIT_EESt21is_move_constructibleIS6_ESt18is_move_assignableIS6_EEE5valueEvE4typeERS6_SG_ called 0 returned 0% blocks executed 0%
    #####:  196:    swap(_Tp& __a, _Tp& __b)
        -:  197:    _GLIBCXX_NOEXCEPT_IF(__and_<is_nothrow_move_constructible<_Tp>,
        -:  198:				is_nothrow_move_assignable<_Tp>>::value)
        -:  199:    {
        -:  200:#if __cplusplus < 201103L
        -:  201:      // concept requirements
        -:  202:      __glibcxx_function_requires(_SGIAssignableConcept<_Tp>)
        -:  203:#endif
    #####:  204:      _Tp __tmp = _GLIBCXX_MOVE(__a);
    %%%%%:  204-block  0
call    0 never executed
    #####:  205:      __a = _GLIBCXX_MOVE(__b);
call    0 never executed
    #####:  206:      __b = _GLIBCXX_MOVE(__tmp);
call    0 never executed
    #####:  207:    }
------------------
_ZSt4swapIPSaIcEENSt9enable_ifIXsrSt6__and_IJSt6__not_ISt15__is_tuple_likeIT_EESt21is_move_constructibleIS6_ESt18is_move_assignableIS6_EEE5valueEvE4typeERS6_SG_:
function _ZSt4swapIPSaIcEENSt9enable_ifIXsrSt6__and_IJSt6__not_ISt15__is_tuple_likeIT_EESt21is_move_constructibleIS6_ESt18is_move_assignableIS6_EEE5valueEvE4typeERS6_SG_ called 2 returned 100% blocks executed 100%
        2:  196:    swap(_Tp& __a, _Tp& __b)
        -:  197:    _GLIBCXX_NOEXCEPT_IF(__and_<is_nothrow_move_constructible<_Tp>,
        -:  198:				is_nothrow_move_assignable<_Tp>>::value)
        -:  199:    {
        -:  200:#if __cplusplus < 201103L
        -:  201:      // concept requirements
        -:  202:      __glibcxx_function_requires(_SGIAssignableConcept<_Tp>)
        -:  203:#endif
        2:  204:      _Tp __tmp = _GLIBCXX_MOVE(__a);
        2:  204-block  0
call    0 returned 2
        2:  205:      __a = _GLIBCXX_MOVE(__b);
call    0 returned 2
        2:  206:      __b = _GLIBCXX_MOVE(__tmp);
call    0 returned 2
        2:  207:    }
------------------
_ZSt4swapIPSaIvEENSt9enable_ifIXsrSt6__and_IJSt6__not_ISt15__is_tuple_likeIT_EESt21is_move_constructibleIS6_ESt18is_move_assignableIS6_EEE5valueEvE4typeERS6_SG_:
function _ZSt4swapIPSaIvEENSt9enable_ifIXsrSt6__and_IJSt6__not_ISt15__is_tuple_likeIT_EESt21is_move_constructibleIS6_ESt18is_move_assignableIS6_EEE5valueEvE4typeERS6_SG_ called 2 returned 100% blocks executed 100%
        2:  196:    swap(_Tp& __a, _Tp& __b)
        -:  197:    _GLIBCXX_NOEXCEPT_IF(__and_<is_nothrow_move_constructible<_Tp>,
        -:  198:				is_nothrow_move_assignable<_Tp>>::value)
        -:  199:    {
        -:  200:#if __cplusplus < 201103L
        -:  201:      // concept requirements
        -:  202:      __glibcxx_function_requires(_SGIAssignableConcept<_Tp>)
        -:  203:#endif
        2:  204:      _Tp __tmp = _GLIBCXX_MOVE(__a);
        2:  204-block  0
call    0 returned 2
        2:  205:      __a = _GLIBCXX_MOVE(__b);
call    0 returned 2
        2:  206:      __b = _GLIBCXX_MOVE(__tmp);
call    0 returned 2
        2:  207:    }
------------------
_ZSt4swapIPN6rclcpp12experimental19IntraProcessManagerEENSt9enable_ifIXsrSt6__and_IJSt6__not_ISt15__is_tuple_likeIT_EESt21is_move_constructibleIS8_ESt18is_move_assignableIS8_EEE5valueEvE4typeERS8_SI_:
function _ZSt4swapIPN6rclcpp12experimental19IntraProcessManagerEENSt9enable_ifIXsrSt6__and_IJSt6__not_ISt15__is_tuple_likeIT_EESt21is_move_constructibleIS8_ESt18is_move_assignableIS8_EEE5valueEvE4typeERS8_SI_ called 0 returned 0% blocks executed 0%
    #####:  196:    swap(_Tp& __a, _Tp& __b)
        -:  197:    _GLIBCXX_NOEXCEPT_IF(__and_<is_nothrow_move_constructible<_Tp>,
        -:  198:				is_nothrow_move_assignable<_Tp>>::value)
        -:  199:    {
        -:  200:#if __cplusplus < 201103L
        -:  201:      // concept requirements
        -:  202:      __glibcxx_function_requires(_SGIAssignableConcept<_Tp>)
        -:  203:#endif
    #####:  204:      _Tp __tmp = _GLIBCXX_MOVE(__a);
    %%%%%:  204-block  0
call    0 never executed
    #####:  205:      __a = _GLIBCXX_MOVE(__b);
call    0 never executed
    #####:  206:      __b = _GLIBCXX_MOVE(__tmp);
call    0 never executed
    #####:  207:    }
------------------
_ZSt4swapIPN6rclcpp9PublisherIN11sensor_msgs3msg11CameraInfo_ISaIvEEES5_EEENSt9enable_ifIXsrSt6__and_IJSt6__not_ISt15__is_tuple_likeIT_EESt21is_move_constructibleISD_ESt18is_move_assignableISD_EEE5valueEvE4typeERSD_SN_:
function _ZSt4swapIPN6rclcpp9PublisherIN11sensor_msgs3msg11CameraInfo_ISaIvEEES5_EEENSt9enable_ifIXsrSt6__and_IJSt6__not_ISt15__is_tuple_likeIT_EESt21is_move_constructibleISD_ESt18is_move_assignableISD_EEE5valueEvE4typeERSD_SN_ called 1 returned 100% blocks executed 100%
        1:  196:    swap(_Tp& __a, _Tp& __b)
        -:  197:    _GLIBCXX_NOEXCEPT_IF(__and_<is_nothrow_move_constructible<_Tp>,
        -:  198:				is_nothrow_move_assignable<_Tp>>::value)
        -:  199:    {
        -:  200:#if __cplusplus < 201103L
        -:  201:      // concept requirements
        -:  202:      __glibcxx_function_requires(_SGIAssignableConcept<_Tp>)
        -:  203:#endif
        1:  204:      _Tp __tmp = _GLIBCXX_MOVE(__a);
        1:  204-block  0
call    0 returned 1
        1:  205:      __a = _GLIBCXX_MOVE(__b);
call    0 returned 1
        1:  206:      __b = _GLIBCXX_MOVE(__tmp);
call    0 returned 1
        1:  207:    }
------------------
_ZSt4swapIPN6rclcpp9PublisherIN11sensor_msgs3msg6Image_ISaIvEEES5_EEENSt9enable_ifIXsrSt6__and_IJSt6__not_ISt15__is_tuple_likeIT_EESt21is_move_constructibleISD_ESt18is_move_assignableISD_EEE5valueEvE4typeERSD_SN_:
function _ZSt4swapIPN6rclcpp9PublisherIN11sensor_msgs3msg6Image_ISaIvEEES5_EEENSt9enable_ifIXsrSt6__and_IJSt6__not_ISt15__is_tuple_likeIT_EESt21is_move_constructibleISD_ESt18is_move_assignableISD_EEE5valueEvE4typeERSD_SN_ called 1 returned 100% blocks executed 100%
        1:  196:    swap(_Tp& __a, _Tp& __b)
        -:  197:    _GLIBCXX_NOEXCEPT_IF(__and_<is_nothrow_move_constructible<_Tp>,
        -:  198:				is_nothrow_move_assignable<_Tp>>::value)
        -:  199:    {
        -:  200:#if __cplusplus < 201103L
        -:  201:      // concept requirements
        -:  202:      __glibcxx_function_requires(_SGIAssignableConcept<_Tp>)
        -:  203:#endif
        1:  204:      _Tp __tmp = _GLIBCXX_MOVE(__a);
        1:  204-block  0
call    0 returned 1
        1:  205:      __a = _GLIBCXX_MOVE(__b);
call    0 returned 1
        1:  206:      __b = _GLIBCXX_MOVE(__tmp);
call    0 returned 1
        1:  207:    }
------------------
_ZSt4swapIPN6rclcpp9TimerBaseEENSt9enable_ifIXsrSt6__and_IJSt6__not_ISt15__is_tuple_likeIT_EESt21is_move_constructibleIS7_ESt18is_move_assignableIS7_EEE5valueEvE4typeERS7_SH_:
function _ZSt4swapIPN6rclcpp9TimerBaseEENSt9enable_ifIXsrSt6__and_IJSt6__not_ISt15__is_tuple_likeIT_EESt21is_move_constructibleIS7_ESt18is_move_assignableIS7_EEE5valueEvE4typeERS7_SH_ called 1 returned 100% blocks executed 100%
        1:  196:    swap(_Tp& __a, _Tp& __b)
        -:  197:    _GLIBCXX_NOEXCEPT_IF(__and_<is_nothrow_move_constructible<_Tp>,
        -:  198:				is_nothrow_move_assignable<_Tp>>::value)
        -:  199:    {
        -:  200:#if __cplusplus < 201103L
        -:  201:      // concept requirements
        -:  202:      __glibcxx_function_requires(_SGIAssignableConcept<_Tp>)
        -:  203:#endif
        1:  204:      _Tp __tmp = _GLIBCXX_MOVE(__a);
        1:  204-block  0
call    0 returned 1
        1:  205:      __a = _GLIBCXX_MOVE(__b);
call    0 returned 1
        1:  206:      __b = _GLIBCXX_MOVE(__tmp);
call    0 returned 1
        1:  207:    }
------------------
_ZSt4swapIPFvRKSt9_Any_dataOmEENSt9enable_ifIXsrSt6__and_IJSt6__not_ISt15__is_tuple_likeIT_EESt21is_move_constructibleISA_ESt18is_move_assignableISA_EEE5valueEvE4typeERSA_SK_:
function _ZSt4swapIPFvRKSt9_Any_dataOmEENSt9enable_ifIXsrSt6__and_IJSt6__not_ISt15__is_tuple_likeIT_EESt21is_move_constructibleISA_ESt18is_move_assignableISA_EEE5valueEvE4typeERSA_SK_ called 0 returned 0% blocks executed 0%
    #####:  196:    swap(_Tp& __a, _Tp& __b)
        -:  197:    _GLIBCXX_NOEXCEPT_IF(__and_<is_nothrow_move_constructible<_Tp>,
        -:  198:				is_nothrow_move_assignable<_Tp>>::value)
        -:  199:    {
        -:  200:#if __cplusplus < 201103L
        -:  201:      // concept requirements
        -:  202:      __glibcxx_function_requires(_SGIAssignableConcept<_Tp>)
        -:  203:#endif
    #####:  204:      _Tp __tmp = _GLIBCXX_MOVE(__a);
    %%%%%:  204-block  0
call    0 never executed
    #####:  205:      __a = _GLIBCXX_MOVE(__b);
call    0 never executed
    #####:  206:      __b = _GLIBCXX_MOVE(__tmp);
call    0 never executed
    #####:  207:    }
------------------
_ZSt4swapIPFbRSt9_Any_dataRKS0_St18_Manager_operationEENSt9enable_ifIXsrSt6__and_IJSt6__not_ISt15__is_tuple_likeIT_EESt21is_move_constructibleISB_ESt18is_move_assignableISB_EEE5valueEvE4typeERSB_SL_:
function _ZSt4swapIPFbRSt9_Any_dataRKS0_St18_Manager_operationEENSt9enable_ifIXsrSt6__and_IJSt6__not_ISt15__is_tuple_likeIT_EESt21is_move_constructibleISB_ESt18is_move_assignableISB_EEE5valueEvE4typeERSB_SL_ called 0 returned 0% blocks executed 0%
    #####:  196:    swap(_Tp& __a, _Tp& __b)
        -:  197:    _GLIBCXX_NOEXCEPT_IF(__and_<is_nothrow_move_constructible<_Tp>,
        -:  198:				is_nothrow_move_assignable<_Tp>>::value)
        -:  199:    {
        -:  200:#if __cplusplus < 201103L
        -:  201:      // concept requirements
        -:  202:      __glibcxx_function_requires(_SGIAssignableConcept<_Tp>)
        -:  203:#endif
    #####:  204:      _Tp __tmp = _GLIBCXX_MOVE(__a);
    %%%%%:  204-block  0
call    0 never executed
    #####:  205:      __a = _GLIBCXX_MOVE(__b);
call    0 never executed
    #####:  206:      __b = _GLIBCXX_MOVE(__tmp);
call    0 never executed
    #####:  207:    }
------------------
_ZSt4swapISt9_Any_dataENSt9enable_ifIXsrSt6__and_IJSt6__not_ISt15__is_tuple_likeIT_EESt21is_move_constructibleIS5_ESt18is_move_assignableIS5_EEE5valueEvE4typeERS5_SF_:
function _ZSt4swapISt9_Any_dataENSt9enable_ifIXsrSt6__and_IJSt6__not_ISt15__is_tuple_likeIT_EESt21is_move_constructibleIS5_ESt18is_move_assignableIS5_EEE5valueEvE4typeERS5_SF_ called 0 returned 0% blocks executed 0%
    #####:  196:    swap(_Tp& __a, _Tp& __b)
        -:  197:    _GLIBCXX_NOEXCEPT_IF(__and_<is_nothrow_move_constructible<_Tp>,
        -:  198:				is_nothrow_move_assignable<_Tp>>::value)
        -:  199:    {
        -:  200:#if __cplusplus < 201103L
        -:  201:      // concept requirements
        -:  202:      __glibcxx_function_requires(_SGIAssignableConcept<_Tp>)
        -:  203:#endif
    #####:  204:      _Tp __tmp = _GLIBCXX_MOVE(__a);
    %%%%%:  204-block  0
call    0 never executed
    #####:  205:      __a = _GLIBCXX_MOVE(__b);
call    0 never executed
    #####:  206:      __b = _GLIBCXX_MOVE(__tmp);
call    0 never executed
    #####:  207:    }
------------------
        -:  208:
        -:  209:  // _GLIBCXX_RESOLVE_LIB_DEFECTS
        -:  210:  // DR 809. std::swap should be overloaded for array types.
        -:  211:  /// Swap the contents of two arrays.
        -:  212:  template<typename _Tp, size_t _Nm>
        -:  213:    _GLIBCXX20_CONSTEXPR
        -:  214:    inline
        -:  215:#if __cplusplus >= 201103L
        -:  216:    typename enable_if<__is_swappable<_Tp>::value>::type
        -:  217:#else
        -:  218:    void
        -:  219:#endif
        -:  220:    swap(_Tp (&__a)[_Nm], _Tp (&__b)[_Nm])
        -:  221:    _GLIBCXX_NOEXCEPT_IF(__is_nothrow_swappable<_Tp>::value)
        -:  222:    {
        -:  223:      for (size_t __n = 0; __n < _Nm; ++__n)
        -:  224:	swap(__a[__n], __b[__n]);
        -:  225:    }
        -:  226:
        -:  227:  /// @} group utilities
        -:  228:_GLIBCXX_END_NAMESPACE_VERSION
        -:  229:} // namespace
        -:  230:
        -:  231:#endif /* _MOVE_H */
