-- The C compiler identification is GNU 11.4.0
-- The CXX compiler identification is GNU 11.4.0
-- Detecting C compiler ABI info
-- Detecting C compiler ABI info - done
-- Check for working C compiler: /usr/bin/cc - skipped
-- Detecting C compile features
-- Detecting C compile features - done
-- Detecting CXX compiler ABI info
-- Detecting CXX compiler ABI info - done
-- Check for working CXX compiler: /usr/bin/c++ - skipped
-- Detecting CXX compile features
-- Detecting CXX compile features - done
-- Found ament_cmake_auto: 1.3.11 (/opt/ros/humble/share/ament_cmake_auto/cmake)
-- Found Python3: /usr/bin/python3 (found version "3.10.12") found components: Interpreter 
-- Found rosidl_generator_c: 3.1.6 (/opt/ros/humble/share/rosidl_generator_c/cmake)
-- Found rosidl_adapter: 3.1.6 (/opt/ros/humble/share/rosidl_adapter/cmake)
-- Found rosidl_generator_cpp: 3.1.6 (/opt/ros/humble/share/rosidl_generator_cpp/cmake)
-- Using all available rosidl_typesupport_c: rosidl_typesupport_fastrtps_c;rosidl_typesupport_introspection_c
-- Using all available rosidl_typesupport_cpp: rosidl_typesupport_fastrtps_cpp;rosidl_typesupport_introspection_cpp
-- Found rmw_implementation_cmake: 6.1.2 (/opt/ros/humble/share/rmw_implementation_cmake/cmake)
-- Found rmw_fastrtps_cpp: 6.2.7 (/opt/ros/humble/share/rmw_fastrtps_cpp/cmake)
-- Found OpenSSL: /usr/lib/x86_64-linux-gnu/libcrypto.so (found version "3.0.2")  
-- Found FastRTPS: /opt/ros/humble/include  
-- Using RMW implementation 'rmw_fastrtps_cpp' as default
-- Performing Test CMAKE_HAVE_LIBC_PTHREAD
-- Performing Test CMAKE_HAVE_LIBC_PTHREAD - Success
-- Found Threads: TRUE  
-- Found ament_lint_auto: 0.12.11 (/opt/ros/humble/share/ament_lint_auto/cmake)
-- Added test 'cppcheck' to perform static code analysis on C / C++ code
-- Configured cppcheck include dirs: /home/dcy/ENG/ENG2025/src/hik_camera/include
-- Configured cppcheck exclude dirs and/or files: 
-- Added test 'lint_cmake' to check CMake code style
-- Added test 'uncrustify' to check C / C++ code style
-- Configured uncrustify additional arguments: 
-- Added test 'xmllint' to check XML markup files
-- Configuring done (0.9s)
-- Generating done (0.0s)
-- Build files have been written to: /home/dcy/ENG/ENG2025/src/build/hik_camera
[ 12%] [32mBuilding CXX object CMakeFiles/camera_node.dir/src/camera_node.cpp.o[0m
[ 25%] [32mBuilding CXX object CMakeFiles/camera.dir/rclcpp_components/node_main_camera.cpp.o[0m
[ 37%] [32mBuilding CXX object CMakeFiles/camera_node.dir/src/hik_camera.cpp.o[0m
[ 50%] [32mBuilding CXX object CMakeFiles/camera_component.dir/src/camera_component.cpp.o[0m
[ 62%] [32mBuilding CXX object CMakeFiles/camera_component.dir/src/hik_camera.cpp.o[0m
gmake[2]: *** [CMakeFiles/camera.dir/build.make:76: CMakeFiles/camera.dir/rclcpp_components/node_main_camera.cpp.o] 中断
gmake[2]: *** [CMakeFiles/camera_component.dir/build.make:76: CMakeFiles/camera_component.dir/src/camera_component.cpp.o] 中断
gmake[2]: *** [CMakeFiles/camera_node.dir/build.make:76: CMakeFiles/camera_node.dir/src/camera_node.cpp.o] 中断
gmake[2]: *** [CMakeFiles/camera_node.dir/build.make:90: CMakeFiles/camera_node.dir/src/hik_camera.cpp.o] 中断
gmake[2]: *** wait: 没有子进程。 停止。
gmake[2]: *** 正在等待未完成的任务....
gmake[2]: *** wait: 没有子进程。 停止。
gmake[1]: *** [CMakeFiles/Makefile2:193: CMakeFiles/camera.dir/all] 中断
gmake[1]: *** [CMakeFiles/Makefile2:141: CMakeFiles/camera_node.dir/all] 中断
gmake[1]: *** [CMakeFiles/Makefile2:167：CMakeFiles/camera_component.dir/all] 错误 2
gmake: *** [Makefile:146: all] 中断
